#! /usr/local/iverilog/bin/vvp
:ivl_version "11.0 (devel)" "(s20150603-642-g3bdb50da)";
:ivl_delay_selection "TYPICAL";
:vpi_time_precision - 12;
:vpi_module "system";
:vpi_module "vhdl_sys";
:vpi_module "vhdl_textio";
:vpi_module "v2005_math";
:vpi_module "va_math";
S_0000000000f6c8f0 .scope module, "_____00003aT0" "_____00003aT0" 2 3;
 .timescale -12 -12;
L_0000000000ff7070 .functor BUFZ 8, L_0000000000ff6ba0, C4<00000000>, C4<00000000>, C4<00000000>;
L_0000000000ff71c0 .functor BUFZ 8, L_0000000000ff6900, C4<00000000>, C4<00000000>, C4<00000000>;
L_0000000000ff6f20 .functor BUFZ 8, L_0000000000ff70e0, C4<00000000>, C4<00000000>, C4<00000000>;
v0000000000ff2420_0 .net/s "_00005e_0000600", 7 0, v0000000000ff5a10_0;  1 drivers
v0000000000ff5970_0 .net/s "_00005e_0000601", 7 0, L_0000000000ff6ba0;  1 drivers
v0000000000ff5650_0 .net/s "_00005e_0000602", 7 0, v0000000000ff5f10_0;  1 drivers
v0000000000ff4250_0 .net/s "_00005e_0000603", 7 0, L_0000000000ff6900;  1 drivers
v0000000000ff58d0_0 .net/s "_00005e_0000604", 7 0, v0000000000ff5c90_0;  1 drivers
v0000000000ff5290_0 .net/s "_00005e_0000605", 7 0, L_0000000000ff70e0;  1 drivers
v0000000000ff5790_0 .net/s "a0__0", 7 0, L_0000000000ff7070;  1 drivers
v0000000000ff5330_0 .net/s "a0__1", 7 0, L_0000000000ff6f20;  1 drivers
v0000000000ff42f0_0 .net/s "a1__0", 7 0, L_0000000000ff71c0;  1 drivers
v0000000000ff5d30_0 .var/s "b0__0", 7 0;
v0000000000ff51f0_0 .var/s "b0__1", 7 0;
v0000000000ff49d0_0 .var/s "b1__0", 7 0;
v0000000000ff50b0_0 .var/s "r0__0", 7 0;
v0000000000ff4e30_0 .var/s "r0__1", 7 0;
v0000000000ff4a70_0 .var/s "r1__0", 7 0;
v0000000000ff44d0_0 .var/s "r1__1", 7 0;
v0000000000ff4c50_0 .var/s "w00__0", 7 0;
v0000000000ff4390_0 .var/s "w00__1", 7 0;
v0000000000ff5dd0_0 .var/s "w01__0", 7 0;
v0000000000ff4d90_0 .var/s "w10__0", 7 0;
v0000000000ff4b10_0 .var/s "w10__1", 7 0;
v0000000000ff5e70_0 .var/s "w11__0", 7 0;
v0000000000ff4bb0_0 .var/s "x0", 7 0;
v0000000000ff5510_0 .var/s "x1", 7 0;
v0000000000ff5a10_0 .var/s "z0__0", 7 0;
v0000000000ff5c90_0 .var/s "z0__1", 7 0;
v0000000000ff5f10_0 .var/s "z1__0", 7 0;
S_0000000000f6ca80 .scope module, "func0__0" "_____00003aT0_00003a_00003afunc0__0_00003aT0" 2 32, 3 3 0, S_0000000000f6c8f0;
 .timescale -12 -12;
    .port_info 0 /INPUT 8 "z__value";
    .port_info 1 /OUTPUT 8 "a";
L_0000000000f7dfd0 .functor BUFZ 4, L_0000000000ff4110, C4<0000>, C4<0000>, C4<0000>;
L_0000000000f7e6d0 .functor BUFZ 8, L_0000000000f7eeb0, C4<00000000>, C4<00000000>, C4<00000000>;
L_0000000000f7e740 .functor BUFZ 8, v0000000000f41940_0, C4<00000000>, C4<00000000>, C4<00000000>;
L_0000000000f7e7b0 .functor BUFZ 8, L_0000000000f7e6d0, C4<00000000>, C4<00000000>, C4<00000000>;
L_0000000000f7e820 .functor BUFZ 8, L_0000000000f7e740, C4<00000000>, C4<00000000>, C4<00000000>;
L_0000000000ff6dd0 .functor BUFZ 8, L_0000000000ff4f70, C4<00000000>, C4<00000000>, C4<00000000>;
L_0000000000ff6ba0 .functor BUFZ 8, v0000000000f420c0_0, C4<00000000>, C4<00000000>, C4<00000000>;
v0000000000f411c0_0 .net "_00005e_00006089", 3 0, L_0000000000f7dfd0;  1 drivers
v0000000000f41a80_0 .net/s "_00005e_00006090", 7 0, L_0000000000f7eeb0;  1 drivers
v0000000000f42520_0 .net/s "_00005e_00006091", 7 0, v0000000000f41940_0;  1 drivers
v0000000000f41ee0_0 .net/s "_00005e_00006092", 7 0, L_0000000000f7e7b0;  1 drivers
v0000000000f41300_0 .net/s "_00005e_00006093", 7 0, L_0000000000f7e820;  1 drivers
v0000000000f41b20_0 .net/s "_00005e_00006094", 7 0, L_0000000000ff6dd0;  1 drivers
v0000000000f42ca0_0 .net/s "_00005e_00006095", 7 0, v0000000000f420c0_0;  1 drivers
L_00000000013400d0 .functor BUFT 1, C4<0000>, C4<0>, C4<0>, C4<0>;
v0000000000f41580_0 .net/2u *"_s2", 3 0, L_00000000013400d0;  1 drivers
v0000000000f42de0_0 .net *"_s5", 3 0, L_0000000000ff47f0;  1 drivers
v0000000000f41da0_0 .net/s "a", 7 0, L_0000000000ff6ba0;  alias, 1 drivers
v0000000000f413a0_0 .net "address", 3 0, L_0000000000ff4110;  1 drivers
v0000000000f41620_0 .net/s "base", 7 0, L_0000000000f7e6d0;  1 drivers
v0000000000f41760_0 .net/s "next__data", 7 0, L_0000000000f7e740;  1 drivers
v0000000000f41e40_0 .net/s "remaining", 7 0, L_0000000000ff4f70;  1 drivers
v0000000000f42660_0 .net/s "z__value", 7 0, v0000000000ff5a10_0;  alias, 1 drivers
L_0000000000ff4110 .part v0000000000ff5a10_0, 4, 4;
L_0000000000ff47f0 .part v0000000000ff5a10_0, 0, 4;
L_0000000000ff4f70 .concat [ 4 4 0 0], L_0000000000ff47f0, L_00000000013400d0;
S_0000000000f67210 .scope module, "my__interpolator" "_____00003aT0_00003a_00003afunc0__0_00003aT0_00003a_00003amy__interpolator_00003aT2" 3 20, 4 3 0, S_0000000000f6ca80;
 .timescale -12 -12;
    .port_info 0 /INPUT 8 "base";
    .port_info 1 /INPUT 8 "next__data";
    .port_info 2 /INPUT 8 "remaining";
    .port_info 3 /OUTPUT 8 "interpolated__value";
v0000000000f428e0_0 .var/s "_00003a27_00003a_00003a_00003a24", 7 0;
v0000000000f42840_0 .var/s "_00003a27_00003a_00003a_00003a25", 7 0;
v0000000000f42700_0 .net/s "base", 7 0, L_0000000000f7e7b0;  alias, 1 drivers
v0000000000f420c0_0 .var/s "interpolated__value", 7 0;
v0000000000f41c60_0 .net/s "next__data", 7 0, L_0000000000f7e820;  alias, 1 drivers
v0000000000f418a0_0 .net/s "remaining", 7 0, L_0000000000ff6dd0;  alias, 1 drivers
E_0000000000f881a0 .event edge, v0000000000f41c60_0, v0000000000f42700_0, v0000000000f42840_0, v0000000000f418a0_0;
S_0000000000f673a0 .scope module, "my__lut" "_____00003aT0_00003a_00003afunc0__0_00003aT0_00003a_00003amy__lut_00003aT2" 3 19, 5 3 0, S_0000000000f6ca80;
 .timescale -12 -12;
    .port_info 0 /INPUT 4 "address";
    .port_info 1 /OUTPUT 8 "base";
    .port_info 2 /OUTPUT 8 "next__data";
L_0000000000f7eeb0 .functor BUFZ 8, L_0000000000ff4610, C4<00000000>, C4<00000000>, C4<00000000>;
v0000000000f41d00_0 .net *"_s0", 7 0, L_0000000000ff4610;  1 drivers
v0000000000f42b60_0 .net *"_s2", 5 0, L_0000000000ff46b0;  1 drivers
L_0000000001340088 .functor BUFT 1, C4<00>, C4<0>, C4<0>, C4<0>;
v0000000000f423e0_0 .net *"_s5", 1 0, L_0000000001340088;  1 drivers
v0000000000f41bc0_0 .net "address", 3 0, L_0000000000f7dfd0;  alias, 1 drivers
v0000000000f414e0_0 .net/s "base", 7 0, L_0000000000f7eeb0;  alias, 1 drivers
v0000000000f42c00 .array/s "lut", 15 0, 7 0;
v0000000000f41940_0 .var/s "next__data", 7 0;
v0000000000f42c00_0 .array/port v0000000000f42c00, 0;
v0000000000f42c00_1 .array/port v0000000000f42c00, 1;
v0000000000f42c00_2 .array/port v0000000000f42c00, 2;
E_0000000000f88de0/0 .event edge, v0000000000f41bc0_0, v0000000000f42c00_0, v0000000000f42c00_1, v0000000000f42c00_2;
v0000000000f42c00_3 .array/port v0000000000f42c00, 3;
v0000000000f42c00_4 .array/port v0000000000f42c00, 4;
v0000000000f42c00_5 .array/port v0000000000f42c00, 5;
v0000000000f42c00_6 .array/port v0000000000f42c00, 6;
E_0000000000f88de0/1 .event edge, v0000000000f42c00_3, v0000000000f42c00_4, v0000000000f42c00_5, v0000000000f42c00_6;
v0000000000f42c00_7 .array/port v0000000000f42c00, 7;
v0000000000f42c00_8 .array/port v0000000000f42c00, 8;
v0000000000f42c00_9 .array/port v0000000000f42c00, 9;
v0000000000f42c00_10 .array/port v0000000000f42c00, 10;
E_0000000000f88de0/2 .event edge, v0000000000f42c00_7, v0000000000f42c00_8, v0000000000f42c00_9, v0000000000f42c00_10;
v0000000000f42c00_11 .array/port v0000000000f42c00, 11;
v0000000000f42c00_12 .array/port v0000000000f42c00, 12;
v0000000000f42c00_13 .array/port v0000000000f42c00, 13;
v0000000000f42c00_14 .array/port v0000000000f42c00, 14;
E_0000000000f88de0/3 .event edge, v0000000000f42c00_11, v0000000000f42c00_12, v0000000000f42c00_13, v0000000000f42c00_14;
v0000000000f42c00_15 .array/port v0000000000f42c00, 15;
E_0000000000f88de0/4 .event edge, v0000000000f42c00_15;
E_0000000000f88de0 .event/or E_0000000000f88de0/0, E_0000000000f88de0/1, E_0000000000f88de0/2, E_0000000000f88de0/3, E_0000000000f88de0/4;
L_0000000000ff4610 .array/port v0000000000f42c00, L_0000000000ff46b0;
L_0000000000ff46b0 .concat [ 4 2 0 0], L_0000000000f7dfd0, L_0000000001340088;
S_0000000000f63380 .scope module, "func0__1" "_____00003aT0_00003a_00003afunc0__1_00003aT0" 2 34, 6 3 0, S_0000000000f6c8f0;
 .timescale -12 -12;
    .port_info 0 /INPUT 8 "z__value";
    .port_info 1 /OUTPUT 8 "a";
L_0000000000ff7460 .functor BUFZ 4, L_0000000000ff4ed0, C4<0000>, C4<0000>, C4<0000>;
L_0000000000ff7770 .functor BUFZ 8, L_0000000000ff6e40, C4<00000000>, C4<00000000>, C4<00000000>;
L_0000000000ff69e0 .functor BUFZ 8, v0000000000ff35a0_0, C4<00000000>, C4<00000000>, C4<00000000>;
L_0000000000ff73f0 .functor BUFZ 8, L_0000000000ff7770, C4<00000000>, C4<00000000>, C4<00000000>;
L_0000000000ff7150 .functor BUFZ 8, L_0000000000ff69e0, C4<00000000>, C4<00000000>, C4<00000000>;
L_0000000000ff7690 .functor BUFZ 8, L_0000000000ff53d0, C4<00000000>, C4<00000000>, C4<00000000>;
L_0000000000ff70e0 .functor BUFZ 8, v0000000000f42340_0, C4<00000000>, C4<00000000>, C4<00000000>;
v0000000000ff2880_0 .net "_00005e_00006089", 3 0, L_0000000000ff7460;  1 drivers
v0000000000ff3780_0 .net/s "_00005e_00006090", 7 0, L_0000000000ff6e40;  1 drivers
v0000000000ff24c0_0 .net/s "_00005e_00006091", 7 0, v0000000000ff35a0_0;  1 drivers
v0000000000ff29c0_0 .net/s "_00005e_00006092", 7 0, L_0000000000ff73f0;  1 drivers
v0000000000ff2e20_0 .net/s "_00005e_00006093", 7 0, L_0000000000ff7150;  1 drivers
v0000000000ff3280_0 .net/s "_00005e_00006094", 7 0, L_0000000000ff7690;  1 drivers
v0000000000ff2920_0 .net/s "_00005e_00006095", 7 0, v0000000000f42340_0;  1 drivers
L_00000000013401f0 .functor BUFT 1, C4<0000>, C4<0>, C4<0>, C4<0>;
v0000000000ff26a0_0 .net/2u *"_s2", 3 0, L_00000000013401f0;  1 drivers
v0000000000ff2a60_0 .net *"_s5", 3 0, L_0000000000ff5010;  1 drivers
v0000000000ff3d20_0 .net/s "a", 7 0, L_0000000000ff70e0;  alias, 1 drivers
v0000000000ff3aa0_0 .net "address", 3 0, L_0000000000ff4ed0;  1 drivers
v0000000000ff3f00_0 .net/s "base", 7 0, L_0000000000ff7770;  1 drivers
v0000000000ff3140_0 .net/s "next__data", 7 0, L_0000000000ff69e0;  1 drivers
v0000000000ff2b00_0 .net/s "remaining", 7 0, L_0000000000ff53d0;  1 drivers
v0000000000ff2560_0 .net/s "z__value", 7 0, v0000000000ff5c90_0;  alias, 1 drivers
L_0000000000ff4ed0 .part v0000000000ff5c90_0, 4, 4;
L_0000000000ff5010 .part v0000000000ff5c90_0, 0, 4;
L_0000000000ff53d0 .concat [ 4 4 0 0], L_0000000000ff5010, L_00000000013401f0;
S_0000000000f63510 .scope module, "my__interpolator" "_____00003aT0_00003a_00003afunc0__1_00003aT0_00003a_00003amy__interpolator_00003aT10" 6 20, 7 3 0, S_0000000000f63380;
 .timescale -12 -12;
    .port_info 0 /INPUT 8 "base";
    .port_info 1 /INPUT 8 "next__data";
    .port_info 2 /INPUT 8 "remaining";
    .port_info 3 /OUTPUT 8 "interpolated__value";
v0000000000f42160_0 .var/s "_00003a45_00003a_00003a_00003a42", 7 0;
v0000000000f42200_0 .var/s "_00003a45_00003a_00003a_00003a43", 7 0;
v0000000000f416c0_0 .net/s "base", 7 0, L_0000000000ff73f0;  alias, 1 drivers
v0000000000f42340_0 .var/s "interpolated__value", 7 0;
v0000000000f422a0_0 .net/s "next__data", 7 0, L_0000000000ff7150;  alias, 1 drivers
v0000000000f42480_0 .net/s "remaining", 7 0, L_0000000000ff7690;  alias, 1 drivers
E_0000000000f88e60 .event edge, v0000000000f422a0_0, v0000000000f416c0_0, v0000000000f42200_0, v0000000000f42480_0;
S_0000000000f5c7c0 .scope module, "my__lut" "_____00003aT0_00003a_00003afunc0__1_00003aT0_00003a_00003amy__lut_00003aT10" 6 19, 8 3 0, S_0000000000f63380;
 .timescale -12 -12;
    .port_info 0 /INPUT 4 "address";
    .port_info 1 /OUTPUT 8 "base";
    .port_info 2 /OUTPUT 8 "next__data";
L_0000000000ff6e40 .functor BUFZ 8, L_0000000000ff4930, C4<00000000>, C4<00000000>, C4<00000000>;
v0000000000f425c0_0 .net *"_s0", 7 0, L_0000000000ff4930;  1 drivers
v0000000000ff3a00_0 .net *"_s2", 5 0, L_0000000000ff4cf0;  1 drivers
L_00000000013401a8 .functor BUFT 1, C4<00>, C4<0>, C4<0>, C4<0>;
v0000000000ff3b40_0 .net *"_s5", 1 0, L_00000000013401a8;  1 drivers
v0000000000ff2740_0 .net "address", 3 0, L_0000000000ff7460;  alias, 1 drivers
v0000000000ff2d80_0 .net/s "base", 7 0, L_0000000000ff6e40;  alias, 1 drivers
v0000000000ff3460 .array/s "lut", 15 0, 7 0;
v0000000000ff35a0_0 .var/s "next__data", 7 0;
v0000000000ff3460_0 .array/port v0000000000ff3460, 0;
v0000000000ff3460_1 .array/port v0000000000ff3460, 1;
v0000000000ff3460_2 .array/port v0000000000ff3460, 2;
E_0000000000f884a0/0 .event edge, v0000000000ff2740_0, v0000000000ff3460_0, v0000000000ff3460_1, v0000000000ff3460_2;
v0000000000ff3460_3 .array/port v0000000000ff3460, 3;
v0000000000ff3460_4 .array/port v0000000000ff3460, 4;
v0000000000ff3460_5 .array/port v0000000000ff3460, 5;
v0000000000ff3460_6 .array/port v0000000000ff3460, 6;
E_0000000000f884a0/1 .event edge, v0000000000ff3460_3, v0000000000ff3460_4, v0000000000ff3460_5, v0000000000ff3460_6;
v0000000000ff3460_7 .array/port v0000000000ff3460, 7;
v0000000000ff3460_8 .array/port v0000000000ff3460, 8;
v0000000000ff3460_9 .array/port v0000000000ff3460, 9;
v0000000000ff3460_10 .array/port v0000000000ff3460, 10;
E_0000000000f884a0/2 .event edge, v0000000000ff3460_7, v0000000000ff3460_8, v0000000000ff3460_9, v0000000000ff3460_10;
v0000000000ff3460_11 .array/port v0000000000ff3460, 11;
v0000000000ff3460_12 .array/port v0000000000ff3460, 12;
v0000000000ff3460_13 .array/port v0000000000ff3460, 13;
v0000000000ff3460_14 .array/port v0000000000ff3460, 14;
E_0000000000f884a0/3 .event edge, v0000000000ff3460_11, v0000000000ff3460_12, v0000000000ff3460_13, v0000000000ff3460_14;
v0000000000ff3460_15 .array/port v0000000000ff3460, 15;
E_0000000000f884a0/4 .event edge, v0000000000ff3460_15;
E_0000000000f884a0 .event/or E_0000000000f884a0/0, E_0000000000f884a0/1, E_0000000000f884a0/2, E_0000000000f884a0/3, E_0000000000f884a0/4;
L_0000000000ff4930 .array/port v0000000000ff3460, L_0000000000ff4cf0;
L_0000000000ff4cf0 .concat [ 4 2 0 0], L_0000000000ff7460, L_00000000013401a8;
S_0000000000f5c950 .scope module, "func1__0" "_____00003aT0_00003a_00003afunc1__0_00003aT0" 2 33, 9 3 0, S_0000000000f6c8f0;
 .timescale -12 -12;
    .port_info 0 /INPUT 8 "z__value";
    .port_info 1 /OUTPUT 8 "a";
L_0000000000ff75b0 .functor BUFZ 4, L_0000000000ff4890, C4<0000>, C4<0000>, C4<0000>;
L_0000000000ff6f90 .functor BUFZ 8, L_0000000000ff7620, C4<00000000>, C4<00000000>, C4<00000000>;
L_0000000000ff7000 .functor BUFZ 8, v0000000000ff3c80_0, C4<00000000>, C4<00000000>, C4<00000000>;
L_0000000000ff6970 .functor BUFZ 8, L_0000000000ff6f90, C4<00000000>, C4<00000000>, C4<00000000>;
L_0000000000ff7310 .functor BUFZ 8, L_0000000000ff7000, C4<00000000>, C4<00000000>, C4<00000000>;
L_0000000000ff7380 .functor BUFZ 8, L_0000000000ff4070, C4<00000000>, C4<00000000>, C4<00000000>;
L_0000000000ff6900 .functor BUFZ 8, v0000000000ff2ba0_0, C4<00000000>, C4<00000000>, C4<00000000>;
v0000000000ff36e0_0 .net "_00005e_00006089", 3 0, L_0000000000ff75b0;  1 drivers
v0000000000ff2f60_0 .net/s "_00005e_00006090", 7 0, L_0000000000ff7620;  1 drivers
v0000000000ff3000_0 .net/s "_00005e_00006091", 7 0, v0000000000ff3c80_0;  1 drivers
v0000000000ff2100_0 .net/s "_00005e_00006092", 7 0, L_0000000000ff6970;  1 drivers
v0000000000ff27e0_0 .net/s "_00005e_00006093", 7 0, L_0000000000ff7310;  1 drivers
v0000000000ff21a0_0 .net/s "_00005e_00006094", 7 0, L_0000000000ff7380;  1 drivers
v0000000000ff30a0_0 .net/s "_00005e_00006095", 7 0, v0000000000ff2ba0_0;  1 drivers
L_0000000001340160 .functor BUFT 1, C4<0000>, C4<0>, C4<0>, C4<0>;
v0000000000ff33c0_0 .net/2u *"_s2", 3 0, L_0000000001340160;  1 drivers
v0000000000ff3820_0 .net *"_s5", 3 0, L_0000000000ff5150;  1 drivers
v0000000000ff2240_0 .net/s "a", 7 0, L_0000000000ff6900;  alias, 1 drivers
v0000000000ff38c0_0 .net "address", 3 0, L_0000000000ff4890;  1 drivers
v0000000000ff3960_0 .net/s "base", 7 0, L_0000000000ff6f90;  1 drivers
v0000000000ff2600_0 .net/s "next__data", 7 0, L_0000000000ff7000;  1 drivers
v0000000000ff22e0_0 .net/s "remaining", 7 0, L_0000000000ff4070;  1 drivers
v0000000000ff2380_0 .net/s "z__value", 7 0, v0000000000ff5f10_0;  alias, 1 drivers
L_0000000000ff4890 .part v0000000000ff5f10_0, 4, 4;
L_0000000000ff5150 .part v0000000000ff5f10_0, 0, 4;
L_0000000000ff4070 .concat [ 4 4 0 0], L_0000000000ff5150, L_0000000001340160;
S_0000000000f59f40 .scope module, "my__interpolator" "_____00003aT0_00003a_00003afunc1__0_00003aT0_00003a_00003amy__interpolator_00003aT00" 9 20, 10 3 0, S_0000000000f5c950;
 .timescale -12 -12;
    .port_info 0 /INPUT 8 "base";
    .port_info 1 /INPUT 8 "next__data";
    .port_info 2 /INPUT 8 "remaining";
    .port_info 3 /OUTPUT 8 "interpolated__value";
v0000000000ff3dc0_0 .var/s "_00003a36_00003a_00003a_00003a33", 7 0;
v0000000000ff3500_0 .var/s "_00003a36_00003a_00003a_00003a34", 7 0;
v0000000000ff3be0_0 .net/s "base", 7 0, L_0000000000ff6970;  alias, 1 drivers
v0000000000ff2ba0_0 .var/s "interpolated__value", 7 0;
v0000000000ff3640_0 .net/s "next__data", 7 0, L_0000000000ff7310;  alias, 1 drivers
v0000000000ff2ec0_0 .net/s "remaining", 7 0, L_0000000000ff7380;  alias, 1 drivers
E_0000000000f85d20 .event edge, v0000000000ff3640_0, v0000000000ff3be0_0, v0000000000ff3500_0, v0000000000ff2ec0_0;
S_0000000000f5a0d0 .scope module, "my__lut" "_____00003aT0_00003a_00003afunc1__0_00003aT0_00003a_00003amy__lut_00003aT00" 9 19, 11 3 0, S_0000000000f5c950;
 .timescale -12 -12;
    .port_info 0 /INPUT 4 "address";
    .port_info 1 /OUTPUT 8 "base";
    .port_info 2 /OUTPUT 8 "next__data";
L_0000000000ff7620 .functor BUFZ 8, L_0000000000ff4570, C4<00000000>, C4<00000000>, C4<00000000>;
v0000000000ff3e60_0 .net *"_s0", 7 0, L_0000000000ff4570;  1 drivers
v0000000000ff2c40_0 .net *"_s2", 5 0, L_0000000000ff4750;  1 drivers
L_0000000001340118 .functor BUFT 1, C4<00>, C4<0>, C4<0>, C4<0>;
v0000000000ff31e0_0 .net *"_s5", 1 0, L_0000000001340118;  1 drivers
v0000000000ff2060_0 .net "address", 3 0, L_0000000000ff75b0;  alias, 1 drivers
v0000000000ff3320_0 .net/s "base", 7 0, L_0000000000ff7620;  alias, 1 drivers
v0000000000ff2ce0 .array/s "lut", 15 0, 7 0;
v0000000000ff3c80_0 .var/s "next__data", 7 0;
v0000000000ff2ce0_0 .array/port v0000000000ff2ce0, 0;
v0000000000ff2ce0_1 .array/port v0000000000ff2ce0, 1;
v0000000000ff2ce0_2 .array/port v0000000000ff2ce0, 2;
E_0000000000f85120/0 .event edge, v0000000000ff2060_0, v0000000000ff2ce0_0, v0000000000ff2ce0_1, v0000000000ff2ce0_2;
v0000000000ff2ce0_3 .array/port v0000000000ff2ce0, 3;
v0000000000ff2ce0_4 .array/port v0000000000ff2ce0, 4;
v0000000000ff2ce0_5 .array/port v0000000000ff2ce0, 5;
v0000000000ff2ce0_6 .array/port v0000000000ff2ce0, 6;
E_0000000000f85120/1 .event edge, v0000000000ff2ce0_3, v0000000000ff2ce0_4, v0000000000ff2ce0_5, v0000000000ff2ce0_6;
v0000000000ff2ce0_7 .array/port v0000000000ff2ce0, 7;
v0000000000ff2ce0_8 .array/port v0000000000ff2ce0, 8;
v0000000000ff2ce0_9 .array/port v0000000000ff2ce0, 9;
v0000000000ff2ce0_10 .array/port v0000000000ff2ce0, 10;
E_0000000000f85120/2 .event edge, v0000000000ff2ce0_7, v0000000000ff2ce0_8, v0000000000ff2ce0_9, v0000000000ff2ce0_10;
v0000000000ff2ce0_11 .array/port v0000000000ff2ce0, 11;
v0000000000ff2ce0_12 .array/port v0000000000ff2ce0, 12;
v0000000000ff2ce0_13 .array/port v0000000000ff2ce0, 13;
v0000000000ff2ce0_14 .array/port v0000000000ff2ce0, 14;
E_0000000000f85120/3 .event edge, v0000000000ff2ce0_11, v0000000000ff2ce0_12, v0000000000ff2ce0_13, v0000000000ff2ce0_14;
v0000000000ff2ce0_15 .array/port v0000000000ff2ce0, 15;
E_0000000000f85120/4 .event edge, v0000000000ff2ce0_15;
E_0000000000f85120 .event/or E_0000000000f85120/0, E_0000000000f85120/1, E_0000000000f85120/2, E_0000000000f85120/3, E_0000000000f85120/4;
L_0000000000ff4570 .array/port v0000000000ff2ce0, L_0000000000ff4750;
L_0000000000ff4750 .concat [ 4 2 0 0], L_0000000000ff75b0, L_0000000001340118;
    .scope S_0000000000f673a0;
T_0 ;
    %wait E_0000000000f88de0;
    %load/vec4 v0000000000f41bc0_0;
    %pad/u 32;
    %cmpi/e 15, 0, 32;
    %jmp/0xz  T_0.0, 4;
    %ix/load 4, 0, 0;
    %flag_set/imm 4, 0;
    %load/vec4a v0000000000f42c00, 4;
    %assign/vec4 v0000000000f41940_0, 0;
    %jmp T_0.1;
T_0.0 ;
    %load/vec4 v0000000000f41bc0_0;
    %cmpi/e 7, 0, 4;
    %jmp/0xz  T_0.2, 4;
    %load/vec4 v0000000000f41bc0_0;
    %pad/u 6;
    %ix/vec4 4;
    %load/vec4a v0000000000f42c00, 4;
    %assign/vec4 v0000000000f41940_0, 0;
    %jmp T_0.3;
T_0.2 ;
    %load/vec4 v0000000000f41bc0_0;
    %pad/u 33;
    %addi 1, 0, 33;
    %ix/vec4 4;
    %load/vec4a v0000000000f42c00, 4;
    %assign/vec4 v0000000000f41940_0, 0;
T_0.3 ;
T_0.1 ;
    %jmp T_0;
    .thread T_0, $push;
    .scope S_0000000000f673a0;
T_1 ;
    %pushi/vec4 0, 0, 8;
    %ix/load 4, 0, 0;
    %flag_set/imm 4, 0;
    %store/vec4a v0000000000f42c00, 4, 0;
    %pushi/vec4 12, 0, 8;
    %ix/load 4, 1, 0;
    %flag_set/imm 4, 0;
    %store/vec4a v0000000000f42c00, 4, 0;
    %pushi/vec4 15, 0, 8;
    %ix/load 4, 2, 0;
    %flag_set/imm 4, 0;
    %store/vec4a v0000000000f42c00, 4, 0;
    %pushi/vec4 15, 0, 8;
    %ix/load 4, 3, 0;
    %flag_set/imm 4, 0;
    %store/vec4a v0000000000f42c00, 4, 0;
    %pushi/vec4 15, 0, 8;
    %ix/load 4, 4, 0;
    %flag_set/imm 4, 0;
    %store/vec4a v0000000000f42c00, 4, 0;
    %pushi/vec4 15, 0, 8;
    %ix/load 4, 5, 0;
    %flag_set/imm 4, 0;
    %store/vec4a v0000000000f42c00, 4, 0;
    %pushi/vec4 15, 0, 8;
    %ix/load 4, 6, 0;
    %flag_set/imm 4, 0;
    %store/vec4a v0000000000f42c00, 4, 0;
    %pushi/vec4 15, 0, 8;
    %ix/load 4, 7, 0;
    %flag_set/imm 4, 0;
    %store/vec4a v0000000000f42c00, 4, 0;
    %pushi/vec4 241, 0, 8;
    %ix/load 4, 8, 0;
    %flag_set/imm 4, 0;
    %store/vec4a v0000000000f42c00, 4, 0;
    %pushi/vec4 241, 0, 8;
    %ix/load 4, 9, 0;
    %flag_set/imm 4, 0;
    %store/vec4a v0000000000f42c00, 4, 0;
    %pushi/vec4 241, 0, 8;
    %ix/load 4, 10, 0;
    %flag_set/imm 4, 0;
    %store/vec4a v0000000000f42c00, 4, 0;
    %pushi/vec4 241, 0, 8;
    %ix/load 4, 11, 0;
    %flag_set/imm 4, 0;
    %store/vec4a v0000000000f42c00, 4, 0;
    %pushi/vec4 241, 0, 8;
    %ix/load 4, 12, 0;
    %flag_set/imm 4, 0;
    %store/vec4a v0000000000f42c00, 4, 0;
    %pushi/vec4 241, 0, 8;
    %ix/load 4, 13, 0;
    %flag_set/imm 4, 0;
    %store/vec4a v0000000000f42c00, 4, 0;
    %pushi/vec4 241, 0, 8;
    %ix/load 4, 14, 0;
    %flag_set/imm 4, 0;
    %store/vec4a v0000000000f42c00, 4, 0;
    %pushi/vec4 244, 0, 8;
    %ix/load 4, 15, 0;
    %flag_set/imm 4, 0;
    %store/vec4a v0000000000f42c00, 4, 0;
    %end;
    .thread T_1;
    .scope S_0000000000f67210;
T_2 ;
    %wait E_0000000000f881a0;
    %load/vec4 v0000000000f41c60_0;
    %load/vec4 v0000000000f42700_0;
    %sub;
    %store/vec4 v0000000000f428e0_0, 0, 8;
    %load/vec4 v0000000000f41c60_0;
    %load/vec4 v0000000000f42700_0;
    %sub;
    %store/vec4 v0000000000f42840_0, 0, 8;
    %load/vec4 v0000000000f42700_0;
    %pad/s 12;
    %load/vec4 v0000000000f42840_0;
    %parti/s 1, 7, 4;
    %replicate 4;
    %load/vec4 v0000000000f42840_0;
    %concat/vec4; draw_concat_vec4
    %load/vec4 v0000000000f418a0_0;
    %pad/s 12;
    %mul;
    %ix/load 4, 4, 0;
    %flag_set/imm 4, 0;
    %shiftr 4;
    %add;
    %pad/s 8;
    %store/vec4 v0000000000f420c0_0, 0, 8;
    %jmp T_2;
    .thread T_2, $push;
    .scope S_0000000000f5a0d0;
T_3 ;
    %wait E_0000000000f85120;
    %load/vec4 v0000000000ff2060_0;
    %pad/u 32;
    %cmpi/e 15, 0, 32;
    %jmp/0xz  T_3.0, 4;
    %ix/load 4, 0, 0;
    %flag_set/imm 4, 0;
    %load/vec4a v0000000000ff2ce0, 4;
    %assign/vec4 v0000000000ff3c80_0, 0;
    %jmp T_3.1;
T_3.0 ;
    %load/vec4 v0000000000ff2060_0;
    %cmpi/e 7, 0, 4;
    %jmp/0xz  T_3.2, 4;
    %load/vec4 v0000000000ff2060_0;
    %pad/u 6;
    %ix/vec4 4;
    %load/vec4a v0000000000ff2ce0, 4;
    %assign/vec4 v0000000000ff3c80_0, 0;
    %jmp T_3.3;
T_3.2 ;
    %load/vec4 v0000000000ff2060_0;
    %pad/u 33;
    %addi 1, 0, 33;
    %ix/vec4 4;
    %load/vec4a v0000000000ff2ce0, 4;
    %assign/vec4 v0000000000ff3c80_0, 0;
T_3.3 ;
T_3.1 ;
    %jmp T_3;
    .thread T_3, $push;
    .scope S_0000000000f5a0d0;
T_4 ;
    %pushi/vec4 0, 0, 8;
    %ix/load 4, 0, 0;
    %flag_set/imm 4, 0;
    %store/vec4a v0000000000ff2ce0, 4, 0;
    %pushi/vec4 12, 0, 8;
    %ix/load 4, 1, 0;
    %flag_set/imm 4, 0;
    %store/vec4a v0000000000ff2ce0, 4, 0;
    %pushi/vec4 15, 0, 8;
    %ix/load 4, 2, 0;
    %flag_set/imm 4, 0;
    %store/vec4a v0000000000ff2ce0, 4, 0;
    %pushi/vec4 15, 0, 8;
    %ix/load 4, 3, 0;
    %flag_set/imm 4, 0;
    %store/vec4a v0000000000ff2ce0, 4, 0;
    %pushi/vec4 15, 0, 8;
    %ix/load 4, 4, 0;
    %flag_set/imm 4, 0;
    %store/vec4a v0000000000ff2ce0, 4, 0;
    %pushi/vec4 15, 0, 8;
    %ix/load 4, 5, 0;
    %flag_set/imm 4, 0;
    %store/vec4a v0000000000ff2ce0, 4, 0;
    %pushi/vec4 15, 0, 8;
    %ix/load 4, 6, 0;
    %flag_set/imm 4, 0;
    %store/vec4a v0000000000ff2ce0, 4, 0;
    %pushi/vec4 15, 0, 8;
    %ix/load 4, 7, 0;
    %flag_set/imm 4, 0;
    %store/vec4a v0000000000ff2ce0, 4, 0;
    %pushi/vec4 241, 0, 8;
    %ix/load 4, 8, 0;
    %flag_set/imm 4, 0;
    %store/vec4a v0000000000ff2ce0, 4, 0;
    %pushi/vec4 241, 0, 8;
    %ix/load 4, 9, 0;
    %flag_set/imm 4, 0;
    %store/vec4a v0000000000ff2ce0, 4, 0;
    %pushi/vec4 241, 0, 8;
    %ix/load 4, 10, 0;
    %flag_set/imm 4, 0;
    %store/vec4a v0000000000ff2ce0, 4, 0;
    %pushi/vec4 241, 0, 8;
    %ix/load 4, 11, 0;
    %flag_set/imm 4, 0;
    %store/vec4a v0000000000ff2ce0, 4, 0;
    %pushi/vec4 241, 0, 8;
    %ix/load 4, 12, 0;
    %flag_set/imm 4, 0;
    %store/vec4a v0000000000ff2ce0, 4, 0;
    %pushi/vec4 241, 0, 8;
    %ix/load 4, 13, 0;
    %flag_set/imm 4, 0;
    %store/vec4a v0000000000ff2ce0, 4, 0;
    %pushi/vec4 241, 0, 8;
    %ix/load 4, 14, 0;
    %flag_set/imm 4, 0;
    %store/vec4a v0000000000ff2ce0, 4, 0;
    %pushi/vec4 244, 0, 8;
    %ix/load 4, 15, 0;
    %flag_set/imm 4, 0;
    %store/vec4a v0000000000ff2ce0, 4, 0;
    %end;
    .thread T_4;
    .scope S_0000000000f59f40;
T_5 ;
    %wait E_0000000000f85d20;
    %load/vec4 v0000000000ff3640_0;
    %load/vec4 v0000000000ff3be0_0;
    %sub;
    %store/vec4 v0000000000ff3dc0_0, 0, 8;
    %load/vec4 v0000000000ff3640_0;
    %load/vec4 v0000000000ff3be0_0;
    %sub;
    %store/vec4 v0000000000ff3500_0, 0, 8;
    %load/vec4 v0000000000ff3be0_0;
    %pad/s 12;
    %load/vec4 v0000000000ff3500_0;
    %parti/s 1, 7, 4;
    %replicate 4;
    %load/vec4 v0000000000ff3500_0;
    %concat/vec4; draw_concat_vec4
    %load/vec4 v0000000000ff2ec0_0;
    %pad/s 12;
    %mul;
    %ix/load 4, 4, 0;
    %flag_set/imm 4, 0;
    %shiftr 4;
    %add;
    %pad/s 8;
    %store/vec4 v0000000000ff2ba0_0, 0, 8;
    %jmp T_5;
    .thread T_5, $push;
    .scope S_0000000000f5c7c0;
T_6 ;
    %wait E_0000000000f884a0;
    %load/vec4 v0000000000ff2740_0;
    %pad/u 32;
    %cmpi/e 15, 0, 32;
    %jmp/0xz  T_6.0, 4;
    %ix/load 4, 0, 0;
    %flag_set/imm 4, 0;
    %load/vec4a v0000000000ff3460, 4;
    %assign/vec4 v0000000000ff35a0_0, 0;
    %jmp T_6.1;
T_6.0 ;
    %load/vec4 v0000000000ff2740_0;
    %cmpi/e 7, 0, 4;
    %jmp/0xz  T_6.2, 4;
    %load/vec4 v0000000000ff2740_0;
    %pad/u 6;
    %ix/vec4 4;
    %load/vec4a v0000000000ff3460, 4;
    %assign/vec4 v0000000000ff35a0_0, 0;
    %jmp T_6.3;
T_6.2 ;
    %load/vec4 v0000000000ff2740_0;
    %pad/u 33;
    %addi 1, 0, 33;
    %ix/vec4 4;
    %load/vec4a v0000000000ff3460, 4;
    %assign/vec4 v0000000000ff35a0_0, 0;
T_6.3 ;
T_6.1 ;
    %jmp T_6;
    .thread T_6, $push;
    .scope S_0000000000f5c7c0;
T_7 ;
    %pushi/vec4 0, 0, 8;
    %ix/load 4, 0, 0;
    %flag_set/imm 4, 0;
    %store/vec4a v0000000000ff3460, 4, 0;
    %pushi/vec4 12, 0, 8;
    %ix/load 4, 1, 0;
    %flag_set/imm 4, 0;
    %store/vec4a v0000000000ff3460, 4, 0;
    %pushi/vec4 15, 0, 8;
    %ix/load 4, 2, 0;
    %flag_set/imm 4, 0;
    %store/vec4a v0000000000ff3460, 4, 0;
    %pushi/vec4 15, 0, 8;
    %ix/load 4, 3, 0;
    %flag_set/imm 4, 0;
    %store/vec4a v0000000000ff3460, 4, 0;
    %pushi/vec4 15, 0, 8;
    %ix/load 4, 4, 0;
    %flag_set/imm 4, 0;
    %store/vec4a v0000000000ff3460, 4, 0;
    %pushi/vec4 15, 0, 8;
    %ix/load 4, 5, 0;
    %flag_set/imm 4, 0;
    %store/vec4a v0000000000ff3460, 4, 0;
    %pushi/vec4 15, 0, 8;
    %ix/load 4, 6, 0;
    %flag_set/imm 4, 0;
    %store/vec4a v0000000000ff3460, 4, 0;
    %pushi/vec4 15, 0, 8;
    %ix/load 4, 7, 0;
    %flag_set/imm 4, 0;
    %store/vec4a v0000000000ff3460, 4, 0;
    %pushi/vec4 241, 0, 8;
    %ix/load 4, 8, 0;
    %flag_set/imm 4, 0;
    %store/vec4a v0000000000ff3460, 4, 0;
    %pushi/vec4 241, 0, 8;
    %ix/load 4, 9, 0;
    %flag_set/imm 4, 0;
    %store/vec4a v0000000000ff3460, 4, 0;
    %pushi/vec4 241, 0, 8;
    %ix/load 4, 10, 0;
    %flag_set/imm 4, 0;
    %store/vec4a v0000000000ff3460, 4, 0;
    %pushi/vec4 241, 0, 8;
    %ix/load 4, 11, 0;
    %flag_set/imm 4, 0;
    %store/vec4a v0000000000ff3460, 4, 0;
    %pushi/vec4 241, 0, 8;
    %ix/load 4, 12, 0;
    %flag_set/imm 4, 0;
    %store/vec4a v0000000000ff3460, 4, 0;
    %pushi/vec4 241, 0, 8;
    %ix/load 4, 13, 0;
    %flag_set/imm 4, 0;
    %store/vec4a v0000000000ff3460, 4, 0;
    %pushi/vec4 241, 0, 8;
    %ix/load 4, 14, 0;
    %flag_set/imm 4, 0;
    %store/vec4a v0000000000ff3460, 4, 0;
    %pushi/vec4 244, 0, 8;
    %ix/load 4, 15, 0;
    %flag_set/imm 4, 0;
    %store/vec4a v0000000000ff3460, 4, 0;
    %end;
    .thread T_7;
    .scope S_0000000000f63510;
T_8 ;
    %wait E_0000000000f88e60;
    %load/vec4 v0000000000f422a0_0;
    %load/vec4 v0000000000f416c0_0;
    %sub;
    %store/vec4 v0000000000f42160_0, 0, 8;
    %load/vec4 v0000000000f422a0_0;
    %load/vec4 v0000000000f416c0_0;
    %sub;
    %store/vec4 v0000000000f42200_0, 0, 8;
    %load/vec4 v0000000000f416c0_0;
    %pad/s 12;
    %load/vec4 v0000000000f42200_0;
    %parti/s 1, 7, 4;
    %replicate 4;
    %load/vec4 v0000000000f42200_0;
    %concat/vec4; draw_concat_vec4
    %load/vec4 v0000000000f42480_0;
    %pad/s 12;
    %mul;
    %ix/load 4, 4, 0;
    %flag_set/imm 4, 0;
    %shiftr 4;
    %add;
    %pad/s 8;
    %store/vec4 v0000000000f42340_0, 0, 8;
    %jmp T_8;
    .thread T_8, $push;
    .scope S_0000000000f6c8f0;
T_9 ;
    %pushi/vec4 0, 0, 8;
    %store/vec4 v0000000000ff4bb0_0, 0, 8;
    %pushi/vec4 16, 0, 8;
    %store/vec4 v0000000000ff5510_0, 0, 8;
    %pushi/vec4 21, 0, 8;
    %store/vec4 v0000000000ff4c50_0, 0, 8;
    %pushi/vec4 30, 0, 8;
    %store/vec4 v0000000000ff5dd0_0, 0, 8;
    %pushi/vec4 233, 0, 8;
    %store/vec4 v0000000000ff4d90_0, 0, 8;
    %pushi/vec4 221, 0, 8;
    %store/vec4 v0000000000ff5e70_0, 0, 8;
    %pushi/vec4 249, 0, 8;
    %store/vec4 v0000000000ff5d30_0, 0, 8;
    %pushi/vec4 19, 0, 8;
    %store/vec4 v0000000000ff49d0_0, 0, 8;
    %pushi/vec4 26, 0, 8;
    %store/vec4 v0000000000ff4390_0, 0, 8;
    %pushi/vec4 231, 0, 8;
    %store/vec4 v0000000000ff4b10_0, 0, 8;
    %pushi/vec4 34, 0, 8;
    %store/vec4 v0000000000ff51f0_0, 0, 8;
    %delay 10, 0;
    %load/vec4 v0000000000ff4c50_0;
    %parti/s 1, 7, 4;
    %replicate 4;
    %load/vec4 v0000000000ff4c50_0;
    %concat/vec4; draw_concat_vec4
    %load/vec4 v0000000000ff4bb0_0;
    %pad/s 12;
    %mul;
    %ix/load 4, 4, 0;
    %flag_set/imm 4, 0;
    %shiftr 4;
    %load/vec4 v0000000000ff4d90_0;
    %parti/s 1, 7, 4;
    %replicate 4;
    %load/vec4 v0000000000ff4d90_0;
    %concat/vec4; draw_concat_vec4
    %load/vec4 v0000000000ff5510_0;
    %pad/s 12;
    %mul;
    %ix/load 4, 4, 0;
    %flag_set/imm 4, 0;
    %shiftr 4;
    %add;
    %pad/s 8;
    %store/vec4 v0000000000ff50b0_0, 0, 8;
    %load/vec4 v0000000000ff50b0_0;
    %load/vec4 v0000000000ff5d30_0;
    %add;
    %store/vec4 v0000000000ff5a10_0, 0, 8;
    %load/vec4 v0000000000ff5dd0_0;
    %parti/s 1, 7, 4;
    %replicate 4;
    %load/vec4 v0000000000ff5dd0_0;
    %concat/vec4; draw_concat_vec4
    %load/vec4 v0000000000ff4bb0_0;
    %pad/s 12;
    %mul;
    %ix/load 4, 4, 0;
    %flag_set/imm 4, 0;
    %shiftr 4;
    %load/vec4 v0000000000ff5e70_0;
    %parti/s 1, 7, 4;
    %replicate 4;
    %load/vec4 v0000000000ff5e70_0;
    %concat/vec4; draw_concat_vec4
    %load/vec4 v0000000000ff5510_0;
    %pad/s 12;
    %mul;
    %ix/load 4, 4, 0;
    %flag_set/imm 4, 0;
    %shiftr 4;
    %add;
    %pad/s 8;
    %store/vec4 v0000000000ff4a70_0, 0, 8;
    %load/vec4 v0000000000ff4a70_0;
    %load/vec4 v0000000000ff49d0_0;
    %add;
    %store/vec4 v0000000000ff5f10_0, 0, 8;
    %delay 10, 0;
    %load/vec4 v0000000000ff4390_0;
    %parti/s 1, 7, 4;
    %replicate 4;
    %load/vec4 v0000000000ff4390_0;
    %concat/vec4; draw_concat_vec4
    %load/vec4 v0000000000ff5790_0;
    %pad/s 12;
    %mul;
    %ix/load 4, 4, 0;
    %flag_set/imm 4, 0;
    %shiftr 4;
    %pad/s 8;
    %store/vec4 v0000000000ff4e30_0, 0, 8;
    %load/vec4 v0000000000ff4b10_0;
    %parti/s 1, 7, 4;
    %replicate 4;
    %load/vec4 v0000000000ff4b10_0;
    %concat/vec4; draw_concat_vec4
    %load/vec4 v0000000000ff42f0_0;
    %pad/s 12;
    %mul;
    %ix/load 4, 4, 0;
    %flag_set/imm 4, 0;
    %shiftr 4;
    %pad/s 8;
    %store/vec4 v0000000000ff44d0_0, 0, 8;
    %load/vec4 v0000000000ff4e30_0;
    %load/vec4 v0000000000ff44d0_0;
    %add;
    %load/vec4 v0000000000ff51f0_0;
    %add;
    %store/vec4 v0000000000ff5c90_0, 0, 8;
    %delay 10, 0;
    %vpi_call 2 91 "$finish" {0 0 0};
    %end;
    .thread T_9;
    .scope S_0000000000f6c8f0;
T_10 ;
    %vpi_call 2 96 "$dumpfile", "param.vcd" {0 0 0};
    %vpi_call 2 97 "$dumpvars", 32'sb00000000000000000000000000000000, S_0000000000f6c8f0 {0 0 0};
    %end;
    .thread T_10;
# The file index is used to find the file name in the following table.
:file_names 12;
    "N/A";
    "<interactive>";
    "param_checker.v";
    "_____00003aT0_00003a_00003afunc0__0_00003aT0.v";
    "_____00003aT0_00003a_00003afunc0__0_00003aT0_00003a_00003amy__interpolator_00003aT2.v";
    "_____00003aT0_00003a_00003afunc0__0_00003aT0_00003a_00003amy__lut_00003aT2.v";
    "_____00003aT0_00003a_00003afunc0__1_00003aT0.v";
    "_____00003aT0_00003a_00003afunc0__1_00003aT0_00003a_00003amy__interpolator_00003aT10.v";
    "_____00003aT0_00003a_00003afunc0__1_00003aT0_00003a_00003amy__lut_00003aT10.v";
    "_____00003aT0_00003a_00003afunc1__0_00003aT0.v";
    "_____00003aT0_00003a_00003afunc1__0_00003aT0_00003a_00003amy__interpolator_00003aT00.v";
    "_____00003aT0_00003a_00003afunc1__0_00003aT0_00003a_00003amy__lut_00003aT00.v";
