#! /usr/local/iverilog/bin/vvp
:ivl_version "11.0 (devel)" "(s20150603-642-g3bdb50da)";
:ivl_delay_selection "TYPICAL";
:vpi_time_precision - 12;
:vpi_module "system";
:vpi_module "vhdl_sys";
:vpi_module "vhdl_textio";
:vpi_module "v2005_math";
:vpi_module "va_math";
S_0000000000bdd810 .scope module, "_____00003aT0" "_____00003aT0" 2 3;
 .timescale -12 -12;
L_000000000137a890 .functor BUFZ 1, L_00000000013791f0, C4<0>, C4<0>, C4<0>;
L_000000000137a900 .functor BUFZ 1, v000000000132d550_0, C4<0>, C4<0>, C4<0>;
L_000000000137a350 .functor BUFZ 8, v000000000132c790_0, C4<00000000>, C4<00000000>, C4<00000000>;
L_000000000137a0b0 .functor BUFZ 1, v000000000132b850_0, C4<0>, C4<0>, C4<0>;
L_000000000137a6d0 .functor BUFZ 1, v000000000132af90_0, C4<0>, C4<0>, C4<0>;
L_000000000137a9e0 .functor BUFZ 1, v000000000132b990_0, C4<0>, C4<0>, C4<0>;
L_000000000137ac10 .functor BUFZ 1, v000000000132b670_0, C4<0>, C4<0>, C4<0>;
L_000000000137a040 .functor BUFZ 8, v000000000132ac70_0, C4<00000000>, C4<00000000>, C4<00000000>;
v000000000132dd70_0 .net "_00005e_0000600", 0 0, v000000000132d7d0_0;  1 drivers
v000000000132c470_0 .net "_00005e_0000601", 0 0, v000000000132deb0_0;  1 drivers
v000000000132e6d0_0 .net "_00005e_00006010", 0 0, v000000000132b670_0;  1 drivers
v000000000132cf10_0 .net/s "_00005e_00006011", 7 0, v000000000132ac70_0;  1 drivers
v000000000132d0f0_0 .net "_00005e_0000602", 0 0, v000000000132e270_0;  1 drivers
v000000000132c830_0 .net "_00005e_0000603", 0 0, v000000000132d910_0;  1 drivers
v000000000132d730_0 .net "_00005e_0000604", 0 0, L_00000000013791f0;  1 drivers
v000000000132cfb0_0 .net "_00005e_0000605", 0 0, v000000000132d550_0;  1 drivers
v000000000132c970_0 .net/s "_00005e_0000606", 7 0, L_000000000137a350;  1 drivers
v000000000132c5b0_0 .net "_00005e_0000607", 0 0, v000000000132b850_0;  1 drivers
v000000000132d870_0 .net "_00005e_0000608", 0 0, v000000000132af90_0;  1 drivers
v000000000132e130_0 .net "_00005e_0000609", 0 0, v000000000132b990_0;  1 drivers
v000000000132e590_0 .net "ack__fill", 0 0, L_000000000137a890;  1 drivers
v000000000132c010_0 .net "ack__network", 0 0, L_000000000137a900;  1 drivers
v000000000132d7d0_0 .var "clk", 0 0;
v000000000132d910_0 .var "fill", 0 0;
o00000000012cdfa8 .functor BUFZ 1, C4<z>; HiZ drive
v000000000132d9b0_0 .net "ram__outputs_00003a16_00003a_00003aabus__r", 0 0, o00000000012cdfa8;  0 drivers
v000000000132c8d0_0 .net "ram__outputs_00003a16_00003a_00003aabus__w", 0 0, L_000000000137ac10;  1 drivers
v000000000132c150_0 .var/s "ram__outputs_00003a16_00003a_00003adbus__r", 7 0;
v000000000132da50_0 .net/s "ram__outputs_00003a16_00003a_00003adbus__w", 7 0, L_000000000137a040;  1 drivers
v000000000132d4b0 .array/s "ram__outputs_00003a16_00003a_00003amem", 0 0, 7 0;
v000000000132de10_0 .net "ram__outputs_00003a16_00003a_00003atrig__w", 0 0, L_000000000137a9e0;  1 drivers
v000000000132e270_0 .var "req", 0 0;
v000000000132c650_0 .net "rom__inputs_00003a1_00003a_00003aabus__r", 0 0, L_000000000137a6d0;  1 drivers
v000000000132c790_0 .var/s "rom__inputs_00003a1_00003a_00003adbus__r", 7 0;
v000000000132e450 .array/s "rom__inputs_00003a1_00003a_00003amem", 1 0, 7 0;
v000000000132ca10_0 .net "rom__inputs_00003a1_00003a_00003atrig__r", 0 0, L_000000000137a0b0;  1 drivers
v000000000132deb0_0 .var "rst", 0 0;
E_00000000012ac450 .event negedge, v000000000132d7d0_0;
S_0000000000bdd9a0 .scope module, "neural__network" "_____00003aT0_00003a_00003aneural__network_00003aT0" 2 34, 3 3 0, S_0000000000bdd810;
 .timescale -12 -12;
    .port_info 0 /INPUT 1 "clk";
    .port_info 1 /INPUT 1 "rst";
    .port_info 2 /INPUT 1 "req";
    .port_info 3 /INPUT 1 "fill";
    .port_info 4 /INPUT 8 "_00003a10";
    .port_info 5 /OUTPUT 1 "ack__fill";
    .port_info 6 /OUTPUT 1 "ack__network";
    .port_info 7 /OUTPUT 1 "_00003a8";
    .port_info 8 /OUTPUT 1 "_00003a9";
    .port_info 9 /OUTPUT 1 "_00003a32";
    .port_info 10 /OUTPUT 1 "_00003a33";
    .port_info 11 /OUTPUT 8 "_00003a34";
L_0000000001379260 .functor BUFZ 1, v000000000132d7d0_0, C4<0>, C4<0>, C4<0>;
L_0000000001379490 .functor BUFZ 1, v000000000132deb0_0, C4<0>, C4<0>, C4<0>;
L_0000000001379730 .functor BUFZ 1, v000000000132e270_0, C4<0>, C4<0>, C4<0>;
L_0000000001379a40 .functor BUFZ 1, L_000000000125a3c0, C4<0>, C4<0>, C4<0>;
L_0000000001379ab0 .functor BUFZ 1, v000000000132d7d0_0, C4<0>, C4<0>, C4<0>;
L_00000000013796c0 .functor BUFZ 1, v000000000132deb0_0, C4<0>, C4<0>, C4<0>;
L_0000000001379b20 .functor BUFZ 1, L_0000000001379a40, C4<0>, C4<0>, C4<0>;
L_0000000001379b90 .functor BUFZ 1, v0000000001328f80_0, C4<0>, C4<0>, C4<0>;
L_00000000013791f0 .functor BUFZ 1, v000000000132e090_0, C4<0>, C4<0>, C4<0>;
L_0000000001379c00 .functor NOT 1, v000000000132e090_0, C4<0>, C4<0>, C4<0>;
L_0000000001379ce0 .functor AND 1, v000000000132d910_0, L_0000000001379c00, C4<1>, C4<1>;
L_00000000013795e0 .functor NOT 1, v000000000132d5f0_0, C4<0>, C4<0>, C4<0>;
L_00000000013797a0 .functor AND 1, L_0000000001379ce0, L_00000000013795e0, C4<1>, C4<1>;
L_0000000001379810 .functor NOT 1, v000000000132d550_0, C4<0>, C4<0>, C4<0>;
L_0000000001379d50 .functor AND 1, L_0000000001379b90, L_0000000001379810, C4<1>, C4<1>;
L_00000000013790a0 .functor NOT 1, v000000000132c6f0_0, C4<0>, C4<0>, C4<0>;
L_0000000001379030 .functor AND 1, L_0000000001379d50, L_00000000013790a0, C4<1>, C4<1>;
L_00000000013793b0 .functor BUFZ 1, v000000000132b710_0, C4<0>, C4<0>, C4<0>;
L_0000000001379dc0 .functor BUFZ 1, v000000000132aef0_0, C4<0>, C4<0>, C4<0>;
L_0000000001379e30 .functor BUFZ 8, v000000000132bb70_0, C4<00000000>, C4<00000000>, C4<00000000>;
L_0000000001379880 .functor BUFZ 8, v000000000132e3b0_0, C4<00000000>, C4<00000000>, C4<00000000>;
L_00000000013792d0 .functor BUFZ 1, v000000000131ceb0_0, C4<0>, C4<0>, C4<0>;
L_0000000001379110 .functor BUFZ 1, v000000000131ce10_0, C4<0>, C4<0>, C4<0>;
L_0000000001379ea0 .functor BUFZ 8, L_0000000001379f10, C4<00000000>, C4<00000000>, C4<00000000>;
L_0000000001379f10 .functor BUFZ 8, v0000000001329ca0_0, C4<00000000>, C4<00000000>, C4<00000000>;
L_0000000001379180 .functor BUFZ 1, v000000000132bad0_0, C4<0>, C4<0>, C4<0>;
L_0000000001379340 .functor BUFZ 8, v000000000131b800_0, C4<00000000>, C4<00000000>, C4<00000000>;
L_0000000001379420 .functor BUFZ 8, v000000000131ba80_0, C4<00000000>, C4<00000000>, C4<00000000>;
L_0000000001379500 .functor BUFZ 8, L_0000000001379340, C4<00000000>, C4<00000000>, C4<00000000>;
L_0000000001379570 .functor BUFZ 8, L_0000000001379420, C4<00000000>, C4<00000000>, C4<00000000>;
L_0000000001379650 .functor BUFZ 1, v0000000001329e80_0, C4<0>, C4<0>, C4<0>;
v000000000132a1d0_0 .net/s "_00003a10", 7 0, L_000000000137a350;  alias, 1 drivers
v000000000132b990_0 .var "_00003a32", 0 0;
v000000000132b670_0 .var "_00003a33", 0 0;
v000000000132ac70_0 .var/s "_00003a34", 7 0;
v000000000132b710_0 .var "_00003a61", 0 0;
v000000000132aef0_0 .var "_00003a62", 0 0;
v000000000132bb70_0 .var/s "_00003a63", 7 0;
v000000000132b850_0 .var "_00003a8", 0 0;
v000000000132ba30_0 .net/s "_00003a89", 7 0, L_0000000001379ea0;  1 drivers
v000000000132af90_0 .var "_00003a9", 0 0;
v000000000132bad0_0 .var "_00003a90", 0 0;
v000000000132bc10_0 .net "_00005e_00006053", 0 0, L_0000000001379260;  1 drivers
v000000000132bcb0_0 .net "_00005e_00006054", 0 0, L_0000000001379490;  1 drivers
v000000000132ad10_0 .net "_00005e_00006055", 0 0, L_0000000001379730;  1 drivers
v000000000132bdf0_0 .net "_00005e_00006056", 0 0, L_000000000125a3c0;  1 drivers
v000000000132a130_0 .net "_00005e_00006057", 0 0, L_0000000001379ab0;  1 drivers
v000000000132b030_0 .net "_00005e_00006058", 0 0, L_00000000013796c0;  1 drivers
v000000000132be90_0 .net "_00005e_00006059", 0 0, L_0000000001379b20;  1 drivers
v000000000132a270_0 .net "_00005e_00006060", 0 0, v0000000001328f80_0;  1 drivers
v000000000132b0d0_0 .net/s "_00005e_00006061", 7 0, L_0000000001379880;  1 drivers
v000000000132b170_0 .net "_00005e_00006062", 0 0, v000000000131ceb0_0;  1 drivers
v000000000132a310_0 .net "_00005e_00006063", 0 0, v000000000131ce10_0;  1 drivers
v000000000132aa90_0 .net/s "_00005e_00006064", 7 0, v0000000001329ca0_0;  1 drivers
v000000000132a3b0_0 .net/s "_00005e_00006065", 7 0, v000000000131b800_0;  1 drivers
v000000000132b210_0 .net/s "_00005e_00006066", 7 0, v000000000131ba80_0;  1 drivers
v000000000132adb0_0 .net/s "_00005e_00006067", 7 0, L_0000000001379500;  1 drivers
v000000000132a810_0 .net/s "_00005e_00006068", 7 0, L_0000000001379570;  1 drivers
v000000000132a4f0_0 .net "_00005e_00006069", 0 0, v0000000001329e80_0;  1 drivers
v000000000132a630_0 .net *"_s18", 0 0, L_0000000001379c00;  1 drivers
v000000000132a770_0 .net *"_s20", 0 0, L_0000000001379ce0;  1 drivers
v000000000132a8b0_0 .net *"_s22", 0 0, L_00000000013795e0;  1 drivers
v000000000132b2b0_0 .net *"_s26", 0 0, L_0000000001379810;  1 drivers
v000000000132a950_0 .net *"_s28", 0 0, L_0000000001379d50;  1 drivers
v000000000132b350_0 .net *"_s30", 0 0, L_00000000013790a0;  1 drivers
v000000000132a9f0_0 .net "ack__0", 0 0, L_0000000001379a40;  1 drivers
v000000000132abd0_0 .net "ack__1", 0 0, L_0000000001379b90;  1 drivers
v000000000132cab0_0 .net "ack__fill", 0 0, L_00000000013791f0;  alias, 1 drivers
v000000000132e090_0 .var "ack__inputs", 0 0;
v000000000132d550_0 .var "ack__network", 0 0;
v000000000132c1f0_0 .var "address__inputs", 1 0;
v000000000132c290_0 .var "address__outputs", 0 0;
v000000000132e770_0 .net/s "channel__a0_00003a102_00003a_00003areg__0", 7 0, L_0000000001379340;  1 drivers
v000000000132db90_0 .net/s "channel__a0_00003a102_00003a_00003areg__1", 7 0, L_0000000001379420;  1 drivers
v000000000132c0b0_0 .net "channel__a0_00003a102_00003a_00003arinc_00003a122_00003a_00003aabus__r", 0 0, L_0000000001379650;  1 drivers
v000000000132dc30_0 .net "channel__inputs_00003a45_00003a_00003aabus__r", 0 0, L_0000000001379110;  1 drivers
v000000000132daf0_0 .net "channel__inputs_00003a45_00003a_00003aabus__w", 0 0, L_0000000001379dc0;  1 drivers
v000000000132e3b0_0 .var/s "channel__inputs_00003a45_00003a_00003adbus__r", 7 0;
v000000000132d190_0 .net/s "channel__inputs_00003a45_00003a_00003adbus__w", 7 0, L_0000000001379e30;  1 drivers
v000000000132d230 .array/s "channel__inputs_00003a45_00003a_00003amem", 1 0, 7 0;
v000000000132c330_0 .net "channel__inputs_00003a45_00003a_00003atrig__r", 0 0, L_00000000013792d0;  1 drivers
v000000000132e630_0 .net "channel__inputs_00003a45_00003a_00003atrig__w", 0 0, L_00000000013793b0;  1 drivers
v000000000132dff0_0 .net/s "channel__outputs_00003a74_00003a_00003areg__0", 7 0, L_0000000001379f10;  1 drivers
v000000000132d2d0_0 .net "channel__outputs_00003a74_00003a_00003arinc_00003a88_00003a_00003aabus__r", 0 0, L_0000000001379180;  1 drivers
v000000000132e310_0 .net "clk", 0 0, v000000000132d7d0_0;  alias, 1 drivers
v000000000132e1d0_0 .net "fill", 0 0, v000000000132d910_0;  alias, 1 drivers
v000000000132d050_0 .net "fill__inputs", 0 0, L_00000000013797a0;  1 drivers
v000000000132c3d0_0 .net "fill__outputs", 0 0, L_0000000001379030;  1 drivers
v000000000132d5f0_0 .var "flag__inputs", 0 0;
v000000000132c6f0_0 .var "flag__outputs", 0 0;
v000000000132dcd0_0 .net "req", 0 0, v000000000132e270_0;  alias, 1 drivers
v000000000132d690_0 .net "rst", 0 0, v000000000132deb0_0;  alias, 1 drivers
v000000000132d410_0 .var/s "value__inputs", 7 0;
v000000000132c510_0 .var/s "value__outputs", 7 0;
E_00000000012ac4d0 .event negedge, v000000000132e310_0;
E_00000000012ac850 .event posedge, v000000000132e310_0;
S_0000000000bd93e0 .scope module, "layer0" "_____00003aT0_00003a_00003aneural__network_00003aT0_00003a_00003alayer0_00003aT0" 3 68, 4 3 0, S_0000000000bdd9a0;
 .timescale -12 -12;
    .port_info 0 /INPUT 1 "clk";
    .port_info 1 /INPUT 1 "rst";
    .port_info 2 /INPUT 1 "req";
    .port_info 3 /INPUT 8 "_00003a59";
    .port_info 4 /OUTPUT 1 "ack__layer";
    .port_info 5 /OUTPUT 1 "_00003a57";
    .port_info 6 /OUTPUT 1 "_00003a58";
    .port_info 7 /OUTPUT 8 "_00003a106";
    .port_info 8 /OUTPUT 8 "_00003a107";
L_00000000012a2f00 .functor NOT 1, L_00000000012a3130, C4<0>, C4<0>, C4<0>;
L_00000000012a2f70 .functor AND 1, L_0000000001379730, L_00000000012a2f00, C4<1>, C4<1>;
L_00000000012a2fe0 .functor BUFZ 1, L_0000000001379260, C4<0>, C4<0>, C4<0>;
L_00000000012a30c0 .functor BUFZ 1, v000000000131d8b0_0, C4<0>, C4<0>, C4<0>;
L_00000000012a3440 .functor BUFZ 1, L_0000000001379490, C4<0>, C4<0>, C4<0>;
L_00000000012a3130 .functor BUFZ 1, v0000000001290e10_0, C4<0>, C4<0>, C4<0>;
L_00000000012a31a0 .functor BUFZ 1, L_0000000001379490, C4<0>, C4<0>, C4<0>;
L_00000000012a3210 .functor BUFZ 1, L_0000000001379490, C4<0>, C4<0>, C4<0>;
L_00000000012a3590 .functor BUFZ 8, L_00000000012a38a0, C4<00000000>, C4<00000000>, C4<00000000>;
L_000000000125a2e0 .functor BUFZ 8, L_00000000012a39f0, C4<00000000>, C4<00000000>, C4<00000000>;
L_000000000125a3c0 .functor AND 1, v000000000131c690_0, v000000000131da90_0, C4<1>, C4<1>;
L_000000000125a580 .functor BUFZ 8, v000000000131c550_0, C4<00000000>, C4<00000000>, C4<00000000>;
L_000000000125aba0 .functor BUFZ 1, v000000000131a360_0, C4<0>, C4<0>, C4<0>;
L_000000000125a510 .functor BUFZ 1, v000000000131a400_0, C4<0>, C4<0>, C4<0>;
L_000000000125ae40 .functor BUFZ 8, v000000000131c9b0_0, C4<00000000>, C4<00000000>, C4<00000000>;
L_000000000125ad60 .functor BUFZ 1, v000000000131a900_0, C4<0>, C4<0>, C4<0>;
L_000000000125af20 .functor BUFZ 1, v000000000131a540_0, C4<0>, C4<0>, C4<0>;
L_000000000125a6d0 .functor BUFZ 8, v000000000131a7c0_0, C4<00000000>, C4<00000000>, C4<00000000>;
L_000000000125a7b0 .functor BUFZ 8, v000000000131a860_0, C4<00000000>, C4<00000000>, C4<00000000>;
L_00000000013785d0 .functor BUFZ 8, v000000000131c2d0_0, C4<00000000>, C4<00000000>, C4<00000000>;
L_00000000013789c0 .functor BUFZ 1, v000000000131ad60_0, C4<0>, C4<0>, C4<0>;
L_0000000001378e90 .functor BUFZ 1, v000000000131a9a0_0, C4<0>, C4<0>, C4<0>;
L_00000000013782c0 .functor BUFZ 8, v000000000131c230_0, C4<00000000>, C4<00000000>, C4<00000000>;
L_0000000001378db0 .functor BUFZ 1, v000000000131acc0_0, C4<0>, C4<0>, C4<0>;
L_0000000001378b10 .functor BUFZ 1, v000000000131c910_0, C4<0>, C4<0>, C4<0>;
L_00000000013784f0 .functor BUFZ 8, v000000000131d9f0_0, C4<00000000>, C4<00000000>, C4<00000000>;
L_0000000001378790 .functor BUFZ 8, v000000000131d130_0, C4<00000000>, C4<00000000>, C4<00000000>;
v000000000131b800_0 .var/s "_00003a106", 7 0;
v000000000131ba80_0 .var/s "_00003a107", 7 0;
v000000000131a360_0 .var "_00003a147", 0 0;
v000000000131a400_0 .var "_00003a148", 0 0;
v000000000131a4a0_0 .net/s "_00003a149", 7 0, L_000000000125a580;  1 drivers
v000000000131a900_0 .var "_00003a162", 0 0;
v000000000131a540_0 .var "_00003a163", 0 0;
v000000000131a5e0_0 .net/s "_00003a164", 7 0, L_000000000125ae40;  1 drivers
v000000000131a680_0 .net/s "_00003a172", 7 0, L_000000000125a6d0;  1 drivers
v000000000131a720_0 .net/s "_00003a173", 7 0, L_000000000125a7b0;  1 drivers
v000000000131a7c0_0 .var/s "_00003a174", 7 0;
v000000000131a860_0 .var/s "_00003a175", 7 0;
v000000000131ad60_0 .var "_00003a219", 0 0;
v000000000131a9a0_0 .var "_00003a220", 0 0;
v000000000131aa40_0 .net/s "_00003a221", 7 0, L_00000000013785d0;  1 drivers
v000000000131ac20_0 .net "_00003a222", 0 0, L_00000000012a31a0;  1 drivers
v000000000131acc0_0 .var "_00003a234", 0 0;
v000000000131c910_0 .var "_00003a235", 0 0;
v000000000131c370_0 .net/s "_00003a236", 7 0, L_00000000013782c0;  1 drivers
v000000000131d4f0_0 .net "_00003a237", 0 0, L_00000000012a3210;  1 drivers
v000000000131cf50_0 .net/s "_00003a249", 7 0, L_00000000013784f0;  1 drivers
v000000000131ca50_0 .net/s "_00003a250", 7 0, L_0000000001378790;  1 drivers
v000000000131d9f0_0 .var/s "_00003a251", 7 0;
v000000000131d130_0 .var/s "_00003a252", 7 0;
v000000000131ceb0_0 .var "_00003a57", 0 0;
v000000000131ce10_0 .var "_00003a58", 0 0;
v000000000131bf10_0 .net/s "_00003a59", 7 0, L_0000000001379880;  alias, 1 drivers
v000000000131d950_0 .net "_00005e_000060212", 0 0, L_00000000012a2fe0;  1 drivers
v000000000131caf0_0 .net "_00005e_000060213", 0 0, L_00000000012a30c0;  1 drivers
v000000000131ccd0_0 .net "_00005e_000060214", 0 0, L_00000000012a3440;  1 drivers
v000000000131c050_0 .net "_00005e_000060215", 0 0, v0000000001290e10_0;  1 drivers
v000000000131d590_0 .net/s "_00005e_000060216", 7 0, v000000000131f960_0;  1 drivers
v000000000131d630_0 .net/s "_00005e_000060217", 7 0, L_00000000012a38a0;  1 drivers
v000000000131c7d0_0 .net/s "_00005e_000060218", 7 0, v000000000131faa0_0;  1 drivers
v000000000131db30_0 .net/s "_00005e_000060219", 7 0, L_00000000012a39f0;  1 drivers
v000000000131cb90_0 .net *"_s0", 0 0, L_00000000012a2f00;  1 drivers
v000000000131d8b0_0 .var "ack", 0 0;
v000000000131c690_0 .var "ack__a0", 0 0;
v000000000131da90_0 .var "ack__a1", 0 0;
v000000000131cc30_0 .var "ack__add", 0 0;
v000000000131cd70_0 .net "ack__layer", 0 0, L_000000000125a3c0;  alias, 1 drivers
v000000000131bfb0_0 .net "ack__mac", 0 0, L_00000000012a3130;  1 drivers
v000000000131d090_0 .var/s "add__n_00003a285_00003a_00003alv0", 7 0;
v000000000131cff0_0 .var/s "add__n_00003a285_00003a_00003alv1", 7 0;
v000000000131d1d0_0 .var "add__n_00003a285_00003a_00003alvok0", 0 0;
v000000000131c0f0_0 .var "add__n_00003a285_00003a_00003alvok1", 0 0;
v000000000131be70_0 .var "add__n_00003a285_00003a_00003arun", 0 0;
v000000000131d270_0 .var/s "add__n_00003a285_00003a_00003arv0", 7 0;
v000000000131d310_0 .var/s "add__n_00003a285_00003a_00003arv1", 7 0;
v000000000131d3b0_0 .var "add__n_00003a285_00003a_00003arvok0", 0 0;
v000000000131bc90_0 .var "add__n_00003a285_00003a_00003arvok1", 0 0;
v000000000131d770_0 .net/s "channel__accum_00003a170_00003a_00003areg__0", 7 0, v000000000131a7c0_0;  1 drivers
v000000000131d450_0 .net/s "channel__accum_00003a170_00003a_00003areg__1", 7 0, v000000000131a860_0;  1 drivers
v000000000131d6d0_0 .net "channel__b0_00003a217_00003a_00003aabus__r", 0 0, L_0000000001378e90;  1 drivers
v000000000131c2d0_0 .var/s "channel__b0_00003a217_00003a_00003adbus__r", 7 0;
v000000000131d810 .array/s "channel__b0_00003a217_00003a_00003amem", 0 0, 7 0;
v000000000131c410_0 .net "channel__b0_00003a217_00003a_00003atrig__r", 0 0, L_00000000013789c0;  1 drivers
v000000000131c190_0 .net "channel__b1_00003a232_00003a_00003aabus__r", 0 0, L_0000000001378b10;  1 drivers
v000000000131c230_0 .var/s "channel__b1_00003a232_00003a_00003adbus__r", 7 0;
v000000000131bd30 .array/s "channel__b1_00003a232_00003a_00003amem", 0 0, 7 0;
v000000000131bdd0_0 .net "channel__b1_00003a232_00003a_00003atrig__r", 0 0, L_0000000001378db0;  1 drivers
v000000000131c4b0_0 .net "channel__w0_00003a140_00003a_00003aabus__r", 0 0, L_000000000125a510;  1 drivers
v000000000131c550_0 .var/s "channel__w0_00003a140_00003a_00003adbus__r", 7 0;
v000000000131c5f0 .array/s "channel__w0_00003a140_00003a_00003amem", 1 0, 7 0;
v000000000131c730_0 .net "channel__w0_00003a140_00003a_00003atrig__r", 0 0, L_000000000125aba0;  1 drivers
v000000000131c870_0 .net "channel__w1_00003a155_00003a_00003aabus__r", 0 0, L_000000000125af20;  1 drivers
v000000000131c9b0_0 .var/s "channel__w1_00003a155_00003a_00003adbus__r", 7 0;
v000000000131f5a0 .array/s "channel__w1_00003a155_00003a_00003amem", 1 0, 7 0;
v000000000131ea60_0 .net "channel__w1_00003a155_00003a_00003atrig__r", 0 0, L_000000000125ad60;  1 drivers
v000000000131ee20_0 .net/s "channel__z_00003a247_00003a_00003areg__0", 7 0, v000000000131d9f0_0;  1 drivers
v000000000131f0a0_0 .net/s "channel__z_00003a247_00003a_00003areg__1", 7 0, v000000000131d130_0;  1 drivers
v000000000131dca0_0 .net "clk", 0 0, L_0000000001379260;  alias, 1 drivers
v000000000131eec0_0 .var "flag__z0", 0 0;
v000000000131e9c0_0 .var "flag__z1", 0 0;
v000000000131f8c0_0 .var/s "mac__n1_00003a210_00003a_00003aav0", 7 0;
v000000000131fb40_0 .var/s "mac__n1_00003a210_00003a_00003aav1", 7 0;
v000000000131f820_0 .var/s "mac__n1_00003a210_00003a_00003alv0", 7 0;
v000000000131f320_0 .var/s "mac__n1_00003a210_00003a_00003alv1", 7 0;
v000000000131e600_0 .var "mac__n1_00003a210_00003a_00003alvok0", 0 0;
v000000000131f460_0 .var "mac__n1_00003a210_00003a_00003alvok1", 0 0;
v000000000131f280_0 .var "mac__n1_00003a210_00003a_00003arun", 0 0;
v000000000131fa00_0 .var/s "mac__n1_00003a210_00003a_00003arv", 7 0;
v000000000131f500_0 .var "mac__n1_00003a210_00003a_00003arvok", 0 0;
v000000000131ef60_0 .var "mac__n1_00003a210_00003a_00003awok0", 0 0;
v000000000131eb00_0 .var "mac__n1_00003a210_00003a_00003awok1", 0 0;
v000000000131eba0_0 .net "req", 0 0, L_0000000001379730;  alias, 1 drivers
v000000000131dd40_0 .net "req__mac", 0 0, L_00000000012a2f70;  1 drivers
v000000000131f1e0_0 .net "rst", 0 0, L_0000000001379490;  alias, 1 drivers
v000000000131f640_0 .net/s "value__a0", 7 0, L_00000000012a3590;  1 drivers
v000000000131f6e0_0 .net/s "value__a1", 7 0, L_000000000125a2e0;  1 drivers
v000000000131f960_0 .var/s "value__z0", 7 0;
v000000000131faa0_0 .var/s "value__z1", 7 0;
E_00000000012ac5d0 .event posedge, v000000000131dca0_0;
E_00000000012ac510 .event negedge, v000000000131dca0_0;
S_0000000000bd9570 .scope module, "counter" "_____00003aT0_00003a_00003aneural__network_00003aT0_00003a_00003alayer0_00003aT0_00003a_00003acounter_00003aT1" 4 104, 5 3 0, S_0000000000bd93e0;
 .timescale -12 -12;
    .port_info 0 /INPUT 1 "clk";
    .port_info 1 /INPUT 1 "ack";
    .port_info 2 /INPUT 1 "rst";
    .port_info 3 /OUTPUT 1 "ack__mac";
v0000000001291450_0 .net "ack", 0 0, L_00000000012a30c0;  alias, 1 drivers
v0000000001290e10_0 .var "ack__mac", 0 0;
v0000000001291630_0 .net "clk", 0 0, L_00000000012a2fe0;  alias, 1 drivers
v0000000001290730_0 .var "q", 1 0;
v00000000012907d0_0 .net "rst", 0 0, L_00000000012a3440;  alias, 1 drivers
E_00000000012ac550 .event negedge, v0000000001291630_0;
S_0000000000bb94c0 .scope module, "func0" "_____00003aT0_00003a_00003aneural__network_00003aT0_00003a_00003alayer0_00003aT0_00003a_00003afunc0_00003aT1" 4 105, 6 3 0, S_0000000000bd93e0;
 .timescale -12 -12;
    .port_info 0 /INPUT 8 "z__value";
    .port_info 1 /OUTPUT 8 "a";
L_00000000012a3980 .functor BUFZ 4, L_000000000132cb50, C4<0000>, C4<0000>, C4<0000>;
L_00000000012a3ad0 .functor BUFZ 8, L_00000000012a36e0, C4<00000000>, C4<00000000>, C4<00000000>;
L_00000000012a3d00 .functor BUFZ 8, v0000000001290230_0, C4<00000000>, C4<00000000>, C4<00000000>;
L_00000000012a3830 .functor BUFZ 8, L_00000000012a3ad0, C4<00000000>, C4<00000000>, C4<00000000>;
L_00000000012a3750 .functor BUFZ 8, L_00000000012a3d00, C4<00000000>, C4<00000000>, C4<00000000>;
L_00000000012a3bb0 .functor BUFZ 8, L_000000000132cc90, C4<00000000>, C4<00000000>, C4<00000000>;
L_00000000012a38a0 .functor BUFZ 8, v000000000128ff10_0, C4<00000000>, C4<00000000>, C4<00000000>;
v0000000001290cd0_0 .net "_00005e_000060545", 3 0, L_00000000012a3980;  1 drivers
v000000000128fb50_0 .net/s "_00005e_000060546", 7 0, L_00000000012a36e0;  1 drivers
v0000000001290f50_0 .net/s "_00005e_000060547", 7 0, v0000000001290230_0;  1 drivers
v0000000001290410_0 .net/s "_00005e_000060548", 7 0, L_00000000012a3830;  1 drivers
v0000000001291090_0 .net/s "_00005e_000060549", 7 0, L_00000000012a3750;  1 drivers
v0000000000bcb050_0 .net/s "_00005e_000060550", 7 0, L_00000000012a3bb0;  1 drivers
v0000000000bcb190_0 .net/s "_00005e_000060551", 7 0, v000000000128ff10_0;  1 drivers
L_0000000001330010 .functor BUFT 1, C4<0000>, C4<0>, C4<0>, C4<0>;
v0000000000bcb230_0 .net/2u *"_s2", 3 0, L_0000000001330010;  1 drivers
v0000000000bcb370_0 .net *"_s5", 3 0, L_000000000132cbf0;  1 drivers
v0000000000bcb4b0_0 .net/s "a", 7 0, L_00000000012a38a0;  alias, 1 drivers
v000000000131b080_0 .net "address", 3 0, L_000000000132cb50;  1 drivers
v0000000001319e60_0 .net/s "base", 7 0, L_00000000012a3ad0;  1 drivers
v000000000131b8a0_0 .net/s "next__data", 7 0, L_00000000012a3d00;  1 drivers
v0000000001319c80_0 .net/s "remaining", 7 0, L_000000000132cc90;  1 drivers
v000000000131b1c0_0 .net/s "z__value", 7 0, v000000000131f960_0;  alias, 1 drivers
L_000000000132cb50 .part v000000000131f960_0, 4, 4;
L_000000000132cbf0 .part v000000000131f960_0, 0, 4;
L_000000000132cc90 .concat [ 4 4 0 0], L_000000000132cbf0, L_0000000001330010;
S_0000000000bb9650 .scope module, "my__interpolator" "_____00003aT0_00003a_00003aneural__network_00003aT0_00003a_00003alayer0_00003aT0_00003a_00003afunc0_00003aT1_00003a_00003amy__interpolator_00003aT2" 6 20, 7 3 0, S_0000000000bb94c0;
 .timescale -12 -12;
    .port_info 0 /INPUT 8 "base";
    .port_info 1 /INPUT 8 "next__data";
    .port_info 2 /INPUT 8 "remaining";
    .port_info 3 /OUTPUT 8 "interpolated__value";
v0000000001290ff0_0 .var/s "_00003a534_00003a_00003a_00003a531", 7 0;
v0000000001290870_0 .var/s "_00003a534_00003a_00003a_00003a532", 7 0;
v0000000001290b90_0 .net/s "base", 7 0, L_00000000012a3830;  alias, 1 drivers
v000000000128ff10_0 .var/s "interpolated__value", 7 0;
v00000000012902d0_0 .net/s "next__data", 7 0, L_00000000012a3750;  alias, 1 drivers
v00000000012916d0_0 .net/s "remaining", 7 0, L_00000000012a3bb0;  alias, 1 drivers
E_00000000012aca50 .event edge, v00000000012902d0_0, v0000000001290b90_0, v0000000001290870_0, v00000000012916d0_0;
S_0000000000bb4c70 .scope module, "my__lut" "_____00003aT0_00003a_00003aneural__network_00003aT0_00003a_00003alayer0_00003aT0_00003a_00003afunc0_00003aT1_00003a_00003amy__lut_00003aT2" 6 19, 8 3 0, S_0000000000bb94c0;
 .timescale -12 -12;
    .port_info 0 /INPUT 4 "address";
    .port_info 1 /OUTPUT 8 "base";
    .port_info 2 /OUTPUT 8 "next__data";
L_00000000012a36e0 .functor BUFZ 8, L_000000000132df50, C4<00000000>, C4<00000000>, C4<00000000>;
v0000000001291810_0 .net *"_s0", 7 0, L_000000000132df50;  1 drivers
v0000000001290910_0 .net *"_s2", 5 0, L_000000000132e4f0;  1 drivers
L_000000000132ffc8 .functor BUFT 1, C4<00>, C4<0>, C4<0>, C4<0>;
v00000000012909b0_0 .net *"_s5", 1 0, L_000000000132ffc8;  1 drivers
v000000000128f970_0 .net "address", 3 0, L_00000000012a3980;  alias, 1 drivers
v0000000001290190_0 .net/s "base", 7 0, L_00000000012a36e0;  alias, 1 drivers
v000000000128fab0 .array/s "lut", 15 0, 7 0;
v0000000001290230_0 .var/s "next__data", 7 0;
v000000000128fab0_0 .array/port v000000000128fab0, 0;
v000000000128fab0_1 .array/port v000000000128fab0, 1;
v000000000128fab0_2 .array/port v000000000128fab0, 2;
E_00000000012aca90/0 .event edge, v000000000128f970_0, v000000000128fab0_0, v000000000128fab0_1, v000000000128fab0_2;
v000000000128fab0_3 .array/port v000000000128fab0, 3;
v000000000128fab0_4 .array/port v000000000128fab0, 4;
v000000000128fab0_5 .array/port v000000000128fab0, 5;
v000000000128fab0_6 .array/port v000000000128fab0, 6;
E_00000000012aca90/1 .event edge, v000000000128fab0_3, v000000000128fab0_4, v000000000128fab0_5, v000000000128fab0_6;
v000000000128fab0_7 .array/port v000000000128fab0, 7;
v000000000128fab0_8 .array/port v000000000128fab0, 8;
v000000000128fab0_9 .array/port v000000000128fab0, 9;
v000000000128fab0_10 .array/port v000000000128fab0, 10;
E_00000000012aca90/2 .event edge, v000000000128fab0_7, v000000000128fab0_8, v000000000128fab0_9, v000000000128fab0_10;
v000000000128fab0_11 .array/port v000000000128fab0, 11;
v000000000128fab0_12 .array/port v000000000128fab0, 12;
v000000000128fab0_13 .array/port v000000000128fab0, 13;
v000000000128fab0_14 .array/port v000000000128fab0, 14;
E_00000000012aca90/3 .event edge, v000000000128fab0_11, v000000000128fab0_12, v000000000128fab0_13, v000000000128fab0_14;
v000000000128fab0_15 .array/port v000000000128fab0, 15;
E_00000000012aca90/4 .event edge, v000000000128fab0_15;
E_00000000012aca90 .event/or E_00000000012aca90/0, E_00000000012aca90/1, E_00000000012aca90/2, E_00000000012aca90/3, E_00000000012aca90/4;
L_000000000132df50 .array/port v000000000128fab0, L_000000000132e4f0;
L_000000000132e4f0 .concat [ 4 2 0 0], L_00000000012a3980, L_000000000132ffc8;
S_0000000000bb4e00 .scope module, "func1" "_____00003aT0_00003a_00003aneural__network_00003aT0_00003a_00003alayer0_00003aT0_00003a_00003afunc1_00003aT0" 4 106, 9 3 0, S_0000000000bd93e0;
 .timescale -12 -12;
    .port_info 0 /INPUT 8 "z__value";
    .port_info 1 /OUTPUT 8 "a";
L_00000000012a3c20 .functor BUFZ 4, L_000000000132ce70, C4<0000>, C4<0000>, C4<0000>;
L_00000000012a3050 .functor BUFZ 8, L_00000000012a3910, C4<00000000>, C4<00000000>, C4<00000000>;
L_00000000012a3360 .functor BUFZ 8, v000000000131ab80_0, C4<00000000>, C4<00000000>, C4<00000000>;
L_00000000012a3c90 .functor BUFZ 8, L_00000000012a3050, C4<00000000>, C4<00000000>, C4<00000000>;
L_00000000012a34b0 .functor BUFZ 8, L_00000000012a3360, C4<00000000>, C4<00000000>, C4<00000000>;
L_00000000012a32f0 .functor BUFZ 8, L_000000000132fc10, C4<00000000>, C4<00000000>, C4<00000000>;
L_00000000012a39f0 .functor BUFZ 8, v000000000131b260_0, C4<00000000>, C4<00000000>, C4<00000000>;
v000000000131aea0_0 .net "_00005e_000060545", 3 0, L_00000000012a3c20;  1 drivers
v000000000131a180_0 .net/s "_00005e_000060546", 7 0, L_00000000012a3910;  1 drivers
v000000000131ae00_0 .net/s "_00005e_000060547", 7 0, v000000000131ab80_0;  1 drivers
v000000000131b9e0_0 .net/s "_00005e_000060548", 7 0, L_00000000012a3c90;  1 drivers
v0000000001319d20_0 .net/s "_00005e_000060549", 7 0, L_00000000012a34b0;  1 drivers
v0000000001319dc0_0 .net/s "_00005e_000060550", 7 0, L_00000000012a32f0;  1 drivers
v000000000131b440_0 .net/s "_00005e_000060551", 7 0, v000000000131b260_0;  1 drivers
L_00000000013300a0 .functor BUFT 1, C4<0000>, C4<0>, C4<0>, C4<0>;
v0000000001319fa0_0 .net/2u *"_s2", 3 0, L_00000000013300a0;  1 drivers
v000000000131b4e0_0 .net *"_s5", 3 0, L_000000000132d370;  1 drivers
v0000000001319f00_0 .net/s "a", 7 0, L_00000000012a39f0;  alias, 1 drivers
v000000000131b580_0 .net "address", 3 0, L_000000000132ce70;  1 drivers
v000000000131b620_0 .net/s "base", 7 0, L_00000000012a3050;  1 drivers
v000000000131a220_0 .net/s "next__data", 7 0, L_00000000012a3360;  1 drivers
v000000000131a2c0_0 .net/s "remaining", 7 0, L_000000000132fc10;  1 drivers
v000000000131b6c0_0 .net/s "z__value", 7 0, v000000000131faa0_0;  alias, 1 drivers
L_000000000132ce70 .part v000000000131faa0_0, 4, 4;
L_000000000132d370 .part v000000000131faa0_0, 0, 4;
L_000000000132fc10 .concat [ 4 4 0 0], L_000000000132d370, L_00000000013300a0;
S_0000000000ba71c0 .scope module, "my__interpolator" "_____00003aT0_00003a_00003aneural__network_00003aT0_00003a_00003alayer0_00003aT0_00003a_00003afunc1_00003aT0_00003a_00003amy__interpolator_00003aT00" 9 20, 10 3 0, S_0000000000bb4e00;
 .timescale -12 -12;
    .port_info 0 /INPUT 8 "base";
    .port_info 1 /INPUT 8 "next__data";
    .port_info 2 /INPUT 8 "remaining";
    .port_info 3 /OUTPUT 8 "interpolated__value";
v000000000131bb20_0 .var/s "_00003a543_00003a_00003a_00003a540", 7 0;
v000000000131aae0_0 .var/s "_00003a543_00003a_00003a_00003a541", 7 0;
v000000000131b120_0 .net/s "base", 7 0, L_00000000012a3c90;  alias, 1 drivers
v000000000131b260_0 .var/s "interpolated__value", 7 0;
v000000000131afe0_0 .net/s "next__data", 7 0, L_00000000012a34b0;  alias, 1 drivers
v000000000131b760_0 .net/s "remaining", 7 0, L_00000000012a32f0;  alias, 1 drivers
E_00000000012acad0 .event edge, v000000000131afe0_0, v000000000131b120_0, v000000000131aae0_0, v000000000131b760_0;
S_0000000000ba7350 .scope module, "my__lut" "_____00003aT0_00003a_00003aneural__network_00003aT0_00003a_00003alayer0_00003aT0_00003a_00003afunc1_00003aT0_00003a_00003amy__lut_00003aT00" 9 19, 11 3 0, S_0000000000bb4e00;
 .timescale -12 -12;
    .port_info 0 /INPUT 4 "address";
    .port_info 1 /OUTPUT 8 "base";
    .port_info 2 /OUTPUT 8 "next__data";
L_00000000012a3910 .functor BUFZ 8, L_000000000132cd30, C4<00000000>, C4<00000000>, C4<00000000>;
v000000000131b300_0 .net *"_s0", 7 0, L_000000000132cd30;  1 drivers
v000000000131b3a0_0 .net *"_s2", 5 0, L_000000000132cdd0;  1 drivers
L_0000000001330058 .functor BUFT 1, C4<00>, C4<0>, C4<0>, C4<0>;
v000000000131af40_0 .net *"_s5", 1 0, L_0000000001330058;  1 drivers
v000000000131a040_0 .net "address", 3 0, L_00000000012a3c20;  alias, 1 drivers
v000000000131a0e0_0 .net/s "base", 7 0, L_00000000012a3910;  alias, 1 drivers
v000000000131b940 .array/s "lut", 15 0, 7 0;
v000000000131ab80_0 .var/s "next__data", 7 0;
v000000000131b940_0 .array/port v000000000131b940, 0;
v000000000131b940_1 .array/port v000000000131b940, 1;
v000000000131b940_2 .array/port v000000000131b940, 2;
E_00000000012acc10/0 .event edge, v000000000131a040_0, v000000000131b940_0, v000000000131b940_1, v000000000131b940_2;
v000000000131b940_3 .array/port v000000000131b940, 3;
v000000000131b940_4 .array/port v000000000131b940, 4;
v000000000131b940_5 .array/port v000000000131b940, 5;
v000000000131b940_6 .array/port v000000000131b940, 6;
E_00000000012acc10/1 .event edge, v000000000131b940_3, v000000000131b940_4, v000000000131b940_5, v000000000131b940_6;
v000000000131b940_7 .array/port v000000000131b940, 7;
v000000000131b940_8 .array/port v000000000131b940, 8;
v000000000131b940_9 .array/port v000000000131b940, 9;
v000000000131b940_10 .array/port v000000000131b940, 10;
E_00000000012acc10/2 .event edge, v000000000131b940_7, v000000000131b940_8, v000000000131b940_9, v000000000131b940_10;
v000000000131b940_11 .array/port v000000000131b940, 11;
v000000000131b940_12 .array/port v000000000131b940, 12;
v000000000131b940_13 .array/port v000000000131b940, 13;
v000000000131b940_14 .array/port v000000000131b940, 14;
E_00000000012acc10/3 .event edge, v000000000131b940_11, v000000000131b940_12, v000000000131b940_13, v000000000131b940_14;
v000000000131b940_15 .array/port v000000000131b940, 15;
E_00000000012acc10/4 .event edge, v000000000131b940_15;
E_00000000012acc10 .event/or E_00000000012acc10/0, E_00000000012acc10/1, E_00000000012acc10/2, E_00000000012acc10/3, E_00000000012acc10/4;
L_000000000132cd30 .array/port v000000000131b940, L_000000000132cdd0;
L_000000000132cdd0 .concat [ 4 2 0 0], L_00000000012a3c20, L_0000000001330058;
S_000000000131fc60 .scope module, "layer1" "_____00003aT0_00003a_00003aneural__network_00003aT0_00003a_00003alayer1_00003aT0" 3 69, 12 3 0, S_0000000000bdd9a0;
 .timescale -12 -12;
    .port_info 0 /INPUT 1 "clk";
    .port_info 1 /INPUT 1 "rst";
    .port_info 2 /INPUT 1 "req";
    .port_info 3 /INPUT 8 "_00003a123";
    .port_info 4 /INPUT 8 "_00003a124";
    .port_info 5 /OUTPUT 1 "ack__layer";
    .port_info 6 /OUTPUT 1 "_00003a125";
    .port_info 7 /OUTPUT 8 "_00003a77";
L_0000000001378720 .functor NOT 1, L_0000000001378bf0, C4<0>, C4<0>, C4<0>;
L_0000000001378870 .functor AND 1, L_0000000001379b20, L_0000000001378720, C4<1>, C4<1>;
L_0000000001378480 .functor BUFZ 1, L_0000000001379ab0, C4<0>, C4<0>, C4<0>;
L_0000000001378640 .functor BUFZ 1, v0000000001328620_0, C4<0>, C4<0>, C4<0>;
L_0000000001378020 .functor BUFZ 1, L_00000000013796c0, C4<0>, C4<0>, C4<0>;
L_0000000001378bf0 .functor BUFZ 1, v000000000131f780_0, C4<0>, C4<0>, C4<0>;
L_00000000013786b0 .functor BUFZ 1, L_00000000013796c0, C4<0>, C4<0>, C4<0>;
L_00000000013783a0 .functor BUFZ 8, L_00000000013781e0, C4<00000000>, C4<00000000>, C4<00000000>;
L_0000000001378c60 .functor BUFZ 8, v0000000001328c60_0, C4<00000000>, C4<00000000>, C4<00000000>;
L_0000000001378cd0 .functor BUFZ 1, v00000000013298e0_0, C4<0>, C4<0>, C4<0>;
L_0000000001378090 .functor BUFZ 1, v0000000001328e40_0, C4<0>, C4<0>, C4<0>;
L_0000000001378410 .functor BUFZ 8, v0000000001329700_0, C4<00000000>, C4<00000000>, C4<00000000>;
L_0000000001378d40 .functor BUFZ 8, v0000000001328800_0, C4<00000000>, C4<00000000>, C4<00000000>;
L_0000000001378100 .functor BUFZ 1, v0000000001329160_0, C4<0>, C4<0>, C4<0>;
L_0000000001379c70 .functor BUFZ 1, v0000000001328ee0_0, C4<0>, C4<0>, C4<0>;
L_00000000013799d0 .functor BUFZ 8, v0000000001328a80_0, C4<00000000>, C4<00000000>, C4<00000000>;
v00000000013297a0_0 .net/s "_00003a123", 7 0, L_0000000001379500;  alias, 1 drivers
v0000000001328da0_0 .net/s "_00003a124", 7 0, L_0000000001379570;  alias, 1 drivers
v0000000001329e80_0 .var "_00003a125", 0 0;
v00000000013298e0_0 .var "_00003a309", 0 0;
v0000000001328e40_0 .var "_00003a310", 0 0;
v0000000001329c00_0 .net/s "_00003a311", 7 0, L_0000000001378c60;  1 drivers
v0000000001329a20_0 .net/s "_00003a319", 7 0, L_0000000001378410;  1 drivers
v0000000001329700_0 .var/s "_00003a320", 7 0;
v0000000001329160_0 .var "_00003a354", 0 0;
v0000000001328ee0_0 .var "_00003a355", 0 0;
v0000000001329200_0 .net/s "_00003a356", 7 0, L_0000000001378d40;  1 drivers
v0000000001327fe0_0 .net "_00003a357", 0 0, L_00000000013786b0;  1 drivers
v00000000013284e0_0 .net/s "_00003a369", 7 0, L_00000000013799d0;  1 drivers
v0000000001328a80_0 .var/s "_00003a370", 7 0;
v0000000001329ca0_0 .var/s "_00003a77", 7 0;
v0000000001329d40_0 .net "_00005e_000060212", 0 0, L_0000000001378480;  1 drivers
v0000000001329660_0 .net "_00005e_000060213", 0 0, L_0000000001378640;  1 drivers
v0000000001328120_0 .net "_00005e_000060214", 0 0, L_0000000001378020;  1 drivers
v0000000001329980_0 .net "_00005e_000060215", 0 0, v000000000131f780_0;  1 drivers
v0000000001329520_0 .net/s "_00005e_000060216", 7 0, v000000000132b3f0_0;  1 drivers
v0000000001328580_0 .net/s "_00005e_000060217", 7 0, L_00000000013781e0;  1 drivers
v00000000013281c0_0 .net *"_s0", 0 0, L_0000000001378720;  1 drivers
v0000000001328620_0 .var "ack", 0 0;
v0000000001328f80_0 .var "ack__a0", 0 0;
v0000000001328260_0 .var "ack__add", 0 0;
v0000000001329020_0 .net "ack__layer", 0 0, v0000000001328f80_0;  alias, 1 drivers
v00000000013292a0_0 .net "ack__mac", 0 0, L_0000000001378bf0;  1 drivers
v0000000001329340_0 .var/s "add__n_00003a395_00003a_00003alv0", 7 0;
v00000000013293e0_0 .var "add__n_00003a395_00003a_00003alvok0", 0 0;
v0000000001328760_0 .var "add__n_00003a395_00003a_00003arun", 0 0;
v0000000001328300_0 .var/s "add__n_00003a395_00003a_00003arv0", 7 0;
v00000000013283a0_0 .var "add__n_00003a395_00003a_00003arvok0", 0 0;
v0000000001328440_0 .net/s "channel__accum_00003a317_00003a_00003areg__0", 7 0, v0000000001329700_0;  1 drivers
v00000000013286c0_0 .net "channel__b0_00003a352_00003a_00003aabus__r", 0 0, L_0000000001379c70;  1 drivers
v0000000001328800_0 .var/s "channel__b0_00003a352_00003a_00003adbus__r", 7 0;
v0000000001329480 .array/s "channel__b0_00003a352_00003a_00003amem", 0 0, 7 0;
v0000000001328940_0 .net "channel__b0_00003a352_00003a_00003atrig__r", 0 0, L_0000000001378100;  1 drivers
v00000000013289e0_0 .net "channel__w0_00003a302_00003a_00003aabus__r", 0 0, L_0000000001378090;  1 drivers
v0000000001328c60_0 .var/s "channel__w0_00003a302_00003a_00003adbus__r", 7 0;
v0000000001328b20 .array/s "channel__w0_00003a302_00003a_00003amem", 1 0, 7 0;
v0000000001328bc0_0 .net "channel__w0_00003a302_00003a_00003atrig__r", 0 0, L_0000000001378cd0;  1 drivers
v0000000001328d00_0 .net/s "channel__z_00003a367_00003a_00003areg__0", 7 0, v0000000001328a80_0;  1 drivers
v0000000001329ff0_0 .net "clk", 0 0, L_0000000001379ab0;  alias, 1 drivers
v000000000132b7b0_0 .var "flag__z0", 0 0;
v000000000132b8f0_0 .var/s "mac__n1_00003a347_00003a_00003aav0", 7 0;
v000000000132a450_0 .var/s "mac__n1_00003a347_00003a_00003alv0", 7 0;
v000000000132b490_0 .var "mac__n1_00003a347_00003a_00003alvok0", 0 0;
v000000000132b530_0 .var "mac__n1_00003a347_00003a_00003arun", 0 0;
v000000000132a590_0 .var/s "mac__n1_00003a347_00003a_00003arv", 7 0;
v000000000132a6d0_0 .var "mac__n1_00003a347_00003a_00003arvok", 0 0;
v000000000132a090_0 .var "mac__n1_00003a347_00003a_00003awok0", 0 0;
v000000000132b5d0_0 .net "req", 0 0, L_0000000001379b20;  alias, 1 drivers
v000000000132ae50_0 .net "req__mac", 0 0, L_0000000001378870;  1 drivers
v000000000132bd50_0 .net "rst", 0 0, L_00000000013796c0;  alias, 1 drivers
v000000000132ab30_0 .net/s "value__a0", 7 0, L_00000000013783a0;  1 drivers
v000000000132b3f0_0 .var/s "value__z0", 7 0;
E_00000000012af490 .event posedge, v0000000001329ff0_0;
E_00000000012af790 .event negedge, v0000000001329ff0_0;
S_000000000131fdf0 .scope module, "counter" "_____00003aT0_00003a_00003aneural__network_00003aT0_00003a_00003alayer1_00003aT0_00003a_00003acounter_00003aT00" 12 68, 13 3 0, S_000000000131fc60;
 .timescale -12 -12;
    .port_info 0 /INPUT 1 "clk";
    .port_info 1 /INPUT 1 "ack";
    .port_info 2 /INPUT 1 "rst";
    .port_info 3 /OUTPUT 1 "ack__mac";
v000000000131dde0_0 .net "ack", 0 0, L_0000000001378640;  alias, 1 drivers
v000000000131f780_0 .var "ack__mac", 0 0;
v000000000131e100_0 .net "clk", 0 0, L_0000000001378480;  alias, 1 drivers
v000000000131de80_0 .var "q", 1 0;
v000000000131e7e0_0 .net "rst", 0 0, L_0000000001378020;  alias, 1 drivers
E_00000000012afcd0 .event negedge, v000000000131e100_0;
S_0000000000ba2980 .scope module, "func0" "_____00003aT0_00003a_00003aneural__network_00003aT0_00003a_00003alayer1_00003aT0_00003a_00003afunc0_00003aT00" 12 69, 14 3 0, S_000000000131fc60;
 .timescale -12 -12;
    .port_info 0 /INPUT 8 "z__value";
    .port_info 1 /OUTPUT 8 "a";
L_0000000001378e20 .functor BUFZ 4, L_000000000132e950, C4<0000>, C4<0000>, C4<0000>;
L_0000000001378f00 .functor BUFZ 8, L_0000000001378800, C4<00000000>, C4<00000000>, C4<00000000>;
L_0000000001378950 .functor BUFZ 8, v000000000131e6a0_0, C4<00000000>, C4<00000000>, C4<00000000>;
L_0000000001378aa0 .functor BUFZ 8, L_0000000001378f00, C4<00000000>, C4<00000000>, C4<00000000>;
L_0000000001378b80 .functor BUFZ 8, L_0000000001378950, C4<00000000>, C4<00000000>, C4<00000000>;
L_0000000001378560 .functor BUFZ 8, L_000000000132ee50, C4<00000000>, C4<00000000>, C4<00000000>;
L_00000000013781e0 .functor BUFZ 8, v000000000131e060_0, C4<00000000>, C4<00000000>, C4<00000000>;
v000000000131e740_0 .net "_00005e_000060545", 3 0, L_0000000001378e20;  1 drivers
v000000000131f000_0 .net/s "_00005e_000060546", 7 0, L_0000000001378800;  1 drivers
v000000000131e880_0 .net/s "_00005e_000060547", 7 0, v000000000131e6a0_0;  1 drivers
v000000000131e920_0 .net/s "_00005e_000060548", 7 0, L_0000000001378aa0;  1 drivers
v000000000131ec40_0 .net/s "_00005e_000060549", 7 0, L_0000000001378b80;  1 drivers
v000000000131ece0_0 .net/s "_00005e_000060550", 7 0, L_0000000001378560;  1 drivers
v000000000131ed80_0 .net/s "_00005e_000060551", 7 0, v000000000131e060_0;  1 drivers
L_0000000001330130 .functor BUFT 1, C4<0000>, C4<0>, C4<0>, C4<0>;
v0000000001329840_0 .net/2u *"_s2", 3 0, L_0000000001330130;  1 drivers
v00000000013290c0_0 .net *"_s5", 3 0, L_000000000132f850;  1 drivers
v0000000001329b60_0 .net/s "a", 7 0, L_00000000013781e0;  alias, 1 drivers
v0000000001329de0_0 .net "address", 3 0, L_000000000132e950;  1 drivers
v0000000001329ac0_0 .net/s "base", 7 0, L_0000000001378f00;  1 drivers
v00000000013295c0_0 .net/s "next__data", 7 0, L_0000000001378950;  1 drivers
v00000000013288a0_0 .net/s "remaining", 7 0, L_000000000132ee50;  1 drivers
v0000000001328080_0 .net/s "z__value", 7 0, v000000000132b3f0_0;  alias, 1 drivers
L_000000000132e950 .part v000000000132b3f0_0, 4, 4;
L_000000000132f850 .part v000000000132b3f0_0, 0, 4;
L_000000000132ee50 .concat [ 4 4 0 0], L_000000000132f850, L_0000000001330130;
S_0000000000ba2b10 .scope module, "my__interpolator" "_____00003aT0_00003a_00003aneural__network_00003aT0_00003a_00003alayer1_00003aT0_00003a_00003afunc0_00003aT00_00003a_00003amy__interpolator_00003aT10" 14 20, 15 3 0, S_0000000000ba2980;
 .timescale -12 -12;
    .port_info 0 /INPUT 8 "base";
    .port_info 1 /INPUT 8 "next__data";
    .port_info 2 /INPUT 8 "remaining";
    .port_info 3 /OUTPUT 8 "interpolated__value";
v000000000131f3c0_0 .var/s "_00003a603_00003a_00003a_00003a600", 7 0;
v000000000131df20_0 .var/s "_00003a603_00003a_00003a_00003a601", 7 0;
v000000000131dfc0_0 .net/s "base", 7 0, L_0000000001378aa0;  alias, 1 drivers
v000000000131e060_0 .var/s "interpolated__value", 7 0;
v000000000131e1a0_0 .net/s "next__data", 7 0, L_0000000001378b80;  alias, 1 drivers
v000000000131e240_0 .net/s "remaining", 7 0, L_0000000001378560;  alias, 1 drivers
E_00000000012aff50 .event edge, v000000000131e1a0_0, v000000000131dfc0_0, v000000000131df20_0, v000000000131e240_0;
S_0000000000b9cae0 .scope module, "my__lut" "_____00003aT0_00003a_00003aneural__network_00003aT0_00003a_00003alayer1_00003aT0_00003a_00003afunc0_00003aT00_00003a_00003amy__lut_00003aT10" 14 19, 16 3 0, S_0000000000ba2980;
 .timescale -12 -12;
    .port_info 0 /INPUT 4 "address";
    .port_info 1 /OUTPUT 8 "base";
    .port_info 2 /OUTPUT 8 "next__data";
L_0000000001378800 .functor BUFZ 8, L_000000000132ebd0, C4<00000000>, C4<00000000>, C4<00000000>;
v000000000131e2e0_0 .net *"_s0", 7 0, L_000000000132ebd0;  1 drivers
v000000000131e380_0 .net *"_s2", 5 0, L_000000000132f3f0;  1 drivers
L_00000000013300e8 .functor BUFT 1, C4<00>, C4<0>, C4<0>, C4<0>;
v000000000131e420_0 .net *"_s5", 1 0, L_00000000013300e8;  1 drivers
v000000000131f140_0 .net "address", 3 0, L_0000000001378e20;  alias, 1 drivers
v000000000131e4c0_0 .net/s "base", 7 0, L_0000000001378800;  alias, 1 drivers
v000000000131e560 .array/s "lut", 15 0, 7 0;
v000000000131e6a0_0 .var/s "next__data", 7 0;
v000000000131e560_0 .array/port v000000000131e560, 0;
v000000000131e560_1 .array/port v000000000131e560, 1;
v000000000131e560_2 .array/port v000000000131e560, 2;
E_00000000012af350/0 .event edge, v000000000131f140_0, v000000000131e560_0, v000000000131e560_1, v000000000131e560_2;
v000000000131e560_3 .array/port v000000000131e560, 3;
v000000000131e560_4 .array/port v000000000131e560, 4;
v000000000131e560_5 .array/port v000000000131e560, 5;
v000000000131e560_6 .array/port v000000000131e560, 6;
E_00000000012af350/1 .event edge, v000000000131e560_3, v000000000131e560_4, v000000000131e560_5, v000000000131e560_6;
v000000000131e560_7 .array/port v000000000131e560, 7;
v000000000131e560_8 .array/port v000000000131e560, 8;
v000000000131e560_9 .array/port v000000000131e560, 9;
v000000000131e560_10 .array/port v000000000131e560, 10;
E_00000000012af350/2 .event edge, v000000000131e560_7, v000000000131e560_8, v000000000131e560_9, v000000000131e560_10;
v000000000131e560_11 .array/port v000000000131e560, 11;
v000000000131e560_12 .array/port v000000000131e560, 12;
v000000000131e560_13 .array/port v000000000131e560, 13;
v000000000131e560_14 .array/port v000000000131e560, 14;
E_00000000012af350/3 .event edge, v000000000131e560_11, v000000000131e560_12, v000000000131e560_13, v000000000131e560_14;
v000000000131e560_15 .array/port v000000000131e560, 15;
E_00000000012af350/4 .event edge, v000000000131e560_15;
E_00000000012af350 .event/or E_00000000012af350/0, E_00000000012af350/1, E_00000000012af350/2, E_00000000012af350/3, E_00000000012af350/4;
L_000000000132ebd0 .array/port v000000000131e560, L_000000000132f3f0;
L_000000000132f3f0 .concat [ 4 2 0 0], L_0000000001378e20, L_00000000013300e8;
    .scope S_0000000000bd9570;
T_0 ;
    %wait E_00000000012ac550;
    %load/vec4 v00000000012907d0_0;
    %flag_set/vec4 8;
    %jmp/0xz  T_0.0, 8;
    %pushi/vec4 0, 0, 2;
    %assign/vec4 v0000000001290730_0, 0;
    %pushi/vec4 0, 0, 1;
    %assign/vec4 v0000000001290e10_0, 0;
    %jmp T_0.1;
T_0.0 ;
    %load/vec4 v0000000001291450_0;
    %flag_set/vec4 8;
    %jmp/0xz  T_0.2, 8;
    %load/vec4 v0000000001290730_0;
    %pad/u 32;
    %addi 1, 0, 32;
    %pad/u 2;
    %assign/vec4 v0000000001290730_0, 0;
    %load/vec4 v0000000001290730_0;
    %pad/u 32;
    %cmpi/e 2, 0, 32;
    %jmp/0xz  T_0.4, 4;
    %pushi/vec4 0, 0, 2;
    %assign/vec4 v0000000001290730_0, 0;
    %pushi/vec4 1, 0, 1;
    %assign/vec4 v0000000001290e10_0, 0;
T_0.4 ;
T_0.2 ;
T_0.1 ;
    %jmp T_0;
    .thread T_0;
    .scope S_0000000000bb4c70;
T_1 ;
    %wait E_00000000012aca90;
    %load/vec4 v000000000128f970_0;
    %pad/u 32;
    %cmpi/e 15, 0, 32;
    %jmp/0xz  T_1.0, 4;
    %ix/load 4, 0, 0;
    %flag_set/imm 4, 0;
    %load/vec4a v000000000128fab0, 4;
    %assign/vec4 v0000000001290230_0, 0;
    %jmp T_1.1;
T_1.0 ;
    %load/vec4 v000000000128f970_0;
    %cmpi/e 7, 0, 4;
    %jmp/0xz  T_1.2, 4;
    %load/vec4 v000000000128f970_0;
    %pad/u 6;
    %ix/vec4 4;
    %load/vec4a v000000000128fab0, 4;
    %assign/vec4 v0000000001290230_0, 0;
    %jmp T_1.3;
T_1.2 ;
    %load/vec4 v000000000128f970_0;
    %pad/u 33;
    %addi 1, 0, 33;
    %ix/vec4 4;
    %load/vec4a v000000000128fab0, 4;
    %assign/vec4 v0000000001290230_0, 0;
T_1.3 ;
T_1.1 ;
    %jmp T_1;
    .thread T_1, $push;
    .scope S_0000000000bb4c70;
T_2 ;
    %pushi/vec4 0, 0, 8;
    %ix/load 4, 0, 0;
    %flag_set/imm 4, 0;
    %store/vec4a v000000000128fab0, 4, 0;
    %pushi/vec4 16, 0, 8;
    %ix/load 4, 1, 0;
    %flag_set/imm 4, 0;
    %store/vec4a v000000000128fab0, 4, 0;
    %pushi/vec4 32, 0, 8;
    %ix/load 4, 2, 0;
    %flag_set/imm 4, 0;
    %store/vec4a v000000000128fab0, 4, 0;
    %pushi/vec4 48, 0, 8;
    %ix/load 4, 3, 0;
    %flag_set/imm 4, 0;
    %store/vec4a v000000000128fab0, 4, 0;
    %pushi/vec4 64, 0, 8;
    %ix/load 4, 4, 0;
    %flag_set/imm 4, 0;
    %store/vec4a v000000000128fab0, 4, 0;
    %pushi/vec4 80, 0, 8;
    %ix/load 4, 5, 0;
    %flag_set/imm 4, 0;
    %store/vec4a v000000000128fab0, 4, 0;
    %pushi/vec4 96, 0, 8;
    %ix/load 4, 6, 0;
    %flag_set/imm 4, 0;
    %store/vec4a v000000000128fab0, 4, 0;
    %pushi/vec4 112, 0, 8;
    %ix/load 4, 7, 0;
    %flag_set/imm 4, 0;
    %store/vec4a v000000000128fab0, 4, 0;
    %pushi/vec4 0, 0, 8;
    %ix/load 4, 8, 0;
    %flag_set/imm 4, 0;
    %store/vec4a v000000000128fab0, 4, 0;
    %pushi/vec4 0, 0, 8;
    %ix/load 4, 9, 0;
    %flag_set/imm 4, 0;
    %store/vec4a v000000000128fab0, 4, 0;
    %pushi/vec4 0, 0, 8;
    %ix/load 4, 10, 0;
    %flag_set/imm 4, 0;
    %store/vec4a v000000000128fab0, 4, 0;
    %pushi/vec4 0, 0, 8;
    %ix/load 4, 11, 0;
    %flag_set/imm 4, 0;
    %store/vec4a v000000000128fab0, 4, 0;
    %pushi/vec4 0, 0, 8;
    %ix/load 4, 12, 0;
    %flag_set/imm 4, 0;
    %store/vec4a v000000000128fab0, 4, 0;
    %pushi/vec4 0, 0, 8;
    %ix/load 4, 13, 0;
    %flag_set/imm 4, 0;
    %store/vec4a v000000000128fab0, 4, 0;
    %pushi/vec4 0, 0, 8;
    %ix/load 4, 14, 0;
    %flag_set/imm 4, 0;
    %store/vec4a v000000000128fab0, 4, 0;
    %pushi/vec4 0, 0, 8;
    %ix/load 4, 15, 0;
    %flag_set/imm 4, 0;
    %store/vec4a v000000000128fab0, 4, 0;
    %end;
    .thread T_2;
    .scope S_0000000000bb9650;
T_3 ;
    %wait E_00000000012aca50;
    %load/vec4 v00000000012902d0_0;
    %load/vec4 v0000000001290b90_0;
    %sub;
    %store/vec4 v0000000001290ff0_0, 0, 8;
    %load/vec4 v00000000012902d0_0;
    %load/vec4 v0000000001290b90_0;
    %sub;
    %store/vec4 v0000000001290870_0, 0, 8;
    %load/vec4 v0000000001290b90_0;
    %pad/s 12;
    %load/vec4 v0000000001290870_0;
    %parti/s 1, 7, 4;
    %replicate 4;
    %load/vec4 v0000000001290870_0;
    %concat/vec4; draw_concat_vec4
    %load/vec4 v00000000012916d0_0;
    %pad/s 12;
    %mul;
    %ix/load 4, 4, 0;
    %flag_set/imm 4, 0;
    %shiftr 4;
    %add;
    %pad/s 8;
    %store/vec4 v000000000128ff10_0, 0, 8;
    %jmp T_3;
    .thread T_3, $push;
    .scope S_0000000000ba7350;
T_4 ;
    %wait E_00000000012acc10;
    %load/vec4 v000000000131a040_0;
    %pad/u 32;
    %cmpi/e 15, 0, 32;
    %jmp/0xz  T_4.0, 4;
    %ix/load 4, 0, 0;
    %flag_set/imm 4, 0;
    %load/vec4a v000000000131b940, 4;
    %assign/vec4 v000000000131ab80_0, 0;
    %jmp T_4.1;
T_4.0 ;
    %load/vec4 v000000000131a040_0;
    %cmpi/e 7, 0, 4;
    %jmp/0xz  T_4.2, 4;
    %load/vec4 v000000000131a040_0;
    %pad/u 6;
    %ix/vec4 4;
    %load/vec4a v000000000131b940, 4;
    %assign/vec4 v000000000131ab80_0, 0;
    %jmp T_4.3;
T_4.2 ;
    %load/vec4 v000000000131a040_0;
    %pad/u 33;
    %addi 1, 0, 33;
    %ix/vec4 4;
    %load/vec4a v000000000131b940, 4;
    %assign/vec4 v000000000131ab80_0, 0;
T_4.3 ;
T_4.1 ;
    %jmp T_4;
    .thread T_4, $push;
    .scope S_0000000000ba7350;
T_5 ;
    %pushi/vec4 0, 0, 8;
    %ix/load 4, 0, 0;
    %flag_set/imm 4, 0;
    %store/vec4a v000000000131b940, 4, 0;
    %pushi/vec4 16, 0, 8;
    %ix/load 4, 1, 0;
    %flag_set/imm 4, 0;
    %store/vec4a v000000000131b940, 4, 0;
    %pushi/vec4 32, 0, 8;
    %ix/load 4, 2, 0;
    %flag_set/imm 4, 0;
    %store/vec4a v000000000131b940, 4, 0;
    %pushi/vec4 48, 0, 8;
    %ix/load 4, 3, 0;
    %flag_set/imm 4, 0;
    %store/vec4a v000000000131b940, 4, 0;
    %pushi/vec4 64, 0, 8;
    %ix/load 4, 4, 0;
    %flag_set/imm 4, 0;
    %store/vec4a v000000000131b940, 4, 0;
    %pushi/vec4 80, 0, 8;
    %ix/load 4, 5, 0;
    %flag_set/imm 4, 0;
    %store/vec4a v000000000131b940, 4, 0;
    %pushi/vec4 96, 0, 8;
    %ix/load 4, 6, 0;
    %flag_set/imm 4, 0;
    %store/vec4a v000000000131b940, 4, 0;
    %pushi/vec4 112, 0, 8;
    %ix/load 4, 7, 0;
    %flag_set/imm 4, 0;
    %store/vec4a v000000000131b940, 4, 0;
    %pushi/vec4 0, 0, 8;
    %ix/load 4, 8, 0;
    %flag_set/imm 4, 0;
    %store/vec4a v000000000131b940, 4, 0;
    %pushi/vec4 0, 0, 8;
    %ix/load 4, 9, 0;
    %flag_set/imm 4, 0;
    %store/vec4a v000000000131b940, 4, 0;
    %pushi/vec4 0, 0, 8;
    %ix/load 4, 10, 0;
    %flag_set/imm 4, 0;
    %store/vec4a v000000000131b940, 4, 0;
    %pushi/vec4 0, 0, 8;
    %ix/load 4, 11, 0;
    %flag_set/imm 4, 0;
    %store/vec4a v000000000131b940, 4, 0;
    %pushi/vec4 0, 0, 8;
    %ix/load 4, 12, 0;
    %flag_set/imm 4, 0;
    %store/vec4a v000000000131b940, 4, 0;
    %pushi/vec4 0, 0, 8;
    %ix/load 4, 13, 0;
    %flag_set/imm 4, 0;
    %store/vec4a v000000000131b940, 4, 0;
    %pushi/vec4 0, 0, 8;
    %ix/load 4, 14, 0;
    %flag_set/imm 4, 0;
    %store/vec4a v000000000131b940, 4, 0;
    %pushi/vec4 0, 0, 8;
    %ix/load 4, 15, 0;
    %flag_set/imm 4, 0;
    %store/vec4a v000000000131b940, 4, 0;
    %end;
    .thread T_5;
    .scope S_0000000000ba71c0;
T_6 ;
    %wait E_00000000012acad0;
    %load/vec4 v000000000131afe0_0;
    %load/vec4 v000000000131b120_0;
    %sub;
    %store/vec4 v000000000131bb20_0, 0, 8;
    %load/vec4 v000000000131afe0_0;
    %load/vec4 v000000000131b120_0;
    %sub;
    %store/vec4 v000000000131aae0_0, 0, 8;
    %load/vec4 v000000000131b120_0;
    %pad/s 12;
    %load/vec4 v000000000131aae0_0;
    %parti/s 1, 7, 4;
    %replicate 4;
    %load/vec4 v000000000131aae0_0;
    %concat/vec4; draw_concat_vec4
    %load/vec4 v000000000131b760_0;
    %pad/s 12;
    %mul;
    %ix/load 4, 4, 0;
    %flag_set/imm 4, 0;
    %shiftr 4;
    %add;
    %pad/s 8;
    %store/vec4 v000000000131b260_0, 0, 8;
    %jmp T_6;
    .thread T_6, $push;
    .scope S_0000000000bd93e0;
T_7 ;
    %wait E_00000000012ac5d0;
    %load/vec4 v000000000131f1e0_0;
    %flag_set/vec4 8;
    %jmp/0xz  T_7.0, 8;
    %pushi/vec4 0, 0, 1;
    %assign/vec4 v000000000131d8b0_0, 0;
    %pushi/vec4 0, 0, 1;
    %assign/vec4 v000000000131cc30_0, 0;
T_7.0 ;
    %jmp T_7;
    .thread T_7;
    .scope S_0000000000bd93e0;
T_8 ;
    %wait E_00000000012ac5d0;
    %load/vec4 v000000000131cc30_0;
    %flag_set/vec4 8;
    %jmp/0xz  T_8.0, 8;
    %load/vec4 v000000000131cf50_0;
    %assign/vec4 v000000000131f960_0, 0;
    %pushi/vec4 1, 0, 1;
    %assign/vec4 v000000000131eec0_0, 0;
    %load/vec4 v000000000131ca50_0;
    %assign/vec4 v000000000131faa0_0, 0;
    %pushi/vec4 1, 0, 1;
    %assign/vec4 v000000000131e9c0_0, 0;
    %jmp T_8.1;
T_8.0 ;
    %pushi/vec4 0, 0, 1;
    %assign/vec4 v000000000131eec0_0, 0;
    %pushi/vec4 0, 0, 1;
    %assign/vec4 v000000000131e9c0_0, 0;
T_8.1 ;
    %jmp T_8;
    .thread T_8;
    .scope S_0000000000bd93e0;
T_9 ;
    %wait E_00000000012ac5d0;
    %load/vec4 v000000000131f1e0_0;
    %flag_set/vec4 8;
    %jmp/0xz  T_9.0, 8;
    %pushi/vec4 0, 0, 1;
    %assign/vec4 v000000000131c690_0, 0;
    %pushi/vec4 0, 0, 1;
    %assign/vec4 v000000000131da90_0, 0;
    %jmp T_9.1;
T_9.0 ;
    %load/vec4 v000000000131eec0_0;
    %load/vec4 v000000000131e9c0_0;
    %and;
    %flag_set/vec4 8;
    %jmp/0xz  T_9.2, 8;
    %load/vec4 v000000000131f640_0;
    %assign/vec4 v000000000131b800_0, 0;
    %pushi/vec4 1, 0, 1;
    %assign/vec4 v000000000131c690_0, 0;
    %load/vec4 v000000000131f6e0_0;
    %assign/vec4 v000000000131ba80_0, 0;
    %pushi/vec4 1, 0, 1;
    %assign/vec4 v000000000131da90_0, 0;
T_9.2 ;
T_9.1 ;
    %jmp T_9;
    .thread T_9;
    .scope S_0000000000bd93e0;
T_10 ;
    %wait E_00000000012ac510;
    %load/vec4 v000000000131c4b0_0;
    %pad/u 3;
    %ix/vec4 4;
    %load/vec4a v000000000131c5f0, 4;
    %assign/vec4 v000000000131c550_0, 0;
    %jmp T_10;
    .thread T_10;
    .scope S_0000000000bd93e0;
T_11 ;
    %wait E_00000000012ac510;
    %load/vec4 v000000000131c870_0;
    %pad/u 3;
    %ix/vec4 4;
    %load/vec4a v000000000131f5a0, 4;
    %assign/vec4 v000000000131c9b0_0, 0;
    %jmp T_11;
    .thread T_11;
    .scope S_0000000000bd93e0;
T_12 ;
    %wait E_00000000012ac5d0;
    %load/vec4 v000000000131f1e0_0;
    %pad/u 32;
    %cmpi/e 1, 0, 32;
    %jmp/0xz  T_12.0, 4;
    %pushi/vec4 1, 0, 1;
    %assign/vec4 v000000000131a540_0, 0;
    %pushi/vec4 0, 0, 1;
    %assign/vec4 v000000000131a900_0, 0;
T_12.0 ;
    %load/vec4 v000000000131f1e0_0;
    %pad/u 32;
    %cmpi/e 1, 0, 32;
    %jmp/0xz  T_12.2, 4;
    %pushi/vec4 1, 0, 1;
    %assign/vec4 v000000000131a400_0, 0;
    %pushi/vec4 0, 0, 1;
    %assign/vec4 v000000000131a360_0, 0;
T_12.2 ;
    %load/vec4 v000000000131f1e0_0;
    %pad/u 32;
    %cmpi/e 1, 0, 32;
    %jmp/0xz  T_12.4, 4;
    %pushi/vec4 1, 0, 1;
    %assign/vec4 v000000000131ce10_0, 0;
T_12.4 ;
    %pushi/vec4 0, 0, 1;
    %assign/vec4 v000000000131ceb0_0, 0;
    %pushi/vec4 0, 0, 1;
    %assign/vec4 v000000000131d8b0_0, 0;
    %pushi/vec4 0, 0, 1;
    %assign/vec4 v000000000131f280_0, 0;
    %load/vec4 v000000000131f280_0;
    %inv;
    %flag_set/vec4 8;
    %jmp/0xz  T_12.6, 8;
    %pushi/vec4 0, 0, 1;
    %assign/vec4 v000000000131f500_0, 0;
    %pushi/vec4 0, 0, 1;
    %assign/vec4 v000000000131e600_0, 0;
    %pushi/vec4 0, 0, 1;
    %assign/vec4 v000000000131ef60_0, 0;
    %pushi/vec4 0, 0, 1;
    %assign/vec4 v000000000131f460_0, 0;
    %pushi/vec4 0, 0, 1;
    %assign/vec4 v000000000131eb00_0, 0;
T_12.6 ;
    %load/vec4 v000000000131dd40_0;
    %load/vec4 v000000000131f280_0;
    %or;
    %flag_set/vec4 8;
    %jmp/0xz  T_12.8, 8;
    %pushi/vec4 1, 0, 1;
    %assign/vec4 v000000000131f280_0, 0;
    %load/vec4 v000000000131f500_0;
    %inv;
    %flag_set/vec4 8;
    %jmp/0xz  T_12.10, 8;
    %load/vec4 v000000000131f1e0_0;
    %pad/u 32;
    %cmpi/e 0, 0, 32;
    %jmp/0xz  T_12.12, 4;
    %load/vec4 v000000000131ceb0_0;
    %pad/u 32;
    %cmpi/e 1, 0, 32;
    %jmp/0xz  T_12.14, 4;
    %load/vec4 v000000000131bf10_0;
    %assign/vec4 v000000000131fa00_0, 0;
    %pushi/vec4 1, 0, 1;
    %assign/vec4 v000000000131f500_0, 0;
    %jmp T_12.15;
T_12.14 ;
    %load/vec4 v000000000131ce10_0;
    %pad/u 32;
    %addi 1, 0, 32;
    %pad/u 1;
    %assign/vec4 v000000000131ce10_0, 0;
    %pushi/vec4 1, 0, 1;
    %assign/vec4 v000000000131ceb0_0, 0;
T_12.15 ;
T_12.12 ;
T_12.10 ;
    %load/vec4 v000000000131e600_0;
    %inv;
    %flag_set/vec4 8;
    %jmp/0xz  T_12.16, 8;
    %load/vec4 v000000000131f1e0_0;
    %pad/u 32;
    %cmpi/e 0, 0, 32;
    %jmp/0xz  T_12.18, 4;
    %load/vec4 v000000000131a360_0;
    %pad/u 32;
    %cmpi/e 1, 0, 32;
    %jmp/0xz  T_12.20, 4;
    %pushi/vec4 0, 0, 1;
    %assign/vec4 v000000000131a360_0, 0;
    %load/vec4 v000000000131a4a0_0;
    %assign/vec4 v000000000131f820_0, 0;
    %pushi/vec4 1, 0, 1;
    %assign/vec4 v000000000131e600_0, 0;
    %jmp T_12.21;
T_12.20 ;
    %load/vec4 v000000000131a400_0;
    %pad/u 32;
    %addi 1, 0, 32;
    %pad/u 1;
    %assign/vec4 v000000000131a400_0, 0;
    %pushi/vec4 1, 0, 1;
    %assign/vec4 v000000000131a360_0, 0;
T_12.21 ;
T_12.18 ;
T_12.16 ;
    %load/vec4 v000000000131e600_0;
    %load/vec4 v000000000131f500_0;
    %and;
    %load/vec4 v000000000131ef60_0;
    %inv;
    %and;
    %flag_set/vec4 8;
    %jmp/0xz  T_12.22, 8;
    %pushi/vec4 1, 0, 1;
    %assign/vec4 v000000000131d8b0_0, 0;
    %pushi/vec4 0, 0, 1;
    %assign/vec4 v000000000131f280_0, 0;
    %load/vec4 v000000000131f8c0_0;
    %pad/s 12;
    %load/vec4 v000000000131f820_0;
    %parti/s 1, 7, 4;
    %replicate 4;
    %load/vec4 v000000000131f820_0;
    %concat/vec4; draw_concat_vec4
    %load/vec4 v000000000131fa00_0;
    %pad/s 12;
    %mul;
    %ix/load 4, 4, 0;
    %flag_set/imm 4, 0;
    %shiftr 4;
    %add;
    %pad/s 8;
    %assign/vec4 v000000000131f8c0_0, 0;
    %load/vec4 v000000000131f8c0_0;
    %assign/vec4 v000000000131a7c0_0, 0;
    %pushi/vec4 1, 0, 1;
    %assign/vec4 v000000000131ef60_0, 0;
T_12.22 ;
    %load/vec4 v000000000131ef60_0;
    %load/vec4 v000000000131eb00_0;
    %and;
    %flag_set/vec4 8;
    %jmp/0xz  T_12.24, 8;
    %pushi/vec4 0, 0, 1;
    %assign/vec4 v000000000131ef60_0, 0;
    %pushi/vec4 0, 0, 1;
    %assign/vec4 v000000000131eb00_0, 0;
    %pushi/vec4 0, 0, 1;
    %assign/vec4 v000000000131e600_0, 0;
    %pushi/vec4 0, 0, 1;
    %assign/vec4 v000000000131f460_0, 0;
    %pushi/vec4 0, 0, 1;
    %assign/vec4 v000000000131f500_0, 0;
T_12.24 ;
    %load/vec4 v000000000131f460_0;
    %inv;
    %flag_set/vec4 8;
    %jmp/0xz  T_12.26, 8;
    %load/vec4 v000000000131f1e0_0;
    %pad/u 32;
    %cmpi/e 0, 0, 32;
    %jmp/0xz  T_12.28, 4;
    %load/vec4 v000000000131a900_0;
    %pad/u 32;
    %cmpi/e 1, 0, 32;
    %jmp/0xz  T_12.30, 4;
    %pushi/vec4 0, 0, 1;
    %assign/vec4 v000000000131a900_0, 0;
    %load/vec4 v000000000131a5e0_0;
    %assign/vec4 v000000000131f320_0, 0;
    %pushi/vec4 1, 0, 1;
    %assign/vec4 v000000000131f460_0, 0;
    %jmp T_12.31;
T_12.30 ;
    %load/vec4 v000000000131a540_0;
    %pad/u 32;
    %addi 1, 0, 32;
    %pad/u 1;
    %assign/vec4 v000000000131a540_0, 0;
    %pushi/vec4 1, 0, 1;
    %assign/vec4 v000000000131a900_0, 0;
T_12.31 ;
T_12.28 ;
T_12.26 ;
    %load/vec4 v000000000131f460_0;
    %load/vec4 v000000000131f500_0;
    %and;
    %load/vec4 v000000000131eb00_0;
    %inv;
    %and;
    %flag_set/vec4 8;
    %jmp/0xz  T_12.32, 8;
    %pushi/vec4 1, 0, 1;
    %assign/vec4 v000000000131d8b0_0, 0;
    %pushi/vec4 0, 0, 1;
    %assign/vec4 v000000000131f280_0, 0;
    %load/vec4 v000000000131fb40_0;
    %pad/s 12;
    %load/vec4 v000000000131f320_0;
    %parti/s 1, 7, 4;
    %replicate 4;
    %load/vec4 v000000000131f320_0;
    %concat/vec4; draw_concat_vec4
    %load/vec4 v000000000131fa00_0;
    %pad/s 12;
    %mul;
    %ix/load 4, 4, 0;
    %flag_set/imm 4, 0;
    %shiftr 4;
    %add;
    %pad/s 8;
    %assign/vec4 v000000000131fb40_0, 0;
    %load/vec4 v000000000131fb40_0;
    %assign/vec4 v000000000131a860_0, 0;
    %pushi/vec4 1, 0, 1;
    %assign/vec4 v000000000131eb00_0, 0;
T_12.32 ;
    %load/vec4 v000000000131ef60_0;
    %load/vec4 v000000000131eb00_0;
    %and;
    %flag_set/vec4 8;
    %jmp/0xz  T_12.34, 8;
    %pushi/vec4 0, 0, 1;
    %assign/vec4 v000000000131ef60_0, 0;
    %pushi/vec4 0, 0, 1;
    %assign/vec4 v000000000131eb00_0, 0;
    %pushi/vec4 0, 0, 1;
    %assign/vec4 v000000000131e600_0, 0;
    %pushi/vec4 0, 0, 1;
    %assign/vec4 v000000000131f460_0, 0;
    %pushi/vec4 0, 0, 1;
    %assign/vec4 v000000000131f500_0, 0;
T_12.34 ;
    %jmp T_12.9;
T_12.8 ;
    %pushi/vec4 0, 0, 8;
    %assign/vec4 v000000000131f8c0_0, 0;
    %pushi/vec4 0, 0, 8;
    %assign/vec4 v000000000131fb40_0, 0;
T_12.9 ;
    %jmp T_12;
    .thread T_12;
    .scope S_0000000000bd93e0;
T_13 ;
    %wait E_00000000012ac510;
    %load/vec4 v000000000131d6d0_0;
    %pad/u 3;
    %ix/vec4 4;
    %load/vec4a v000000000131d810, 4;
    %assign/vec4 v000000000131c2d0_0, 0;
    %jmp T_13;
    .thread T_13;
    .scope S_0000000000bd93e0;
T_14 ;
    %wait E_00000000012ac510;
    %load/vec4 v000000000131c190_0;
    %pad/u 3;
    %ix/vec4 4;
    %load/vec4a v000000000131bd30, 4;
    %assign/vec4 v000000000131c230_0, 0;
    %jmp T_14;
    .thread T_14;
    .scope S_0000000000bd93e0;
T_15 ;
    %wait E_00000000012ac5d0;
    %pushi/vec4 0, 0, 1;
    %assign/vec4 v000000000131acc0_0, 0;
    %pushi/vec4 0, 0, 1;
    %assign/vec4 v000000000131ad60_0, 0;
    %pushi/vec4 0, 0, 1;
    %assign/vec4 v000000000131cc30_0, 0;
    %pushi/vec4 0, 0, 1;
    %assign/vec4 v000000000131be70_0, 0;
    %load/vec4 v000000000131bfb0_0;
    %load/vec4 v000000000131be70_0;
    %or;
    %flag_set/vec4 8;
    %jmp/0xz  T_15.0, 8;
    %pushi/vec4 1, 0, 1;
    %assign/vec4 v000000000131be70_0, 0;
    %load/vec4 v000000000131a680_0;
    %assign/vec4 v000000000131d090_0, 0;
    %pushi/vec4 1, 0, 1;
    %assign/vec4 v000000000131d1d0_0, 0;
    %load/vec4 v000000000131ac20_0;
    %pad/u 32;
    %cmpi/e 0, 0, 32;
    %jmp/0xz  T_15.2, 4;
    %load/vec4 v000000000131ad60_0;
    %pad/u 32;
    %cmpi/e 1, 0, 32;
    %jmp/0xz  T_15.4, 4;
    %load/vec4 v000000000131aa40_0;
    %assign/vec4 v000000000131d270_0, 0;
    %pushi/vec4 0, 0, 1;
    %assign/vec4 v000000000131ad60_0, 0;
    %pushi/vec4 1, 0, 1;
    %assign/vec4 v000000000131d3b0_0, 0;
    %jmp T_15.5;
T_15.4 ;
    %pushi/vec4 0, 0, 1;
    %assign/vec4 v000000000131a9a0_0, 0;
    %pushi/vec4 1, 0, 1;
    %assign/vec4 v000000000131ad60_0, 0;
T_15.5 ;
T_15.2 ;
    %load/vec4 v000000000131d1d0_0;
    %load/vec4 v000000000131d3b0_0;
    %and;
    %flag_set/vec4 8;
    %jmp/0xz  T_15.6, 8;
    %pushi/vec4 0, 0, 1;
    %assign/vec4 v000000000131be70_0, 0;
    %pushi/vec4 1, 0, 1;
    %assign/vec4 v000000000131cc30_0, 0;
    %load/vec4 v000000000131d090_0;
    %load/vec4 v000000000131d270_0;
    %add;
    %assign/vec4 v000000000131d9f0_0, 0;
T_15.6 ;
    %load/vec4 v000000000131a720_0;
    %assign/vec4 v000000000131cff0_0, 0;
    %pushi/vec4 1, 0, 1;
    %assign/vec4 v000000000131c0f0_0, 0;
    %load/vec4 v000000000131d4f0_0;
    %pad/u 32;
    %cmpi/e 0, 0, 32;
    %jmp/0xz  T_15.8, 4;
    %load/vec4 v000000000131acc0_0;
    %pad/u 32;
    %cmpi/e 1, 0, 32;
    %jmp/0xz  T_15.10, 4;
    %load/vec4 v000000000131c370_0;
    %assign/vec4 v000000000131d310_0, 0;
    %pushi/vec4 0, 0, 1;
    %assign/vec4 v000000000131acc0_0, 0;
    %pushi/vec4 1, 0, 1;
    %assign/vec4 v000000000131bc90_0, 0;
    %jmp T_15.11;
T_15.10 ;
    %pushi/vec4 0, 0, 1;
    %assign/vec4 v000000000131c910_0, 0;
    %pushi/vec4 1, 0, 1;
    %assign/vec4 v000000000131acc0_0, 0;
T_15.11 ;
T_15.8 ;
    %load/vec4 v000000000131c0f0_0;
    %load/vec4 v000000000131bc90_0;
    %and;
    %flag_set/vec4 8;
    %jmp/0xz  T_15.12, 8;
    %pushi/vec4 0, 0, 1;
    %assign/vec4 v000000000131be70_0, 0;
    %pushi/vec4 1, 0, 1;
    %assign/vec4 v000000000131cc30_0, 0;
    %load/vec4 v000000000131cff0_0;
    %load/vec4 v000000000131d310_0;
    %add;
    %assign/vec4 v000000000131d130_0, 0;
T_15.12 ;
    %jmp T_15.1;
T_15.0 ;
    %pushi/vec4 0, 0, 1;
    %assign/vec4 v000000000131d1d0_0, 0;
    %pushi/vec4 0, 0, 1;
    %assign/vec4 v000000000131d3b0_0, 0;
    %pushi/vec4 0, 0, 1;
    %assign/vec4 v000000000131c0f0_0, 0;
    %pushi/vec4 0, 0, 1;
    %assign/vec4 v000000000131bc90_0, 0;
T_15.1 ;
    %jmp T_15;
    .thread T_15;
    .scope S_0000000000bd93e0;
T_16 ;
    %pushi/vec4 12, 0, 8;
    %ix/load 4, 0, 0;
    %flag_set/imm 4, 0;
    %store/vec4a v000000000131c5f0, 4, 0;
    %pushi/vec4 242, 0, 8;
    %ix/load 4, 1, 0;
    %flag_set/imm 4, 0;
    %store/vec4a v000000000131c5f0, 4, 0;
    %pushi/vec4 239, 0, 8;
    %ix/load 4, 0, 0;
    %flag_set/imm 4, 0;
    %store/vec4a v000000000131f5a0, 4, 0;
    %pushi/vec4 24, 0, 8;
    %ix/load 4, 1, 0;
    %flag_set/imm 4, 0;
    %store/vec4a v000000000131f5a0, 4, 0;
    %pushi/vec4 1, 0, 8;
    %ix/load 4, 0, 0;
    %flag_set/imm 4, 0;
    %store/vec4a v000000000131d810, 4, 0;
    %pushi/vec4 253, 0, 8;
    %ix/load 4, 0, 0;
    %flag_set/imm 4, 0;
    %store/vec4a v000000000131bd30, 4, 0;
    %end;
    .thread T_16;
    .scope S_000000000131fdf0;
T_17 ;
    %wait E_00000000012afcd0;
    %load/vec4 v000000000131e7e0_0;
    %flag_set/vec4 8;
    %jmp/0xz  T_17.0, 8;
    %pushi/vec4 0, 0, 2;
    %assign/vec4 v000000000131de80_0, 0;
    %pushi/vec4 0, 0, 1;
    %assign/vec4 v000000000131f780_0, 0;
    %jmp T_17.1;
T_17.0 ;
    %load/vec4 v000000000131dde0_0;
    %flag_set/vec4 8;
    %jmp/0xz  T_17.2, 8;
    %load/vec4 v000000000131de80_0;
    %pad/u 32;
    %addi 1, 0, 32;
    %pad/u 2;
    %assign/vec4 v000000000131de80_0, 0;
    %load/vec4 v000000000131de80_0;
    %pad/u 32;
    %cmpi/e 2, 0, 32;
    %jmp/0xz  T_17.4, 4;
    %pushi/vec4 0, 0, 2;
    %assign/vec4 v000000000131de80_0, 0;
    %pushi/vec4 1, 0, 1;
    %assign/vec4 v000000000131f780_0, 0;
T_17.4 ;
T_17.2 ;
T_17.1 ;
    %jmp T_17;
    .thread T_17;
    .scope S_0000000000b9cae0;
T_18 ;
    %wait E_00000000012af350;
    %load/vec4 v000000000131f140_0;
    %pad/u 32;
    %cmpi/e 15, 0, 32;
    %jmp/0xz  T_18.0, 4;
    %ix/load 4, 0, 0;
    %flag_set/imm 4, 0;
    %load/vec4a v000000000131e560, 4;
    %assign/vec4 v000000000131e6a0_0, 0;
    %jmp T_18.1;
T_18.0 ;
    %load/vec4 v000000000131f140_0;
    %cmpi/e 7, 0, 4;
    %jmp/0xz  T_18.2, 4;
    %load/vec4 v000000000131f140_0;
    %pad/u 6;
    %ix/vec4 4;
    %load/vec4a v000000000131e560, 4;
    %assign/vec4 v000000000131e6a0_0, 0;
    %jmp T_18.3;
T_18.2 ;
    %load/vec4 v000000000131f140_0;
    %pad/u 33;
    %addi 1, 0, 33;
    %ix/vec4 4;
    %load/vec4a v000000000131e560, 4;
    %assign/vec4 v000000000131e6a0_0, 0;
T_18.3 ;
T_18.1 ;
    %jmp T_18;
    .thread T_18, $push;
    .scope S_0000000000b9cae0;
T_19 ;
    %pushi/vec4 0, 0, 8;
    %ix/load 4, 0, 0;
    %flag_set/imm 4, 0;
    %store/vec4a v000000000131e560, 4, 0;
    %pushi/vec4 16, 0, 8;
    %ix/load 4, 1, 0;
    %flag_set/imm 4, 0;
    %store/vec4a v000000000131e560, 4, 0;
    %pushi/vec4 32, 0, 8;
    %ix/load 4, 2, 0;
    %flag_set/imm 4, 0;
    %store/vec4a v000000000131e560, 4, 0;
    %pushi/vec4 48, 0, 8;
    %ix/load 4, 3, 0;
    %flag_set/imm 4, 0;
    %store/vec4a v000000000131e560, 4, 0;
    %pushi/vec4 64, 0, 8;
    %ix/load 4, 4, 0;
    %flag_set/imm 4, 0;
    %store/vec4a v000000000131e560, 4, 0;
    %pushi/vec4 80, 0, 8;
    %ix/load 4, 5, 0;
    %flag_set/imm 4, 0;
    %store/vec4a v000000000131e560, 4, 0;
    %pushi/vec4 96, 0, 8;
    %ix/load 4, 6, 0;
    %flag_set/imm 4, 0;
    %store/vec4a v000000000131e560, 4, 0;
    %pushi/vec4 112, 0, 8;
    %ix/load 4, 7, 0;
    %flag_set/imm 4, 0;
    %store/vec4a v000000000131e560, 4, 0;
    %pushi/vec4 128, 0, 8;
    %ix/load 4, 8, 0;
    %flag_set/imm 4, 0;
    %store/vec4a v000000000131e560, 4, 0;
    %pushi/vec4 144, 0, 8;
    %ix/load 4, 9, 0;
    %flag_set/imm 4, 0;
    %store/vec4a v000000000131e560, 4, 0;
    %pushi/vec4 160, 0, 8;
    %ix/load 4, 10, 0;
    %flag_set/imm 4, 0;
    %store/vec4a v000000000131e560, 4, 0;
    %pushi/vec4 176, 0, 8;
    %ix/load 4, 11, 0;
    %flag_set/imm 4, 0;
    %store/vec4a v000000000131e560, 4, 0;
    %pushi/vec4 192, 0, 8;
    %ix/load 4, 12, 0;
    %flag_set/imm 4, 0;
    %store/vec4a v000000000131e560, 4, 0;
    %pushi/vec4 208, 0, 8;
    %ix/load 4, 13, 0;
    %flag_set/imm 4, 0;
    %store/vec4a v000000000131e560, 4, 0;
    %pushi/vec4 224, 0, 8;
    %ix/load 4, 14, 0;
    %flag_set/imm 4, 0;
    %store/vec4a v000000000131e560, 4, 0;
    %pushi/vec4 240, 0, 8;
    %ix/load 4, 15, 0;
    %flag_set/imm 4, 0;
    %store/vec4a v000000000131e560, 4, 0;
    %end;
    .thread T_19;
    .scope S_0000000000ba2b10;
T_20 ;
    %wait E_00000000012aff50;
    %load/vec4 v000000000131e1a0_0;
    %load/vec4 v000000000131dfc0_0;
    %sub;
    %store/vec4 v000000000131f3c0_0, 0, 8;
    %load/vec4 v000000000131e1a0_0;
    %load/vec4 v000000000131dfc0_0;
    %sub;
    %store/vec4 v000000000131df20_0, 0, 8;
    %load/vec4 v000000000131dfc0_0;
    %pad/s 12;
    %load/vec4 v000000000131df20_0;
    %parti/s 1, 7, 4;
    %replicate 4;
    %load/vec4 v000000000131df20_0;
    %concat/vec4; draw_concat_vec4
    %load/vec4 v000000000131e240_0;
    %pad/s 12;
    %mul;
    %ix/load 4, 4, 0;
    %flag_set/imm 4, 0;
    %shiftr 4;
    %add;
    %pad/s 8;
    %store/vec4 v000000000131e060_0, 0, 8;
    %jmp T_20;
    .thread T_20, $push;
    .scope S_000000000131fc60;
T_21 ;
    %wait E_00000000012af490;
    %load/vec4 v000000000132bd50_0;
    %flag_set/vec4 8;
    %jmp/0xz  T_21.0, 8;
    %pushi/vec4 0, 0, 1;
    %assign/vec4 v0000000001328620_0, 0;
    %pushi/vec4 0, 0, 1;
    %assign/vec4 v0000000001328260_0, 0;
T_21.0 ;
    %jmp T_21;
    .thread T_21;
    .scope S_000000000131fc60;
T_22 ;
    %wait E_00000000012af490;
    %load/vec4 v0000000001328260_0;
    %flag_set/vec4 8;
    %jmp/0xz  T_22.0, 8;
    %load/vec4 v00000000013284e0_0;
    %assign/vec4 v000000000132b3f0_0, 0;
    %pushi/vec4 1, 0, 1;
    %assign/vec4 v000000000132b7b0_0, 0;
    %jmp T_22.1;
T_22.0 ;
    %pushi/vec4 0, 0, 1;
    %assign/vec4 v000000000132b7b0_0, 0;
T_22.1 ;
    %jmp T_22;
    .thread T_22;
    .scope S_000000000131fc60;
T_23 ;
    %wait E_00000000012af490;
    %load/vec4 v000000000132bd50_0;
    %flag_set/vec4 8;
    %jmp/0xz  T_23.0, 8;
    %pushi/vec4 0, 0, 1;
    %assign/vec4 v0000000001328f80_0, 0;
    %jmp T_23.1;
T_23.0 ;
    %load/vec4 v000000000132b7b0_0;
    %flag_set/vec4 8;
    %jmp/0xz  T_23.2, 8;
    %load/vec4 v000000000132ab30_0;
    %assign/vec4 v0000000001329ca0_0, 0;
    %pushi/vec4 1, 0, 1;
    %assign/vec4 v0000000001328f80_0, 0;
T_23.2 ;
T_23.1 ;
    %jmp T_23;
    .thread T_23;
    .scope S_000000000131fc60;
T_24 ;
    %wait E_00000000012af790;
    %load/vec4 v00000000013289e0_0;
    %pad/u 3;
    %ix/vec4 4;
    %load/vec4a v0000000001328b20, 4;
    %assign/vec4 v0000000001328c60_0, 0;
    %jmp T_24;
    .thread T_24;
    .scope S_000000000131fc60;
T_25 ;
    %wait E_00000000012af490;
    %load/vec4 v000000000132bd50_0;
    %pad/u 32;
    %cmpi/e 1, 0, 32;
    %jmp/0xz  T_25.0, 4;
    %pushi/vec4 1, 0, 1;
    %assign/vec4 v0000000001328e40_0, 0;
    %pushi/vec4 0, 0, 1;
    %assign/vec4 v00000000013298e0_0, 0;
T_25.0 ;
    %load/vec4 v000000000132bd50_0;
    %pad/u 32;
    %cmpi/e 1, 0, 32;
    %jmp/0xz  T_25.2, 4;
    %pushi/vec4 0, 0, 1;
    %assign/vec4 v0000000001329e80_0, 0;
T_25.2 ;
    %pushi/vec4 0, 0, 1;
    %assign/vec4 v0000000001328620_0, 0;
    %pushi/vec4 0, 0, 1;
    %assign/vec4 v000000000132b530_0, 0;
    %load/vec4 v000000000132b530_0;
    %inv;
    %flag_set/vec4 8;
    %jmp/0xz  T_25.4, 8;
    %pushi/vec4 0, 0, 1;
    %assign/vec4 v000000000132a6d0_0, 0;
    %pushi/vec4 0, 0, 1;
    %assign/vec4 v000000000132b490_0, 0;
    %pushi/vec4 0, 0, 1;
    %assign/vec4 v000000000132a090_0, 0;
T_25.4 ;
    %load/vec4 v000000000132ae50_0;
    %load/vec4 v000000000132b530_0;
    %or;
    %flag_set/vec4 8;
    %jmp/0xz  T_25.6, 8;
    %pushi/vec4 1, 0, 1;
    %assign/vec4 v000000000132b530_0, 0;
    %load/vec4 v000000000132a6d0_0;
    %inv;
    %flag_set/vec4 8;
    %jmp/0xz  T_25.8, 8;
    %load/vec4 v000000000132bd50_0;
    %pad/u 32;
    %cmpi/e 0, 0, 32;
    %jmp/0xz  T_25.10, 4;
    %load/vec4 v0000000001329e80_0;
    %dup/vec4;
    %pushi/vec4 0, 0, 1;
    %cmp/u;
    %jmp/1 T_25.12, 6;
    %dup/vec4;
    %pushi/vec4 1, 0, 1;
    %cmp/u;
    %jmp/1 T_25.13, 6;
    %jmp T_25.14;
T_25.12 ;
    %load/vec4 v00000000013297a0_0;
    %assign/vec4 v000000000132a590_0, 0;
    %jmp T_25.14;
T_25.13 ;
    %load/vec4 v0000000001328da0_0;
    %assign/vec4 v000000000132a590_0, 0;
    %jmp T_25.14;
T_25.14 ;
    %pop/vec4 1;
    %pushi/vec4 1, 0, 1;
    %assign/vec4 v000000000132a6d0_0, 0;
    %load/vec4 v0000000001329e80_0;
    %pad/u 32;
    %addi 1, 0, 32;
    %pad/u 1;
    %assign/vec4 v0000000001329e80_0, 0;
T_25.10 ;
T_25.8 ;
    %load/vec4 v000000000132b490_0;
    %inv;
    %flag_set/vec4 8;
    %jmp/0xz  T_25.15, 8;
    %load/vec4 v000000000132bd50_0;
    %pad/u 32;
    %cmpi/e 0, 0, 32;
    %jmp/0xz  T_25.17, 4;
    %load/vec4 v00000000013298e0_0;
    %pad/u 32;
    %cmpi/e 1, 0, 32;
    %jmp/0xz  T_25.19, 4;
    %pushi/vec4 0, 0, 1;
    %assign/vec4 v00000000013298e0_0, 0;
    %load/vec4 v0000000001329c00_0;
    %assign/vec4 v000000000132a450_0, 0;
    %pushi/vec4 1, 0, 1;
    %assign/vec4 v000000000132b490_0, 0;
    %jmp T_25.20;
T_25.19 ;
    %load/vec4 v0000000001328e40_0;
    %pad/u 32;
    %addi 1, 0, 32;
    %pad/u 1;
    %assign/vec4 v0000000001328e40_0, 0;
    %pushi/vec4 1, 0, 1;
    %assign/vec4 v00000000013298e0_0, 0;
T_25.20 ;
T_25.17 ;
T_25.15 ;
    %load/vec4 v000000000132b490_0;
    %load/vec4 v000000000132a6d0_0;
    %and;
    %load/vec4 v000000000132a090_0;
    %inv;
    %and;
    %flag_set/vec4 8;
    %jmp/0xz  T_25.21, 8;
    %pushi/vec4 1, 0, 1;
    %assign/vec4 v0000000001328620_0, 0;
    %pushi/vec4 0, 0, 1;
    %assign/vec4 v000000000132b530_0, 0;
    %load/vec4 v000000000132b8f0_0;
    %pad/s 12;
    %load/vec4 v000000000132a450_0;
    %parti/s 1, 7, 4;
    %replicate 4;
    %load/vec4 v000000000132a450_0;
    %concat/vec4; draw_concat_vec4
    %load/vec4 v000000000132a590_0;
    %pad/s 12;
    %mul;
    %ix/load 4, 4, 0;
    %flag_set/imm 4, 0;
    %shiftr 4;
    %add;
    %pad/s 8;
    %assign/vec4 v000000000132b8f0_0, 0;
    %load/vec4 v000000000132b8f0_0;
    %assign/vec4 v0000000001329700_0, 0;
    %pushi/vec4 1, 0, 1;
    %assign/vec4 v000000000132a090_0, 0;
T_25.21 ;
    %load/vec4 v000000000132a090_0;
    %flag_set/vec4 8;
    %jmp/0xz  T_25.23, 8;
    %pushi/vec4 0, 0, 1;
    %assign/vec4 v000000000132a090_0, 0;
    %pushi/vec4 0, 0, 1;
    %assign/vec4 v000000000132b490_0, 0;
    %pushi/vec4 0, 0, 1;
    %assign/vec4 v000000000132a6d0_0, 0;
T_25.23 ;
    %jmp T_25.7;
T_25.6 ;
    %pushi/vec4 0, 0, 8;
    %assign/vec4 v000000000132b8f0_0, 0;
T_25.7 ;
    %jmp T_25;
    .thread T_25;
    .scope S_000000000131fc60;
T_26 ;
    %wait E_00000000012af790;
    %load/vec4 v00000000013286c0_0;
    %pad/u 3;
    %ix/vec4 4;
    %load/vec4a v0000000001329480, 4;
    %assign/vec4 v0000000001328800_0, 0;
    %jmp T_26;
    .thread T_26;
    .scope S_000000000131fc60;
T_27 ;
    %wait E_00000000012af490;
    %pushi/vec4 0, 0, 1;
    %assign/vec4 v0000000001329160_0, 0;
    %pushi/vec4 0, 0, 1;
    %assign/vec4 v0000000001328260_0, 0;
    %pushi/vec4 0, 0, 1;
    %assign/vec4 v0000000001328760_0, 0;
    %load/vec4 v00000000013292a0_0;
    %load/vec4 v0000000001328760_0;
    %or;
    %flag_set/vec4 8;
    %jmp/0xz  T_27.0, 8;
    %pushi/vec4 1, 0, 1;
    %assign/vec4 v0000000001328760_0, 0;
    %load/vec4 v0000000001329a20_0;
    %assign/vec4 v0000000001329340_0, 0;
    %pushi/vec4 1, 0, 1;
    %assign/vec4 v00000000013293e0_0, 0;
    %load/vec4 v0000000001327fe0_0;
    %pad/u 32;
    %cmpi/e 0, 0, 32;
    %jmp/0xz  T_27.2, 4;
    %load/vec4 v0000000001329160_0;
    %pad/u 32;
    %cmpi/e 1, 0, 32;
    %jmp/0xz  T_27.4, 4;
    %load/vec4 v0000000001329200_0;
    %assign/vec4 v0000000001328300_0, 0;
    %pushi/vec4 0, 0, 1;
    %assign/vec4 v0000000001329160_0, 0;
    %pushi/vec4 1, 0, 1;
    %assign/vec4 v00000000013283a0_0, 0;
    %jmp T_27.5;
T_27.4 ;
    %pushi/vec4 0, 0, 1;
    %assign/vec4 v0000000001328ee0_0, 0;
    %pushi/vec4 1, 0, 1;
    %assign/vec4 v0000000001329160_0, 0;
T_27.5 ;
T_27.2 ;
    %load/vec4 v00000000013293e0_0;
    %load/vec4 v00000000013283a0_0;
    %and;
    %flag_set/vec4 8;
    %jmp/0xz  T_27.6, 8;
    %pushi/vec4 0, 0, 1;
    %assign/vec4 v0000000001328760_0, 0;
    %pushi/vec4 1, 0, 1;
    %assign/vec4 v0000000001328260_0, 0;
    %load/vec4 v0000000001329340_0;
    %load/vec4 v0000000001328300_0;
    %add;
    %assign/vec4 v0000000001328a80_0, 0;
T_27.6 ;
    %jmp T_27.1;
T_27.0 ;
    %pushi/vec4 0, 0, 1;
    %assign/vec4 v00000000013293e0_0, 0;
    %pushi/vec4 0, 0, 1;
    %assign/vec4 v00000000013283a0_0, 0;
T_27.1 ;
    %jmp T_27;
    .thread T_27;
    .scope S_000000000131fc60;
T_28 ;
    %pushi/vec4 20, 0, 8;
    %ix/load 4, 0, 0;
    %flag_set/imm 4, 0;
    %store/vec4a v0000000001328b20, 4, 0;
    %pushi/vec4 13, 0, 8;
    %ix/load 4, 1, 0;
    %flag_set/imm 4, 0;
    %store/vec4a v0000000001328b20, 4, 0;
    %pushi/vec4 254, 0, 8;
    %ix/load 4, 0, 0;
    %flag_set/imm 4, 0;
    %store/vec4a v0000000001329480, 4, 0;
    %end;
    .thread T_28;
    .scope S_0000000000bdd9a0;
T_29 ;
    %wait E_00000000012ac850;
    %load/vec4 v000000000132d690_0;
    %pad/u 32;
    %cmpi/e 1, 0, 32;
    %jmp/0xz  T_29.0, 4;
    %pushi/vec4 1, 0, 1;
    %assign/vec4 v000000000132aef0_0, 0;
T_29.0 ;
    %pushi/vec4 0, 0, 1;
    %assign/vec4 v000000000132b710_0, 0;
    %load/vec4 v000000000132d690_0;
    %pad/u 32;
    %cmpi/e 1, 0, 32;
    %jmp/0xz  T_29.2, 4;
    %pushi/vec4 1, 0, 1;
    %assign/vec4 v000000000132af90_0, 0;
    %pushi/vec4 0, 0, 1;
    %assign/vec4 v000000000132b850_0, 0;
T_29.2 ;
    %load/vec4 v000000000132d690_0;
    %flag_set/vec4 8;
    %jmp/0xz  T_29.4, 8;
    %pushi/vec4 0, 0, 2;
    %assign/vec4 v000000000132c1f0_0, 0;
    %pushi/vec4 0, 0, 1;
    %assign/vec4 v000000000132d5f0_0, 0;
    %pushi/vec4 0, 0, 1;
    %assign/vec4 v000000000132e090_0, 0;
    %jmp T_29.5;
T_29.4 ;
    %load/vec4 v000000000132d050_0;
    %flag_set/vec4 8;
    %jmp/0xz  T_29.6, 8;
    %load/vec4 v000000000132d690_0;
    %pad/u 32;
    %cmpi/e 0, 0, 32;
    %jmp/0xz  T_29.8, 4;
    %load/vec4 v000000000132b850_0;
    %pad/u 32;
    %cmpi/e 1, 0, 32;
    %jmp/0xz  T_29.10, 4;
    %pushi/vec4 0, 0, 1;
    %assign/vec4 v000000000132b850_0, 0;
    %load/vec4 v000000000132a1d0_0;
    %assign/vec4 v000000000132d410_0, 0;
    %pushi/vec4 1, 0, 1;
    %assign/vec4 v000000000132d5f0_0, 0;
    %jmp T_29.11;
T_29.10 ;
    %load/vec4 v000000000132af90_0;
    %pad/u 32;
    %addi 1, 0, 32;
    %pad/u 1;
    %assign/vec4 v000000000132af90_0, 0;
    %pushi/vec4 1, 0, 1;
    %assign/vec4 v000000000132b850_0, 0;
T_29.11 ;
T_29.8 ;
    %jmp T_29.7;
T_29.6 ;
    %load/vec4 v000000000132d5f0_0;
    %flag_set/vec4 8;
    %jmp/0xz  T_29.12, 8;
    %load/vec4 v000000000132c1f0_0;
    %pad/u 32;
    %addi 1, 0, 32;
    %pad/u 2;
    %assign/vec4 v000000000132c1f0_0, 0;
    %pushi/vec4 0, 0, 1;
    %assign/vec4 v000000000132d5f0_0, 0;
    %load/vec4 v000000000132c1f0_0;
    %pad/u 32;
    %cmpi/e 2, 0, 32;
    %jmp/0xz  T_29.14, 4;
    %pushi/vec4 1, 0, 1;
    %assign/vec4 v000000000132e090_0, 0;
T_29.14 ;
    %load/vec4 v000000000132d690_0;
    %pad/u 32;
    %cmpi/e 0, 0, 32;
    %jmp/0xz  T_29.16, 4;
    %load/vec4 v000000000132aef0_0;
    %pad/u 32;
    %addi 1, 0, 32;
    %pad/u 1;
    %assign/vec4 v000000000132aef0_0, 0;
    %pushi/vec4 1, 0, 1;
    %assign/vec4 v000000000132b710_0, 0;
    %load/vec4 v000000000132d410_0;
    %assign/vec4 v000000000132bb70_0, 0;
T_29.16 ;
    %jmp T_29.13;
T_29.12 ;
    %pushi/vec4 0, 0, 1;
    %assign/vec4 v000000000132d5f0_0, 0;
T_29.13 ;
T_29.7 ;
T_29.5 ;
    %jmp T_29;
    .thread T_29;
    .scope S_0000000000bdd9a0;
T_30 ;
    %wait E_00000000012ac850;
    %load/vec4 v000000000132d690_0;
    %pad/u 32;
    %cmpi/e 1, 0, 32;
    %jmp/0xz  T_30.0, 4;
    %pushi/vec4 1, 0, 1;
    %assign/vec4 v000000000132b670_0, 0;
T_30.0 ;
    %pushi/vec4 0, 0, 1;
    %assign/vec4 v000000000132b990_0, 0;
    %load/vec4 v000000000132d690_0;
    %pad/u 32;
    %cmpi/e 1, 0, 32;
    %jmp/0xz  T_30.2, 4;
    %pushi/vec4 0, 0, 1;
    %assign/vec4 v000000000132bad0_0, 0;
T_30.2 ;
    %load/vec4 v000000000132d690_0;
    %flag_set/vec4 8;
    %jmp/0xz  T_30.4, 8;
    %pushi/vec4 0, 0, 1;
    %assign/vec4 v000000000132c290_0, 0;
    %pushi/vec4 0, 0, 1;
    %assign/vec4 v000000000132c6f0_0, 0;
    %pushi/vec4 0, 0, 1;
    %assign/vec4 v000000000132d550_0, 0;
    %jmp T_30.5;
T_30.4 ;
    %load/vec4 v000000000132c3d0_0;
    %flag_set/vec4 8;
    %jmp/0xz  T_30.6, 8;
    %load/vec4 v000000000132d690_0;
    %pad/u 32;
    %cmpi/e 0, 0, 32;
    %jmp/0xz  T_30.8, 4;
    %load/vec4 v000000000132bad0_0;
    %dup/vec4;
    %pushi/vec4 0, 0, 1;
    %cmp/u;
    %jmp/1 T_30.10, 6;
    %jmp T_30.11;
T_30.10 ;
    %load/vec4 v000000000132ba30_0;
    %assign/vec4 v000000000132c510_0, 0;
    %jmp T_30.11;
T_30.11 ;
    %pop/vec4 1;
    %pushi/vec4 1, 0, 1;
    %assign/vec4 v000000000132c6f0_0, 0;
    %load/vec4 v000000000132bad0_0;
    %pad/u 32;
    %addi 1, 0, 32;
    %pushi/vec4 1, 0, 32;
    %cmp/e;
    %flag_get/vec4 4;
    %pad/u 32;
    %cmpi/e 1, 0, 32;
    %flag_mov 8, 4;
    %jmp/0 T_30.12, 8;
    %load/vec4 v000000000132bad0_0;
    %pad/u 32;
    %addi 1, 0, 32;
    %jmp/1 T_30.13, 8;
T_30.12 ; End of true expr.
    %pushi/vec4 0, 0, 32;
    %jmp/0 T_30.13, 8;
 ; End of false expr.
    %blend;
T_30.13;
    %pad/u 1;
    %assign/vec4 v000000000132bad0_0, 0;
T_30.8 ;
    %jmp T_30.7;
T_30.6 ;
    %load/vec4 v000000000132c6f0_0;
    %flag_set/vec4 8;
    %jmp/0xz  T_30.14, 8;
    %load/vec4 v000000000132c290_0;
    %pad/u 32;
    %addi 1, 0, 32;
    %pad/u 1;
    %assign/vec4 v000000000132c290_0, 0;
    %pushi/vec4 0, 0, 1;
    %assign/vec4 v000000000132c6f0_0, 0;
    %load/vec4 v000000000132c290_0;
    %pad/u 32;
    %cmpi/e 1, 0, 32;
    %jmp/0xz  T_30.16, 4;
    %pushi/vec4 1, 0, 1;
    %assign/vec4 v000000000132d550_0, 0;
T_30.16 ;
    %load/vec4 v000000000132d690_0;
    %pad/u 32;
    %cmpi/e 0, 0, 32;
    %jmp/0xz  T_30.18, 4;
    %load/vec4 v000000000132b670_0;
    %pad/u 32;
    %addi 1, 0, 32;
    %pushi/vec4 1, 0, 32;
    %cmp/e;
    %flag_get/vec4 4;
    %pad/u 32;
    %cmpi/e 1, 0, 32;
    %flag_mov 8, 4;
    %jmp/0 T_30.20, 8;
    %load/vec4 v000000000132b670_0;
    %pad/u 32;
    %addi 1, 0, 32;
    %jmp/1 T_30.21, 8;
T_30.20 ; End of true expr.
    %pushi/vec4 0, 0, 32;
    %jmp/0 T_30.21, 8;
 ; End of false expr.
    %blend;
T_30.21;
    %pad/u 1;
    %assign/vec4 v000000000132b670_0, 0;
    %pushi/vec4 1, 0, 1;
    %assign/vec4 v000000000132b990_0, 0;
    %load/vec4 v000000000132c510_0;
    %assign/vec4 v000000000132ac70_0, 0;
T_30.18 ;
    %jmp T_30.15;
T_30.14 ;
    %pushi/vec4 0, 0, 1;
    %assign/vec4 v000000000132c6f0_0, 0;
T_30.15 ;
T_30.7 ;
T_30.5 ;
    %jmp T_30;
    .thread T_30;
    .scope S_0000000000bdd9a0;
T_31 ;
    %wait E_00000000012ac4d0;
    %load/vec4 v000000000132dc30_0;
    %pad/u 3;
    %ix/vec4 4;
    %load/vec4a v000000000132d230, 4;
    %assign/vec4 v000000000132e3b0_0, 0;
    %load/vec4 v000000000132e630_0;
    %flag_set/vec4 8;
    %jmp/0xz  T_31.0, 8;
    %load/vec4 v000000000132d190_0;
    %load/vec4 v000000000132daf0_0;
    %pad/u 3;
    %ix/vec4 3;
    %ix/load 4, 0, 0; Constant delay
    %assign/vec4/a/d v000000000132d230, 0, 4;
T_31.0 ;
    %jmp T_31;
    .thread T_31;
    .scope S_0000000000bdd810;
T_32 ;
    %vpi_call 2 60 "$monitor", "t=%3d ack_network=%b x0=%b x1=%b y=%b", $time, v000000000132c010_0, &A<v000000000132e450, 0>, &A<v000000000132e450, 1>, &A<v000000000132d4b0, 0> {0 0 0};
    %pushi/vec4 0, 0, 1;
    %store/vec4 v000000000132d7d0_0, 0, 1;
    %pushi/vec4 0, 0, 1;
    %store/vec4 v000000000132deb0_0, 0, 1;
    %pushi/vec4 0, 0, 1;
    %store/vec4 v000000000132e270_0, 0, 1;
    %pushi/vec4 0, 0, 1;
    %store/vec4 v000000000132d910_0, 0, 1;
    %delay 10, 0;
    %pushi/vec4 1, 0, 1;
    %store/vec4 v000000000132deb0_0, 0, 1;
    %delay 10, 0;
    %pushi/vec4 1, 0, 1;
    %store/vec4 v000000000132d7d0_0, 0, 1;
    %delay 10, 0;
    %pushi/vec4 0, 0, 1;
    %store/vec4 v000000000132d7d0_0, 0, 1;
    %delay 10, 0;
    %pushi/vec4 1, 0, 1;
    %store/vec4 v000000000132d7d0_0, 0, 1;
    %delay 10, 0;
    %pushi/vec4 0, 0, 1;
    %store/vec4 v000000000132d7d0_0, 0, 1;
    %pushi/vec4 0, 0, 1;
    %store/vec4 v000000000132deb0_0, 0, 1;
    %pushi/vec4 1, 0, 1;
    %store/vec4 v000000000132d910_0, 0, 1;
    %delay 10, 0;
    %pushi/vec4 1, 0, 1;
    %store/vec4 v000000000132d7d0_0, 0, 1;
    %delay 10, 0;
    %pushi/vec4 0, 0, 1;
    %store/vec4 v000000000132d7d0_0, 0, 1;
    %delay 10, 0;
    %pushi/vec4 1, 0, 1;
    %store/vec4 v000000000132d7d0_0, 0, 1;
    %delay 10, 0;
    %pushi/vec4 0, 0, 1;
    %store/vec4 v000000000132d7d0_0, 0, 1;
    %delay 10, 0;
    %pushi/vec4 1, 0, 1;
    %store/vec4 v000000000132d7d0_0, 0, 1;
    %delay 10, 0;
    %pushi/vec4 0, 0, 1;
    %store/vec4 v000000000132d7d0_0, 0, 1;
    %delay 10, 0;
    %pushi/vec4 1, 0, 1;
    %store/vec4 v000000000132d7d0_0, 0, 1;
    %delay 10, 0;
    %pushi/vec4 0, 0, 1;
    %store/vec4 v000000000132d7d0_0, 0, 1;
    %delay 10, 0;
    %pushi/vec4 1, 0, 1;
    %store/vec4 v000000000132d7d0_0, 0, 1;
    %delay 10, 0;
    %pushi/vec4 0, 0, 1;
    %store/vec4 v000000000132d7d0_0, 0, 1;
    %delay 10, 0;
    %pushi/vec4 1, 0, 1;
    %store/vec4 v000000000132d7d0_0, 0, 1;
    %delay 10, 0;
    %pushi/vec4 0, 0, 1;
    %store/vec4 v000000000132d7d0_0, 0, 1;
    %delay 10, 0;
    %pushi/vec4 1, 0, 1;
    %store/vec4 v000000000132d7d0_0, 0, 1;
    %delay 10, 0;
    %pushi/vec4 0, 0, 1;
    %store/vec4 v000000000132d7d0_0, 0, 1;
    %delay 10, 0;
    %pushi/vec4 1, 0, 1;
    %store/vec4 v000000000132d7d0_0, 0, 1;
    %delay 10, 0;
    %pushi/vec4 0, 0, 1;
    %store/vec4 v000000000132d7d0_0, 0, 1;
    %delay 10, 0;
    %pushi/vec4 1, 0, 1;
    %store/vec4 v000000000132d7d0_0, 0, 1;
    %delay 10, 0;
    %pushi/vec4 0, 0, 1;
    %store/vec4 v000000000132d7d0_0, 0, 1;
    %delay 10, 0;
    %pushi/vec4 1, 0, 1;
    %store/vec4 v000000000132d7d0_0, 0, 1;
    %delay 10, 0;
    %pushi/vec4 0, 0, 1;
    %store/vec4 v000000000132d7d0_0, 0, 1;
    %delay 10, 0;
    %pushi/vec4 0, 0, 1;
    %store/vec4 v000000000132d910_0, 0, 1;
    %pushi/vec4 1, 0, 1;
    %store/vec4 v000000000132d7d0_0, 0, 1;
    %delay 10, 0;
    %pushi/vec4 0, 0, 1;
    %store/vec4 v000000000132d7d0_0, 0, 1;
    %pushi/vec4 1, 0, 1;
    %store/vec4 v000000000132e270_0, 0, 1;
    %delay 10, 0;
    %pushi/vec4 1, 0, 1;
    %store/vec4 v000000000132d7d0_0, 0, 1;
    %delay 10, 0;
    %pushi/vec4 0, 0, 1;
    %store/vec4 v000000000132d7d0_0, 0, 1;
    %delay 10, 0;
    %pushi/vec4 1, 0, 1;
    %store/vec4 v000000000132d7d0_0, 0, 1;
    %delay 10, 0;
    %pushi/vec4 0, 0, 1;
    %store/vec4 v000000000132d7d0_0, 0, 1;
    %delay 10, 0;
    %pushi/vec4 1, 0, 1;
    %store/vec4 v000000000132d7d0_0, 0, 1;
    %delay 10, 0;
    %pushi/vec4 0, 0, 1;
    %store/vec4 v000000000132d7d0_0, 0, 1;
    %delay 10, 0;
    %pushi/vec4 1, 0, 1;
    %store/vec4 v000000000132d7d0_0, 0, 1;
    %delay 10, 0;
    %pushi/vec4 0, 0, 1;
    %store/vec4 v000000000132d7d0_0, 0, 1;
    %delay 10, 0;
    %pushi/vec4 1, 0, 1;
    %store/vec4 v000000000132d7d0_0, 0, 1;
    %delay 10, 0;
    %pushi/vec4 0, 0, 1;
    %store/vec4 v000000000132d7d0_0, 0, 1;
    %delay 10, 0;
    %pushi/vec4 1, 0, 1;
    %store/vec4 v000000000132d7d0_0, 0, 1;
    %delay 10, 0;
    %pushi/vec4 0, 0, 1;
    %store/vec4 v000000000132d7d0_0, 0, 1;
    %delay 10, 0;
    %pushi/vec4 1, 0, 1;
    %store/vec4 v000000000132d7d0_0, 0, 1;
    %delay 10, 0;
    %pushi/vec4 0, 0, 1;
    %store/vec4 v000000000132d7d0_0, 0, 1;
    %delay 10, 0;
    %pushi/vec4 1, 0, 1;
    %store/vec4 v000000000132d7d0_0, 0, 1;
    %delay 10, 0;
    %pushi/vec4 0, 0, 1;
    %store/vec4 v000000000132d7d0_0, 0, 1;
    %delay 10, 0;
    %pushi/vec4 1, 0, 1;
    %store/vec4 v000000000132d7d0_0, 0, 1;
    %delay 10, 0;
    %pushi/vec4 0, 0, 1;
    %store/vec4 v000000000132d7d0_0, 0, 1;
    %delay 10, 0;
    %pushi/vec4 1, 0, 1;
    %store/vec4 v000000000132d7d0_0, 0, 1;
    %delay 10, 0;
    %pushi/vec4 0, 0, 1;
    %store/vec4 v000000000132d7d0_0, 0, 1;
    %delay 10, 0;
    %pushi/vec4 1, 0, 1;
    %store/vec4 v000000000132d7d0_0, 0, 1;
    %delay 10, 0;
    %pushi/vec4 0, 0, 1;
    %store/vec4 v000000000132d7d0_0, 0, 1;
    %delay 10, 0;
    %pushi/vec4 1, 0, 1;
    %store/vec4 v000000000132d7d0_0, 0, 1;
    %delay 10, 0;
    %pushi/vec4 0, 0, 1;
    %store/vec4 v000000000132d7d0_0, 0, 1;
    %delay 10, 0;
    %pushi/vec4 1, 0, 1;
    %store/vec4 v000000000132d7d0_0, 0, 1;
    %delay 10, 0;
    %pushi/vec4 0, 0, 1;
    %store/vec4 v000000000132d7d0_0, 0, 1;
    %delay 10, 0;
    %pushi/vec4 1, 0, 1;
    %store/vec4 v000000000132d7d0_0, 0, 1;
    %delay 10, 0;
    %pushi/vec4 0, 0, 1;
    %store/vec4 v000000000132d7d0_0, 0, 1;
    %delay 10, 0;
    %pushi/vec4 1, 0, 1;
    %store/vec4 v000000000132d7d0_0, 0, 1;
    %delay 10, 0;
    %pushi/vec4 0, 0, 1;
    %store/vec4 v000000000132d7d0_0, 0, 1;
    %delay 10, 0;
    %pushi/vec4 1, 0, 1;
    %store/vec4 v000000000132d7d0_0, 0, 1;
    %delay 10, 0;
    %pushi/vec4 0, 0, 1;
    %store/vec4 v000000000132d7d0_0, 0, 1;
    %delay 10, 0;
    %pushi/vec4 1, 0, 1;
    %store/vec4 v000000000132d7d0_0, 0, 1;
    %delay 10, 0;
    %pushi/vec4 0, 0, 1;
    %store/vec4 v000000000132d7d0_0, 0, 1;
    %delay 10, 0;
    %pushi/vec4 1, 0, 1;
    %store/vec4 v000000000132d7d0_0, 0, 1;
    %delay 10, 0;
    %pushi/vec4 0, 0, 1;
    %store/vec4 v000000000132d7d0_0, 0, 1;
    %delay 10, 0;
    %pushi/vec4 1, 0, 1;
    %store/vec4 v000000000132d7d0_0, 0, 1;
    %delay 10, 0;
    %pushi/vec4 0, 0, 1;
    %store/vec4 v000000000132d7d0_0, 0, 1;
    %delay 10, 0;
    %pushi/vec4 1, 0, 1;
    %store/vec4 v000000000132d7d0_0, 0, 1;
    %delay 10, 0;
    %pushi/vec4 0, 0, 1;
    %store/vec4 v000000000132d7d0_0, 0, 1;
    %delay 10, 0;
    %pushi/vec4 1, 0, 1;
    %store/vec4 v000000000132d7d0_0, 0, 1;
    %delay 10, 0;
    %pushi/vec4 0, 0, 1;
    %store/vec4 v000000000132d7d0_0, 0, 1;
    %delay 10, 0;
    %pushi/vec4 1, 0, 1;
    %store/vec4 v000000000132d7d0_0, 0, 1;
    %delay 10, 0;
    %pushi/vec4 0, 0, 1;
    %store/vec4 v000000000132d7d0_0, 0, 1;
    %delay 10, 0;
    %pushi/vec4 1, 0, 1;
    %store/vec4 v000000000132d7d0_0, 0, 1;
    %delay 10, 0;
    %pushi/vec4 0, 0, 1;
    %store/vec4 v000000000132d7d0_0, 0, 1;
    %delay 10, 0;
    %pushi/vec4 1, 0, 1;
    %store/vec4 v000000000132d7d0_0, 0, 1;
    %delay 10, 0;
    %pushi/vec4 0, 0, 1;
    %store/vec4 v000000000132d7d0_0, 0, 1;
    %delay 10, 0;
    %pushi/vec4 1, 0, 1;
    %store/vec4 v000000000132d7d0_0, 0, 1;
    %delay 10, 0;
    %pushi/vec4 0, 0, 1;
    %store/vec4 v000000000132d7d0_0, 0, 1;
    %delay 10, 0;
    %pushi/vec4 1, 0, 1;
    %store/vec4 v000000000132d7d0_0, 0, 1;
    %delay 10, 0;
    %pushi/vec4 0, 0, 1;
    %store/vec4 v000000000132d7d0_0, 0, 1;
    %delay 10, 0;
    %pushi/vec4 1, 0, 1;
    %store/vec4 v000000000132d7d0_0, 0, 1;
    %delay 10, 0;
    %pushi/vec4 0, 0, 1;
    %store/vec4 v000000000132d7d0_0, 0, 1;
    %delay 10, 0;
    %pushi/vec4 1, 0, 1;
    %store/vec4 v000000000132d7d0_0, 0, 1;
    %delay 10, 0;
    %pushi/vec4 0, 0, 1;
    %store/vec4 v000000000132d7d0_0, 0, 1;
    %delay 10, 0;
    %pushi/vec4 1, 0, 1;
    %store/vec4 v000000000132d7d0_0, 0, 1;
    %delay 10, 0;
    %pushi/vec4 0, 0, 1;
    %store/vec4 v000000000132d7d0_0, 0, 1;
    %delay 10, 0;
    %pushi/vec4 1, 0, 1;
    %store/vec4 v000000000132d7d0_0, 0, 1;
    %delay 10, 0;
    %pushi/vec4 0, 0, 1;
    %store/vec4 v000000000132d7d0_0, 0, 1;
    %delay 10, 0;
    %pushi/vec4 1, 0, 1;
    %store/vec4 v000000000132d7d0_0, 0, 1;
    %delay 10, 0;
    %pushi/vec4 0, 0, 1;
    %store/vec4 v000000000132d7d0_0, 0, 1;
    %delay 10, 0;
    %pushi/vec4 1, 0, 1;
    %store/vec4 v000000000132d7d0_0, 0, 1;
    %delay 10, 0;
    %pushi/vec4 0, 0, 1;
    %store/vec4 v000000000132d7d0_0, 0, 1;
    %delay 10, 0;
    %pushi/vec4 1, 0, 1;
    %store/vec4 v000000000132d7d0_0, 0, 1;
    %delay 10, 0;
    %pushi/vec4 0, 0, 1;
    %store/vec4 v000000000132d7d0_0, 0, 1;
    %delay 10, 0;
    %pushi/vec4 1, 0, 1;
    %store/vec4 v000000000132d7d0_0, 0, 1;
    %delay 10, 0;
    %pushi/vec4 0, 0, 1;
    %store/vec4 v000000000132d7d0_0, 0, 1;
    %delay 10, 0;
    %pushi/vec4 1, 0, 1;
    %store/vec4 v000000000132d7d0_0, 0, 1;
    %delay 10, 0;
    %pushi/vec4 0, 0, 1;
    %store/vec4 v000000000132d7d0_0, 0, 1;
    %delay 10, 0;
    %pushi/vec4 1, 0, 1;
    %store/vec4 v000000000132d7d0_0, 0, 1;
    %delay 10, 0;
    %pushi/vec4 0, 0, 1;
    %store/vec4 v000000000132d7d0_0, 0, 1;
    %delay 10, 0;
    %pushi/vec4 1, 0, 1;
    %store/vec4 v000000000132d7d0_0, 0, 1;
    %delay 10, 0;
    %pushi/vec4 0, 0, 1;
    %store/vec4 v000000000132d7d0_0, 0, 1;
    %delay 10, 0;
    %pushi/vec4 1, 0, 1;
    %store/vec4 v000000000132d7d0_0, 0, 1;
    %delay 10, 0;
    %pushi/vec4 0, 0, 1;
    %store/vec4 v000000000132d7d0_0, 0, 1;
    %delay 10, 0;
    %pushi/vec4 1, 0, 1;
    %store/vec4 v000000000132d7d0_0, 0, 1;
    %delay 10, 0;
    %pushi/vec4 0, 0, 1;
    %store/vec4 v000000000132d7d0_0, 0, 1;
    %delay 10, 0;
    %pushi/vec4 1, 0, 1;
    %store/vec4 v000000000132d7d0_0, 0, 1;
    %delay 10, 0;
    %pushi/vec4 0, 0, 1;
    %store/vec4 v000000000132d7d0_0, 0, 1;
    %delay 10, 0;
    %pushi/vec4 1, 0, 1;
    %store/vec4 v000000000132d7d0_0, 0, 1;
    %delay 10, 0;
    %pushi/vec4 0, 0, 1;
    %store/vec4 v000000000132d7d0_0, 0, 1;
    %delay 10, 0;
    %vpi_call 2 521 "$finish" {0 0 0};
    %end;
    .thread T_32;
    .scope S_0000000000bdd810;
T_33 ;
    %vpi_call 2 526 "$dumpfile", "nn.vcd" {0 0 0};
    %vpi_call 2 527 "$dumpvars", 32'sb00000000000000000000000000000000, S_0000000000bdd810 {0 0 0};
    %end;
    .thread T_33;
    .scope S_0000000000bdd810;
T_34 ;
    %wait E_00000000012ac450;
    %load/vec4 v000000000132c650_0;
    %pad/u 3;
    %ix/vec4 4;
    %load/vec4a v000000000132e450, 4;
    %assign/vec4 v000000000132c790_0, 0;
    %jmp T_34;
    .thread T_34;
    .scope S_0000000000bdd810;
T_35 ;
    %wait E_00000000012ac450;
    %load/vec4 v000000000132d9b0_0;
    %pad/u 3;
    %ix/vec4 4;
    %load/vec4a v000000000132d4b0, 4;
    %assign/vec4 v000000000132c150_0, 0;
    %load/vec4 v000000000132de10_0;
    %flag_set/vec4 8;
    %jmp/0xz  T_35.0, 8;
    %load/vec4 v000000000132da50_0;
    %load/vec4 v000000000132c8d0_0;
    %pad/u 3;
    %ix/vec4 3;
    %ix/load 4, 0, 0; Constant delay
    %assign/vec4/a/d v000000000132d4b0, 0, 4;
T_35.0 ;
    %jmp T_35;
    .thread T_35;
    .scope S_0000000000bdd810;
T_36 ;
    %pushi/vec4 16, 0, 8;
    %ix/load 4, 0, 0;
    %flag_set/imm 4, 0;
    %store/vec4a v000000000132e450, 4, 0;
    %pushi/vec4 16, 0, 8;
    %ix/load 4, 1, 0;
    %flag_set/imm 4, 0;
    %store/vec4a v000000000132e450, 4, 0;
    %end;
    .thread T_36;
# The file index is used to find the file name in the following table.
:file_names 17;
    "N/A";
    "<interactive>";
    "bench.v";
    "_____00003aT0_00003a_00003aneural__network_00003aT0.v";
    "_____00003aT0_00003a_00003aneural__network_00003aT0_00003a_00003alayer0_00003aT0.v";
    "_____00003aT0_00003a_00003aneural__network_00003aT0_00003a_00003alayer0_00003aT0_00003a_00003acounter_00003aT1.v";
    "_____00003aT0_00003a_00003aneural__network_00003aT0_00003a_00003alayer0_00003aT0_00003a_00003afunc0_00003aT1.v";
    "_____00003aT0_00003a_00003aneural__network_00003aT0_00003a_00003alayer0_00003aT0_00003a_00003afunc0_00003aT1_00003a_00003amy__interpolator_00003aT2.v";
    "_____00003aT0_00003a_00003aneural__network_00003aT0_00003a_00003alayer0_00003aT0_00003a_00003afunc0_00003aT1_00003a_00003amy__lut_00003aT2.v";
    "_____00003aT0_00003a_00003aneural__network_00003aT0_00003a_00003alayer0_00003aT0_00003a_00003afunc1_00003aT0.v";
    "_____00003aT0_00003a_00003aneural__network_00003aT0_00003a_00003alayer0_00003aT0_00003a_00003afunc1_00003aT0_00003a_00003amy__interpolator_00003aT00.v";
    "_____00003aT0_00003a_00003aneural__network_00003aT0_00003a_00003alayer0_00003aT0_00003a_00003afunc1_00003aT0_00003a_00003amy__lut_00003aT00.v";
    "_____00003aT0_00003a_00003aneural__network_00003aT0_00003a_00003alayer1_00003aT0.v";
    "_____00003aT0_00003a_00003aneural__network_00003aT0_00003a_00003alayer1_00003aT0_00003a_00003acounter_00003aT00.v";
    "_____00003aT0_00003a_00003aneural__network_00003aT0_00003a_00003alayer1_00003aT0_00003a_00003afunc0_00003aT00.v";
    "_____00003aT0_00003a_00003aneural__network_00003aT0_00003a_00003alayer1_00003aT0_00003a_00003afunc0_00003aT00_00003a_00003amy__interpolator_00003aT10.v";
    "_____00003aT0_00003a_00003aneural__network_00003aT0_00003a_00003alayer1_00003aT0_00003a_00003afunc0_00003aT00_00003a_00003amy__lut_00003aT10.v";
