#! /usr/local/iverilog/bin/vvp
:ivl_version "11.0 (devel)" "(s20150603-642-g3bdb50da)";
:ivl_delay_selection "TYPICAL";
:vpi_time_precision - 12;
:vpi_module "system";
:vpi_module "vhdl_sys";
:vpi_module "vhdl_textio";
:vpi_module "v2005_math";
:vpi_module "va_math";
S_0000000001199030 .scope module, "_____00003aT0" "_____00003aT0" 2 3;
 .timescale -12 -12;
L_0000000001199f30 .functor BUFZ 2, L_0000000001199e50, C4<00>, C4<00>, C4<00>;
v0000000001199a90_0 .net "_00005e_0000600", 1 0, v0000000001199bd0_0;  1 drivers
v0000000001199b30_0 .net "_00005e_0000601", 1 0, L_0000000001199e50;  1 drivers
v0000000001199bd0_0 .var "addr", 1 0;
v0000000001199c70_0 .net "data", 1 0, L_0000000001199f30;  1 drivers
S_00000000011991c0 .scope module, "my__table" "_____00003aT0_00003a_00003amy__table_00003aT0" 2 9, 3 3 0, S_0000000001199030;
 .timescale -12 -12;
    .port_info 0 /INPUT 2 "addr";
    .port_info 1 /OUTPUT 2 "data";
L_0000000001199e50 .functor BUFZ 2, L_0000000001199d10, C4<00>, C4<00>, C4<00>;
v000000000119b140_0 .net *"_s0", 1 0, L_0000000001199d10;  1 drivers
v000000000119b1e0_0 .net *"_s2", 3 0, L_0000000001199db0;  1 drivers
L_00000000008b9848 .functor BUFT 1, C4<00>, C4<0>, C4<0>, C4<0>;
v000000000119b280_0 .net *"_s5", 1 0, L_00000000008b9848;  1 drivers
v000000000119b320_0 .net "addr", 1 0, v0000000001199bd0_0;  alias, 1 drivers
v000000000119b3c0 .array "content", 0 3, 1 0;
v000000000119b460_0 .net "data", 1 0, L_0000000001199e50;  alias, 1 drivers
L_0000000001199d10 .array/port v000000000119b3c0, L_0000000001199db0;
L_0000000001199db0 .concat [ 2 2 0 0], v0000000001199bd0_0, L_00000000008b9848;
    .scope S_00000000011991c0;
T_0 ;
    %pushi/vec4 0, 0, 2;
    %ix/load 4, 0, 0;
    %flag_set/imm 4, 0;
    %store/vec4a v000000000119b3c0, 4, 0;
    %pushi/vec4 1, 0, 2;
    %ix/load 4, 1, 0;
    %flag_set/imm 4, 0;
    %store/vec4a v000000000119b3c0, 4, 0;
    %pushi/vec4 2, 0, 2;
    %ix/load 4, 2, 0;
    %flag_set/imm 4, 0;
    %store/vec4a v000000000119b3c0, 4, 0;
    %pushi/vec4 3, 0, 2;
    %ix/load 4, 3, 0;
    %flag_set/imm 4, 0;
    %store/vec4a v000000000119b3c0, 4, 0;
    %end;
    .thread T_0;
    .scope S_0000000001199030;
T_1 ;
    %pushi/vec4 0, 0, 2;
    %store/vec4 v0000000001199bd0_0, 0, 2;
    %delay 10000, 0;
    %pushi/vec4 1, 0, 2;
    %store/vec4 v0000000001199bd0_0, 0, 2;
    %vpi_call 2 22 "$finish" {0 0 0};
    %end;
    .thread T_1;
    .scope S_0000000001199030;
T_2 ;
    %vpi_call 2 26 "$monitor", "addr=%d, data=%d", v0000000001199bd0_0, v0000000001199c70_0 {0 0 0};
    %vpi_call 2 27 "$dumpfile", "rom.vcd" {0 0 0};
    %vpi_call 2 28 "$dumpvars", 32'sb00000000000000000000000000000000, S_0000000001199030 {0 0 0};
    %end;
    .thread T_2;
# The file index is used to find the file name in the following table.
:file_names 4;
    "N/A";
    "<interactive>";
    "rom.v";
    "_____00003aT0_00003a_00003amy__table_00003aT0.v";
