#! /usr/local/iverilog/bin/vvp
:ivl_version "11.0 (devel)" "(s20150603-642-g3bdb50da)";
:ivl_delay_selection "TYPICAL";
:vpi_time_precision - 12;
:vpi_module "system";
:vpi_module "vhdl_sys";
:vpi_module "vhdl_textio";
:vpi_module "v2005_math";
:vpi_module "va_math";
S_00000000001fec10 .scope module, "_____00003aT0" "_____00003aT0" 2 3;
 .timescale -12 -12;
v00000000001feda0 .array "x", 0 3, 3 0;
v00000000001fee40 .array "y", 0 3, 3 0;
v00000000001feee0 .array "z", 0 3, 3 0;
    .scope S_00000000001fec10;
T_0 ;
    %pushi/vec4 3, 0, 4;
    %ix/load 4, 0, 0;
    %flag_set/imm 4, 0;
    %store/vec4a v00000000001feda0, 4, 0;
    %pushi/vec4 4, 0, 4;
    %ix/load 4, 0, 0;
    %flag_set/imm 4, 0;
    %store/vec4a v00000000001fee40, 4, 0;
    %delay 10000, 0;
    %ix/load 4, 0, 0;
    %flag_set/imm 4, 0;
    %load/vec4a v00000000001feda0, 4;
    %ix/load 4, 0, 0;
    %flag_set/imm 4, 0;
    %load/vec4a v00000000001fee40, 4;
    %add;
    %ix/load 4, 0, 0;
    %flag_set/imm 4, 0;
    %store/vec4a v00000000001feee0, 4, 0;
    %delay 10000, 0;
    %ix/load 4, 0, 0;
    %flag_set/imm 4, 0;
    %load/vec4a v00000000001feda0, 4;
    %ix/load 4, 0, 0;
    %flag_set/imm 4, 0;
    %load/vec4a v00000000001fee40, 4;
    %mul;
    %ix/load 4, 0, 0;
    %flag_set/imm 4, 0;
    %store/vec4a v00000000001feee0, 4, 0;
    %delay 10000, 0;
    %ix/load 4, 0, 0;
    %flag_set/imm 4, 0;
    %load/vec4a v00000000001feee0, 4;
    %ix/load 4, 0, 0;
    %flag_set/imm 4, 0;
    %load/vec4a v00000000001feda0, 4;
    %div;
    %ix/load 4, 0, 0;
    %flag_set/imm 4, 0;
    %store/vec4a v00000000001feee0, 4, 0;
    %delay 10000, 0;
    %vpi_call 2 28 "$finish" {0 0 0};
    %end;
    .thread T_0;
    .scope S_00000000001fec10;
T_1 ;
    %vpi_call 2 33 "$dumpfile", "fp.vcd" {0 0 0};
    %vpi_call 2 34 "$dumpvars", 32'sb00000000000000000000000000000000, S_00000000001fec10 {0 0 0};
    %end;
    .thread T_1;
# The file index is used to find the file name in the following table.
:file_names 3;
    "N/A";
    "<interactive>";
    "with_fixpoint.v";
