#! /usr/local/iverilog/bin/vvp
:ivl_version "11.0 (devel)" "(s20150603-642-g3bdb50da)";
:ivl_delay_selection "TYPICAL";
:vpi_time_precision - 12;
:vpi_module "system";
:vpi_module "vhdl_sys";
:vpi_module "vhdl_textio";
:vpi_module "v2005_math";
:vpi_module "va_math";
S_0000000001199aa0 .scope module, "_____00003aT0" "_____00003aT0" 2 3;
 .timescale -12 -12;
L_000000000119b970 .functor BUFZ 1, v000000000119b790_0, C4<0>, C4<0>, C4<0>;
L_00000000008c8850 .functor BUFZ 1, v000000000119b8d0_0, C4<0>, C4<0>, C4<0>;
L_00000000008c88c0 .functor BUFZ 1, v000000000119ad00_0, C4<0>, C4<0>, C4<0>;
v000000000119c6f0_0 .net "_00005e_0000600", 0 0, L_000000000119b970;  1 drivers
v000000000119c790_0 .net "_00005e_0000601", 0 0, L_00000000008c8850;  1 drivers
v000000000119b6f0_0 .net "_00005e_0000602", 0 0, v000000000119ad00_0;  1 drivers
v000000000119b790_0 .var "ack", 0 0;
v000000000119b830_0 .net "ack__mac", 0 0, L_00000000008c88c0;  1 drivers
v000000000119b8d0_0 .var "rst", 0 0;
S_000000000119c420 .scope module, "my__cnt" "_____00003aT0_00003a_00003amy__cnt_00003aT0" 2 11, 3 3 0, S_0000000001199aa0;
 .timescale -12 -12;
    .port_info 0 /INPUT 1 "ack";
    .port_info 1 /INPUT 1 "rst";
    .port_info 2 /OUTPUT 1 "ack__mac";
v0000000001199c30_0 .net "ack", 0 0, L_000000000119b970;  alias, 1 drivers
v000000000119ad00_0 .var "ack__mac", 0 0;
v000000000119c5b0_0 .var "q", 1 0;
v000000000119c650_0 .net "rst", 0 0, L_00000000008c8850;  alias, 1 drivers
E_0000000000864fb0 .event edge, v000000000119c5b0_0;
E_00000000008648b0 .event negedge, v0000000001199c30_0;
E_00000000008647b0 .event posedge, v0000000001199c30_0;
E_00000000008647f0 .event posedge, v000000000119c650_0;
    .scope S_000000000119c420;
T_0 ;
    %wait E_00000000008647f0;
    %pushi/vec4 0, 0, 2;
    %assign/vec4 v000000000119c5b0_0, 0;
    %pushi/vec4 0, 0, 1;
    %assign/vec4 v000000000119ad00_0, 0;
    %jmp T_0;
    .thread T_0;
    .scope S_000000000119c420;
T_1 ;
    %wait E_00000000008647b0;
    %load/vec4 v000000000119c5b0_0;
    %pad/u 32;
    %addi 1, 0, 32;
    %pad/u 2;
    %assign/vec4 v000000000119c5b0_0, 0;
    %jmp T_1;
    .thread T_1;
    .scope S_000000000119c420;
T_2 ;
    %wait E_00000000008648b0;
    %load/vec4 v000000000119c5b0_0;
    %pad/u 32;
    %cmpi/e 2, 0, 32;
    %jmp/0xz  T_2.0, 4;
    %pushi/vec4 0, 0, 2;
    %assign/vec4 v000000000119c5b0_0, 0;
T_2.0 ;
    %jmp T_2;
    .thread T_2;
    .scope S_000000000119c420;
T_3 ;
    %wait E_0000000000864fb0;
    %load/vec4 v000000000119c5b0_0;
    %pad/u 32;
    %cmpi/e 2, 0, 32;
    %jmp/0xz  T_3.0, 4;
    %pushi/vec4 1, 0, 1;
    %assign/vec4 v000000000119ad00_0, 0;
    %jmp T_3.1;
T_3.0 ;
    %pushi/vec4 0, 0, 1;
    %assign/vec4 v000000000119ad00_0, 0;
T_3.1 ;
    %jmp T_3;
    .thread T_3, $push;
    .scope S_0000000001199aa0;
T_4 ;
    %pushi/vec4 0, 0, 1;
    %store/vec4 v000000000119b8d0_0, 0, 1;
    %pushi/vec4 0, 0, 1;
    %store/vec4 v000000000119b790_0, 0, 1;
    %delay 5, 0;
    %pushi/vec4 1, 0, 1;
    %store/vec4 v000000000119b8d0_0, 0, 1;
    %delay 5, 0;
    %pushi/vec4 1, 0, 1;
    %store/vec4 v000000000119b790_0, 0, 1;
    %delay 5, 0;
    %pushi/vec4 0, 0, 1;
    %store/vec4 v000000000119b790_0, 0, 1;
    %delay 5, 0;
    %pushi/vec4 1, 0, 1;
    %store/vec4 v000000000119b790_0, 0, 1;
    %delay 5, 0;
    %pushi/vec4 0, 0, 1;
    %store/vec4 v000000000119b790_0, 0, 1;
    %delay 5, 0;
    %pushi/vec4 1, 0, 1;
    %store/vec4 v000000000119b790_0, 0, 1;
    %delay 5, 0;
    %pushi/vec4 0, 0, 1;
    %store/vec4 v000000000119b790_0, 0, 1;
    %delay 5, 0;
    %pushi/vec4 1, 0, 1;
    %store/vec4 v000000000119b790_0, 0, 1;
    %delay 5, 0;
    %pushi/vec4 0, 0, 1;
    %store/vec4 v000000000119b790_0, 0, 1;
    %delay 5, 0;
    %pushi/vec4 1, 0, 1;
    %store/vec4 v000000000119b790_0, 0, 1;
    %delay 5, 0;
    %pushi/vec4 0, 0, 1;
    %store/vec4 v000000000119b790_0, 0, 1;
    %delay 5, 0;
    %pushi/vec4 1, 0, 1;
    %store/vec4 v000000000119b790_0, 0, 1;
    %delay 5, 0;
    %pushi/vec4 0, 0, 1;
    %store/vec4 v000000000119b790_0, 0, 1;
    %delay 5, 0;
    %pushi/vec4 1, 0, 1;
    %store/vec4 v000000000119b790_0, 0, 1;
    %delay 5, 0;
    %pushi/vec4 0, 0, 1;
    %store/vec4 v000000000119b790_0, 0, 1;
    %delay 5, 0;
    %pushi/vec4 1, 0, 1;
    %store/vec4 v000000000119b790_0, 0, 1;
    %delay 5, 0;
    %pushi/vec4 0, 0, 1;
    %store/vec4 v000000000119b790_0, 0, 1;
    %delay 5, 0;
    %pushi/vec4 1, 0, 1;
    %store/vec4 v000000000119b790_0, 0, 1;
    %delay 5, 0;
    %pushi/vec4 0, 0, 1;
    %store/vec4 v000000000119b790_0, 0, 1;
    %delay 5, 0;
    %pushi/vec4 1, 0, 1;
    %store/vec4 v000000000119b790_0, 0, 1;
    %delay 5, 0;
    %pushi/vec4 0, 0, 1;
    %store/vec4 v000000000119b790_0, 0, 1;
    %delay 5, 0;
    %vpi_call 2 110 "$finish" {0 0 0};
    %end;
    .thread T_4;
    .scope S_0000000001199aa0;
T_5 ;
    %vpi_call 2 114 "$dumpfile", "mac.vcd" {0 0 0};
    %vpi_call 2 115 "$dumpvars", 32'sb00000000000000000000000000000000, S_0000000001199aa0 {0 0 0};
    %end;
    .thread T_5;
# The file index is used to find the file name in the following table.
:file_names 4;
    "N/A";
    "<interactive>";
    "mac_counter.v";
    "_____00003aT0_00003a_00003amy__cnt_00003aT0.v";
